{"meta": {"format": 3, "version": "7.10.7", "timestamp": "2025-10-24T13:20:24.239131", "branch_coverage": false, "show_contexts": false}, "files": {"apps\\backend\\app\\__init__.py": {"executed_lines": [0], "summary": {"covered_lines": 0, "num_statements": 0, "percent_covered": 100.0, "percent_covered_display": "100", "missing_lines": 0, "excluded_lines": 0}, "missing_lines": [], "excluded_lines": [], "functions": {"": {"executed_lines": [], "summary": {"covered_lines": 0, "num_statements": 0, "percent_covered": 100.0, "percent_covered_display": "100", "missing_lines": 0, "excluded_lines": 0}, "missing_lines": [], "excluded_lines": []}}, "classes": {"": {"executed_lines": [], "summary": {"covered_lines": 0, "num_statements": 0, "percent_covered": 100.0, "percent_covered_display": "100", "missing_lines": 0, "excluded_lines": 0}, "missing_lines": [], "excluded_lines": []}}}, "apps\\backend\\app\\analytics\\cross_database_compatibility.py": {"executed_lines": [1, 6, 7, 8, 10, 11, 12, 13, 14, 16, 19, 20, 22, 23, 25, 26, 39, 40, 42, 47, 63, 78, 104, 124, 138, 154, 155, 157, 163, 216, 302, 366, 431, 465, 499, 509, 522, 523, 525, 529, 582, 616, 619, 626, 634], "summary": {"covered_lines": 40, "num_statements": 236, "percent_covered": 16.949152542372882, "percent_covered_display": "17", "missing_lines": 196, "excluded_lines": 0}, "missing_lines": [28, 30, 31, 32, 33, 35, 36, 43, 44, 45, 50, 52, 54, 56, 60, 61, 66, 68, 70, 72, 73, 76, 81, 83, 85, 87, 95, 96, 98, 99, 102, 111, 113, 115, 117, 121, 122, 127, 129, 131, 133, 136, 141, 143, 145, 147, 148, 151, 158, 159, 160, 161, 166, 168, 171, 172, 186, 187, 201, 203, 212, 213, 214, 219, 220, 223, 238, 240, 250, 251, 252, 254, 255, 256, 257, 260, 261, 267, 268, 269, 272, 273, 279, 280, 281, 284, 285, 286, 289, 290, 291, 292, 296, 298, 299, 300, 305, 306, 309, 325, 327, 328, 329, 331, 332, 339, 350, 351, 353, 362, 363, 364, 369, 370, 373, 374, 383, 390, 392, 393, 394, 397, 408, 410, 411, 418, 425, 426, 427, 433, 435, 436, 438, 450, 452, 461, 462, 463, 467, 469, 470, 472, 480, 482, 495, 496, 497, 501, 503, 511, 513, 526, 527, 532, 535, 536, 537, 538, 539, 540, 543, 544, 545, 549, 550, 551, 552, 553, 556, 557, 558, 562, 565, 566, 567, 568, 571, 572, 575, 576, 577, 578, 580, 585, 587, 595, 597, 598, 602, 603, 607, 622, 623, 628, 629, 630], "excluded_lines": [], "functions": {"DatabaseDialect.detect_dialect": {"executed_lines": [], "summary": {"covered_lines": 0, "num_statements": 7, "percent_covered": 0.0, "percent_covered_display": "0", "missing_lines": 7, "excluded_lines": 0}, "missing_lines": [28, 30, 31, 32, 33, 35, 36], "excluded_lines": []}, "CrossDatabaseQuery.__init__": {"executed_lines": [], "summary": {"covered_lines": 0, "num_statements": 3, "percent_covered": 0.0, "percent_covered_display": "0", "missing_lines": 3, "excluded_lines": 0}, "missing_lines": [43, 44, 45], "excluded_lines": []}, "CrossDatabaseQuery.json_extract": {"executed_lines": [], "summary": {"covered_lines": 0, "num_statements": 6, "percent_covered": 0.0, "percent_covered_display": "0", "missing_lines": 6, "excluded_lines": 0}, "missing_lines": [50, 52, 54, 56, 60, 61], "excluded_lines": []}, "CrossDatabaseQuery.json_object_keys": {"executed_lines": [], "summary": {"covered_lines": 0, "num_statements": 6, "percent_covered": 0.0, "percent_covered_display": "0", "missing_lines": 6, "excluded_lines": 0}, "missing_lines": [66, 68, 70, 72, 73, 76], "excluded_lines": []}, "CrossDatabaseQuery.date_trunc": {"executed_lines": [], "summary": {"covered_lines": 0, "num_statements": 9, "percent_covered": 0.0, "percent_covered_display": "0", "missing_lines": 9, "excluded_lines": 0}, "missing_lines": [81, 83, 85, 87, 95, 96, 98, 99, 102], "excluded_lines": []}, "CrossDatabaseQuery.window_function_row_number": {"executed_lines": [], "summary": {"covered_lines": 0, "num_statements": 6, "percent_covered": 0.0, "percent_covered_display": "0", "missing_lines": 6, "excluded_lines": 0}, "missing_lines": [111, 113, 115, 117, 121, 122], "excluded_lines": []}, "CrossDatabaseQuery.aggregate_array": {"executed_lines": [], "summary": {"covered_lines": 0, "num_statements": 5, "percent_covered": 0.0, "percent_covered_display": "0", "missing_lines": 5, "excluded_lines": 0}, "missing_lines": [127, 129, 131, 133, 136], "excluded_lines": []}, "CrossDatabaseQuery.regex_match": {"executed_lines": [], "summary": {"covered_lines": 0, "num_statements": 6, "percent_covered": 0.0, "percent_covered_display": "0", "missing_lines": 6, "excluded_lines": 0}, "missing_lines": [141, 143, 145, 147, 148, 151], "excluded_lines": []}, "AnalyticsQueryBuilder.__init__": {"executed_lines": [], "summary": {"covered_lines": 0, "num_statements": 4, "percent_covered": 0.0, "percent_covered_display": "0", "missing_lines": 4, "excluded_lines": 0}, "missing_lines": [158, 159, 160, 161], "excluded_lines": []}, "AnalyticsQueryBuilder.user_activity_by_hour": {"executed_lines": [], "summary": {"covered_lines": 0, "num_statements": 11, "percent_covered": 0.0, "percent_covered_display": "0", "missing_lines": 11, "excluded_lines": 0}, "missing_lines": [166, 168, 171, 172, 186, 187, 201, 203, 212, 213, 214], "excluded_lines": []}, "AnalyticsQueryBuilder.notification_analytics": {"executed_lines": [], "summary": {"covered_lines": 0, "num_statements": 33, "percent_covered": 0.0, "percent_covered_display": "0", "missing_lines": 33, "excluded_lines": 0}, "missing_lines": [219, 220, 223, 238, 240, 250, 251, 252, 254, 255, 256, 257, 260, 261, 267, 268, 269, 272, 273, 279, 280, 281, 284, 285, 286, 289, 290, 291, 292, 296, 298, 299, 300], "excluded_lines": []}, "AnalyticsQueryBuilder.user_engagement_metrics": {"executed_lines": [], "summary": {"covered_lines": 0, "num_statements": 16, "percent_covered": 0.0, "percent_covered_display": "0", "missing_lines": 16, "excluded_lines": 0}, "missing_lines": [305, 306, 309, 325, 327, 328, 329, 331, 332, 339, 350, 351, 353, 362, 363, 364], "excluded_lines": []}, "AnalyticsQueryBuilder.message_analytics": {"executed_lines": [], "summary": {"covered_lines": 0, "num_statements": 17, "percent_covered": 0.0, "percent_covered_display": "0", "missing_lines": 17, "excluded_lines": 0}, "missing_lines": [369, 370, 373, 374, 383, 390, 392, 393, 394, 397, 408, 410, 411, 418, 425, 426, 427], "excluded_lines": []}, "AnalyticsQueryBuilder._fallback_user_activity": {"executed_lines": [], "summary": {"covered_lines": 0, "num_statements": 9, "percent_covered": 0.0, "percent_covered_display": "0", "missing_lines": 9, "excluded_lines": 0}, "missing_lines": [433, 435, 436, 438, 450, 452, 461, 462, 463], "excluded_lines": []}, "AnalyticsQueryBuilder._fallback_notification_analytics": {"executed_lines": [], "summary": {"covered_lines": 0, "num_statements": 9, "percent_covered": 0.0, "percent_covered_display": "0", "missing_lines": 9, "excluded_lines": 0}, "missing_lines": [467, 469, 470, 472, 480, 482, 495, 496, 497], "excluded_lines": []}, "AnalyticsQueryBuilder._fallback_user_engagement": {"executed_lines": [], "summary": {"covered_lines": 0, "num_statements": 2, "percent_covered": 0.0, "percent_covered_display": "0", "missing_lines": 2, "excluded_lines": 0}, "missing_lines": [501, 503], "excluded_lines": []}, "AnalyticsQueryBuilder._fallback_message_analytics": {"executed_lines": [], "summary": {"covered_lines": 0, "num_statements": 2, "percent_covered": 0.0, "percent_covered_display": "0", "missing_lines": 2, "excluded_lines": 0}, "missing_lines": [511, 513], "excluded_lines": []}, "CompatibilityTester.__init__": {"executed_lines": [], "summary": {"covered_lines": 0, "num_statements": 2, "percent_covered": 0.0, "percent_covered_display": "0", "missing_lines": 2, "excluded_lines": 0}, "missing_lines": [526, 527], "excluded_lines": []}, "CompatibilityTester.test_basic_queries": {"executed_lines": [], "summary": {"covered_lines": 0, "num_statements": 30, "percent_covered": 0.0, "percent_covered_display": "0", "missing_lines": 30, "excluded_lines": 0}, "missing_lines": [532, 535, 536, 537, 538, 539, 540, 543, 544, 545, 549, 550, 551, 552, 553, 556, 557, 558, 562, 565, 566, 567, 568, 571, 572, 575, 576, 577, 578, 580], "excluded_lines": []}, "CompatibilityTester.get_compatibility_report": {"executed_lines": [], "summary": {"covered_lines": 0, "num_statements": 8, "percent_covered": 0.0, "percent_covered_display": "0", "missing_lines": 8, "excluded_lines": 0}, "missing_lines": [585, 587, 595, 597, 598, 602, 603, 607], "excluded_lines": []}, "initialize_analytics": {"executed_lines": [], "summary": {"covered_lines": 0, "num_statements": 2, "percent_covered": 0.0, "percent_covered_display": "0", "missing_lines": 2, "excluded_lines": 0}, "missing_lines": [622, 623], "excluded_lines": []}, "get_analytics": {"executed_lines": [], "summary": {"covered_lines": 0, "num_statements": 3, "percent_covered": 0.0, "percent_covered_display": "0", "missing_lines": 3, "excluded_lines": 0}, "missing_lines": [628, 629, 630], "excluded_lines": []}, "": {"executed_lines": [1, 6, 7, 8, 10, 11, 12, 13, 14, 16, 19, 20, 22, 23, 25, 26, 39, 40, 42, 47, 63, 78, 104, 124, 138, 154, 155, 157, 163, 216, 302, 366, 431, 465, 499, 509, 522, 523, 525, 529, 582, 616, 619, 626, 634], "summary": {"covered_lines": 40, "num_statements": 40, "percent_covered": 100.0, "percent_covered_display": "100", "missing_lines": 0, "excluded_lines": 0}, "missing_lines": [], "excluded_lines": []}}, "classes": {"DatabaseDialect": {"executed_lines": [], "summary": {"covered_lines": 0, "num_statements": 7, "percent_covered": 0.0, "percent_covered_display": "0", "missing_lines": 7, "excluded_lines": 0}, "missing_lines": [28, 30, 31, 32, 33, 35, 36], "excluded_lines": []}, "CrossDatabaseQuery": {"executed_lines": [], "summary": {"covered_lines": 0, "num_statements": 41, "percent_covered": 0.0, "percent_covered_display": "0", "missing_lines": 41, "excluded_lines": 0}, "missing_lines": [43, 44, 45, 50, 52, 54, 56, 60, 61, 66, 68, 70, 72, 73, 76, 81, 83, 85, 87, 95, 96, 98, 99, 102, 111, 113, 115, 117, 121, 122, 127, 129, 131, 133, 136, 141, 143, 145, 147, 148, 151], "excluded_lines": []}, "AnalyticsQueryBuilder": {"executed_lines": [], "summary": {"covered_lines": 0, "num_statements": 103, "percent_covered": 0.0, "percent_covered_display": "0", "missing_lines": 103, "excluded_lines": 0}, "missing_lines": [158, 159, 160, 161, 166, 168, 171, 172, 186, 187, 201, 203, 212, 213, 214, 219, 220, 223, 238, 240, 250, 251, 252, 254, 255, 256, 257, 260, 261, 267, 268, 269, 272, 273, 279, 280, 281, 284, 285, 286, 289, 290, 291, 292, 296, 298, 299, 300, 305, 306, 309, 325, 327, 328, 329, 331, 332, 339, 350, 351, 353, 362, 363, 364, 369, 370, 373, 374, 383, 390, 392, 393, 394, 397, 408, 410, 411, 418, 425, 426, 427, 433, 435, 436, 438, 450, 452, 461, 462, 463, 467, 469, 470, 472, 480, 482, 495, 496, 497, 501, 503, 511, 513], "excluded_lines": []}, "CompatibilityTester": {"executed_lines": [], "summary": {"covered_lines": 0, "num_statements": 40, "percent_covered": 0.0, "percent_covered_display": "0", "missing_lines": 40, "excluded_lines": 0}, "missing_lines": [526, 527, 532, 535, 536, 537, 538, 539, 540, 543, 544, 545, 549, 550, 551, 552, 553, 556, 557, 558, 562, 565, 566, 567, 568, 571, 572, 575, 576, 577, 578, 580, 585, 587, 595, 597, 598, 602, 603, 607], "excluded_lines": []}, "": {"executed_lines": [1, 6, 7, 8, 10, 11, 12, 13, 14, 16, 19, 20, 22, 23, 25, 26, 39, 40, 42, 47, 63, 78, 104, 124, 138, 154, 155, 157, 163, 216, 302, 366, 431, 465, 499, 509, 522, 523, 525, 529, 582, 616, 619, 626, 634], "summary": {"covered_lines": 40, "num_statements": 45, "percent_covered": 88.88888888888889, "percent_covered_display": "89", "missing_lines": 5, "excluded_lines": 0}, "missing_lines": [622, 623, 628, 629, 630], "excluded_lines": []}}}, "apps\\backend\\app\\api\\__init__.py": {"executed_lines": [0], "summary": {"covered_lines": 0, "num_statements": 0, "percent_covered": 100.0, "percent_covered_display": "100", "missing_lines": 0, "excluded_lines": 0}, "missing_lines": [], "excluded_lines": [], "functions": {"": {"executed_lines": [], "summary": {"covered_lines": 0, "num_statements": 0, "percent_covered": 100.0, "percent_covered_display": "100", "missing_lines": 0, "excluded_lines": 0}, "missing_lines": [], "excluded_lines": []}}, "classes": {"": {"executed_lines": [], "summary": {"covered_lines": 0, "num_statements": 0, "percent_covered": 100.0, "percent_covered_display": "100", "missing_lines": 0, "excluded_lines": 0}, "missing_lines": [], "excluded_lines": []}}}, "apps\\backend\\app\\api\\deps.py": {"executed_lines": [1, 5, 6, 7, 9, 10, 11, 14, 15, 16, 19, 25, 37, 42, 57], "summary": {"covered_lines": 14, "num_statements": 36, "percent_covered": 38.888888888888886, "percent_covered_display": "39", "missing_lines": 22, "excluded_lines": 0}, "missing_lines": [21, 22, 27, 28, 29, 30, 31, 32, 33, 34, 39, 46, 47, 48, 50, 51, 52, 54, 61, 62, 63, 65], "excluded_lines": [], "functions": {"get_db": {"executed_lines": [], "summary": {"covered_lines": 0, "num_statements": 2, "percent_covered": 0.0, "percent_covered_display": "0", "missing_lines": 2, "excluded_lines": 0}, "missing_lines": [21, 22], "excluded_lines": []}, "_auth_handle": {"executed_lines": [], "summary": {"covered_lines": 0, "num_statements": 8, "percent_covered": 0.0, "percent_covered_display": "0", "missing_lines": 8, "excluded_lines": 0}, "missing_lines": [27, 28, 29, 30, 31, 32, 33, 34], "excluded_lines": []}, "_user_by_handle": {"executed_lines": [], "summary": {"covered_lines": 0, "num_statements": 1, "percent_covered": 0.0, "percent_covered_display": "0", "missing_lines": 1, "excluded_lines": 0}, "missing_lines": [39], "excluded_lines": []}, "get_current_user": {"executed_lines": [], "summary": {"covered_lines": 0, "num_statements": 7, "percent_covered": 0.0, "percent_covered_display": "0", "missing_lines": 7, "excluded_lines": 0}, "missing_lines": [46, 47, 48, 50, 51, 52, 54], "excluded_lines": []}, "get_current_user_optional": {"executed_lines": [], "summary": {"covered_lines": 0, "num_statements": 4, "percent_covered": 0.0, "percent_covered_display": "0", "missing_lines": 4, "excluded_lines": 0}, "missing_lines": [61, 62, 63, 65], "excluded_lines": []}, "": {"executed_lines": [1, 5, 6, 7, 9, 10, 11, 14, 15, 16, 19, 25, 37, 42, 57], "summary": {"covered_lines": 14, "num_statements": 14, "percent_covered": 100.0, "percent_covered_display": "100", "missing_lines": 0, "excluded_lines": 0}, "missing_lines": [], "excluded_lines": []}}, "classes": {"": {"executed_lines": [1, 5, 6, 7, 9, 10, 11, 14, 15, 16, 19, 25, 37, 42, 57], "summary": {"covered_lines": 14, "num_statements": 36, "percent_covered": 38.888888888888886, "percent_covered_display": "39", "missing_lines": 22, "excluded_lines": 0}, "missing_lines": [21, 22, 27, 28, 29, 30, 31, 32, 33, 34, 39, 46, 47, 48, 50, 51, 52, 54, 61, 62, 63, 65], "excluded_lines": []}}}, "apps\\backend\\app\\api\\j6_2_endpoints.py": {"executed_lines": [2, 11, 12, 14, 15, 16, 18, 19, 20, 21, 22, 32, 33, 38, 39, 41, 42, 43, 44, 45, 46, 47, 48, 49, 50, 51, 52, 53, 54, 55, 58, 59, 61, 62, 63, 64, 65, 66, 67, 68, 71, 72, 74, 75, 76, 79, 80, 82, 83, 84, 85, 86, 87, 93, 94, 105, 106, 119, 120, 129, 130, 141, 142, 154, 155, 189, 190, 217, 218, 252, 253, 262, 263, 289, 290, 309, 310, 326, 327, 338, 339, 372, 373, 389, 390, 406, 407, 436], "summary": {"covered_lines": 83, "num_statements": 178, "percent_covered": 46.62921348314607, "percent_covered_display": "47", "missing_lines": 95, "excluded_lines": 0}, "missing_lines": [98, 99, 100, 101, 102, 112, 113, 114, 115, 116, 122, 123, 124, 125, 126, 134, 135, 136, 137, 138, 144, 145, 146, 147, 148, 159, 160, 178, 185, 186, 194, 195, 206, 213, 214, 222, 223, 224, 226, 237, 245, 246, 255, 256, 257, 258, 259, 265, 266, 267, 268, 269, 271, 281, 282, 283, 294, 295, 297, 305, 306, 312, 313, 318, 319, 320, 331, 332, 333, 334, 335, 345, 349, 354, 355, 356, 358, 365, 366, 375, 376, 384, 385, 386, 392, 393, 401, 402, 403, 409, 410, 412, 430, 431, 432], "excluded_lines": [], "functions": {"get_notification_dashboard": {"executed_lines": [], "summary": {"covered_lines": 0, "num_statements": 5, "percent_covered": 0.0, "percent_covered_display": "0", "missing_lines": 5, "excluded_lines": 0}, "missing_lines": [98, 99, 100, 101, 102], "excluded_lines": []}, "get_user_metrics": {"executed_lines": [], "summary": {"covered_lines": 0, "num_statements": 5, "percent_covered": 0.0, "percent_covered_display": "0", "missing_lines": 5, "excluded_lines": 0}, "missing_lines": [112, 113, 114, 115, 116], "excluded_lines": []}, "get_performance_metrics": {"executed_lines": [], "summary": {"covered_lines": 0, "num_statements": 5, "percent_covered": 0.0, "percent_covered_display": "0", "missing_lines": 5, "excluded_lines": 0}, "missing_lines": [122, 123, 124, 125, 126], "excluded_lines": []}, "get_notification_trends": {"executed_lines": [], "summary": {"covered_lines": 0, "num_statements": 5, "percent_covered": 0.0, "percent_covered_display": "0", "missing_lines": 5, "excluded_lines": 0}, "missing_lines": [134, 135, 136, 137, 138], "excluded_lines": []}, "get_system_health_score": {"executed_lines": [], "summary": {"covered_lines": 0, "num_statements": 5, "percent_covered": 0.0, "percent_covered_display": "0", "missing_lines": 5, "excluded_lines": 0}, "missing_lines": [144, 145, 146, 147, 148], "excluded_lines": []}, "send_rich_notification_endpoint": {"executed_lines": [], "summary": {"covered_lines": 0, "num_statements": 5, "percent_covered": 0.0, "percent_covered_display": "0", "missing_lines": 5, "excluded_lines": 0}, "missing_lines": [159, 160, 178, 185, 186], "excluded_lines": []}, "send_batched_notification_endpoint": {"executed_lines": [], "summary": {"covered_lines": 0, "num_statements": 5, "percent_covered": 0.0, "percent_covered_display": "0", "missing_lines": 5, "excluded_lines": 0}, "missing_lines": [194, 195, 206, 213, 214], "excluded_lines": []}, "schedule_notification_endpoint": {"executed_lines": [], "summary": {"covered_lines": 0, "num_statements": 7, "percent_covered": 0.0, "percent_covered_display": "0", "missing_lines": 7, "excluded_lines": 0}, "missing_lines": [222, 223, 224, 226, 237, 245, 246], "excluded_lines": []}, "get_pending_batches": {"executed_lines": [], "summary": {"covered_lines": 0, "num_statements": 5, "percent_covered": 0.0, "percent_covered_display": "0", "missing_lines": 5, "excluded_lines": 0}, "missing_lines": [255, 256, 257, 258, 259], "excluded_lines": []}, "force_deliver_batch": {"executed_lines": [], "summary": {"covered_lines": 0, "num_statements": 9, "percent_covered": 0.0, "percent_covered_display": "0", "missing_lines": 9, "excluded_lines": 0}, "missing_lines": [265, 266, 267, 268, 269, 271, 281, 282, 283], "excluded_lines": []}, "configure_ab_test": {"executed_lines": [], "summary": {"covered_lines": 0, "num_statements": 5, "percent_covered": 0.0, "percent_covered_display": "0", "missing_lines": 5, "excluded_lines": 0}, "missing_lines": [294, 295, 297, 305, 306], "excluded_lines": []}, "get_ab_tests": {"executed_lines": [], "summary": {"covered_lines": 0, "num_statements": 5, "percent_covered": 0.0, "percent_covered_display": "0", "missing_lines": 5, "excluded_lines": 0}, "missing_lines": [312, 313, 318, 319, 320], "excluded_lines": []}, "get_user_notification_preferences": {"executed_lines": [], "summary": {"covered_lines": 0, "num_statements": 5, "percent_covered": 0.0, "percent_covered_display": "0", "missing_lines": 5, "excluded_lines": 0}, "missing_lines": [331, 332, 333, 334, 335], "excluded_lines": []}, "update_user_notification_preferences": {"executed_lines": [], "summary": {"covered_lines": 0, "num_statements": 8, "percent_covered": 0.0, "percent_covered_display": "0", "missing_lines": 8, "excluded_lines": 0}, "missing_lines": [345, 349, 354, 355, 356, 358, 365, 366], "excluded_lines": []}, "get_notification_templates": {"executed_lines": [], "summary": {"covered_lines": 0, "num_statements": 5, "percent_covered": 0.0, "percent_covered_display": "0", "missing_lines": 5, "excluded_lines": 0}, "missing_lines": [375, 376, 384, 385, 386], "excluded_lines": []}, "get_delivery_channels": {"executed_lines": [], "summary": {"covered_lines": 0, "num_statements": 5, "percent_covered": 0.0, "percent_covered_display": "0", "missing_lines": 5, "excluded_lines": 0}, "missing_lines": [392, 393, 401, 402, 403], "excluded_lines": []}, "get_system_status": {"executed_lines": [], "summary": {"covered_lines": 0, "num_statements": 6, "percent_covered": 0.0, "percent_covered_display": "0", "missing_lines": 6, "excluded_lines": 0}, "missing_lines": [409, 410, 412, 430, 431, 432], "excluded_lines": []}, "": {"executed_lines": [2, 11, 12, 14, 15, 16, 18, 19, 20, 21, 22, 32, 33, 38, 39, 41, 42, 43, 44, 45, 46, 47, 48, 49, 50, 51, 52, 53, 54, 55, 58, 59, 61, 62, 63, 64, 65, 66, 67, 68, 71, 72, 74, 75, 76, 79, 80, 82, 83, 84, 85, 86, 87, 93, 94, 105, 106, 119, 120, 129, 130, 141, 142, 154, 155, 189, 190, 217, 218, 252, 253, 262, 263, 289, 290, 309, 310, 326, 327, 338, 339, 372, 373, 389, 390, 406, 407, 436], "summary": {"covered_lines": 83, "num_statements": 83, "percent_covered": 100.0, "percent_covered_display": "100", "missing_lines": 0, "excluded_lines": 0}, "missing_lines": [], "excluded_lines": []}}, "classes": {"RichNotificationRequest": {"executed_lines": [], "summary": {"covered_lines": 0, "num_statements": 0, "percent_covered": 100.0, "percent_covered_display": "100", "missing_lines": 0, "excluded_lines": 0}, "missing_lines": [], "excluded_lines": []}, "ScheduledNotificationRequest": {"executed_lines": [], "summary": {"covered_lines": 0, "num_statements": 0, "percent_covered": 100.0, "percent_covered_display": "100", "missing_lines": 0, "excluded_lines": 0}, "missing_lines": [], "excluded_lines": []}, "ABTestConfiguration": {"executed_lines": [], "summary": {"covered_lines": 0, "num_statements": 0, "percent_covered": 100.0, "percent_covered_display": "100", "missing_lines": 0, "excluded_lines": 0}, "missing_lines": [], "excluded_lines": []}, "NotificationPreferencesUpdate": {"executed_lines": [], "summary": {"covered_lines": 0, "num_statements": 0, "percent_covered": 100.0, "percent_covered_display": "100", "missing_lines": 0, "excluded_lines": 0}, "missing_lines": [], "excluded_lines": []}, "": {"executed_lines": [2, 11, 12, 14, 15, 16, 18, 19, 20, 21, 22, 32, 33, 38, 39, 41, 42, 43, 44, 45, 46, 47, 48, 49, 50, 51, 52, 53, 54, 55, 58, 59, 61, 62, 63, 64, 65, 66, 67, 68, 71, 72, 74, 75, 76, 79, 80, 82, 83, 84, 85, 86, 87, 93, 94, 105, 106, 119, 120, 129, 130, 141, 142, 154, 155, 189, 190, 217, 218, 252, 253, 262, 263, 289, 290, 309, 310, 326, 327, 338, 339, 372, 373, 389, 390, 406, 407, 436], "summary": {"covered_lines": 83, "num_statements": 178, "percent_covered": 46.62921348314607, "percent_covered_display": "47", "missing_lines": 95, "excluded_lines": 0}, "missing_lines": [98, 99, 100, 101, 102, 112, 113, 114, 115, 116, 122, 123, 124, 125, 126, 134, 135, 136, 137, 138, 144, 145, 146, 147, 148, 159, 160, 178, 185, 186, 194, 195, 206, 213, 214, 222, 223, 224, 226, 237, 245, 246, 255, 256, 257, 258, 259, 265, 266, 267, 268, 269, 271, 281, 282, 283, 294, 295, 297, 305, 306, 312, 313, 318, 319, 320, 331, 332, 333, 334, 335, 345, 349, 354, 355, 356, 358, 365, 366, 375, 376, 384, 385, 386, 392, 393, 401, 402, 403, 409, 410, 412, 430, 431, 432], "excluded_lines": []}}}, "apps\\backend\\app\\api\\market\\routes.py": {"executed_lines": [1, 7, 8, 14, 17, 18, 20, 21, 24, 25, 27, 28, 29, 30, 31, 32, 33, 34, 35, 38, 39, 56, 57, 73, 74, 92, 93, 104, 105], "summary": {"covered_lines": 26, "num_statements": 31, "percent_covered": 83.87096774193549, "percent_covered_display": "84", "missing_lines": 5, "excluded_lines": 0}, "missing_lines": [50, 67, 87, 101, 112], "excluded_lines": [], "functions": {"get_stock_price_endpoint": {"executed_lines": [], "summary": {"covered_lines": 0, "num_statements": 1, "percent_covered": 0.0, "percent_covered_display": "0", "missing_lines": 1, "excluded_lines": 0}, "missing_lines": [50], "excluded_lines": []}, "get_crypto_price_endpoint": {"executed_lines": [], "summary": {"covered_lines": 0, "num_statements": 1, "percent_covered": 0.0, "percent_covered_display": "0", "missing_lines": 1, "excluded_lines": 0}, "missing_lines": [67], "excluded_lines": []}, "batch_fetch_prices_endpoint": {"executed_lines": [], "summary": {"covered_lines": 0, "num_statements": 1, "percent_covered": 0.0, "percent_covered_display": "0", "missing_lines": 1, "excluded_lines": 0}, "missing_lines": [87], "excluded_lines": []}, "get_api_status": {"executed_lines": [], "summary": {"covered_lines": 0, "num_statements": 1, "percent_covered": 0.0, "percent_covered_display": "0", "missing_lines": 1, "excluded_lines": 0}, "missing_lines": [101], "excluded_lines": []}, "get_api_stats_endpoint": {"executed_lines": [], "summary": {"covered_lines": 0, "num_statements": 1, "percent_covered": 0.0, "percent_covered_display": "0", "missing_lines": 1, "excluded_lines": 0}, "missing_lines": [112], "excluded_lines": []}, "": {"executed_lines": [1, 7, 8, 14, 17, 18, 20, 21, 24, 25, 27, 28, 29, 30, 31, 32, 33, 34, 35, 38, 39, 56, 57, 73, 74, 92, 93, 104, 105], "summary": {"covered_lines": 26, "num_statements": 26, "percent_covered": 100.0, "percent_covered_display": "100", "missing_lines": 0, "excluded_lines": 0}, "missing_lines": [], "excluded_lines": []}}, "classes": {"BatchRequest": {"executed_lines": [], "summary": {"covered_lines": 0, "num_statements": 0, "percent_covered": 100.0, "percent_covered_display": "100", "missing_lines": 0, "excluded_lines": 0}, "missing_lines": [], "excluded_lines": []}, "PriceResponse": {"executed_lines": [], "summary": {"covered_lines": 0, "num_statements": 0, "percent_covered": 100.0, "percent_covered_display": "100", "missing_lines": 0, "excluded_lines": 0}, "missing_lines": [], "excluded_lines": []}, "": {"executed_lines": [1, 7, 8, 14, 17, 18, 20, 21, 24, 25, 27, 28, 29, 30, 31, 32, 33, 34, 35, 38, 39, 56, 57, 73, 74, 92, 93, 104, 105], "summary": {"covered_lines": 26, "num_statements": 31, "percent_covered": 83.87096774193549, "percent_covered_display": "84", "missing_lines": 5, "excluded_lines": 0}, "missing_lines": [50, 67, 87, 101, 112], "excluded_lines": []}}}, "apps\\backend\\app\\api\\routes\\__init__.py": {"executed_lines": [0], "summary": {"covered_lines": 0, "num_statements": 0, "percent_covered": 100.0, "percent_covered_display": "100", "missing_lines": 0, "excluded_lines": 0}, "missing_lines": [], "excluded_lines": [], "functions": {"": {"executed_lines": [], "summary": {"covered_lines": 0, "num_statements": 0, "percent_covered": 100.0, "percent_covered_display": "100", "missing_lines": 0, "excluded_lines": 0}, "missing_lines": [], "excluded_lines": []}}, "classes": {"": {"executed_lines": [], "summary": {"covered_lines": 0, "num_statements": 0, "percent_covered": 100.0, "percent_covered_display": "100", "missing_lines": 0, "excluded_lines": 0}, "missing_lines": [], "excluded_lines": []}}}, "apps\\backend\\app\\api\\routes\\alerts.py": {"executed_lines": [1, 3, 4, 5, 6, 8, 9, 10, 12], "summary": {"covered_lines": 9, "num_statements": 98, "percent_covered": 9.183673469387756, "percent_covered_display": "9", "missing_lines": 89, "excluded_lines": 0}, "missing_lines": [13, 15, 18, 19, 20, 23, 24, 25, 26, 29, 30, 31, 32, 33, 34, 35, 38, 39, 40, 41, 44, 45, 46, 49, 50, 51, 52, 54, 55, 56, 57, 58, 61, 62, 65, 67, 68, 69, 70, 71, 73, 74, 75, 77, 89, 90, 93, 94, 97, 98, 99, 100, 101, 102, 103, 104, 105, 108, 109, 112, 113, 114, 115, 116, 117, 118, 119, 120, 121, 122, 125, 126, 130, 132, 134, 135, 136, 137, 138, 139, 140, 142, 143, 145, 146, 147, 148, 150, 152], "excluded_lines": [], "functions": {"_startup": {"executed_lines": [], "summary": {"covered_lines": 0, "num_statements": 2, "percent_covered": 0.0, "percent_covered_display": "0", "missing_lines": 2, "excluded_lines": 0}, "missing_lines": [40, 41], "excluded_lines": []}, "_shutdown": {"executed_lines": [], "summary": {"covered_lines": 0, "num_statements": 1, "percent_covered": 0.0, "percent_covered_display": "0", "missing_lines": 1, "excluded_lines": 0}, "missing_lines": [46], "excluded_lines": []}, "list_alerts": {"executed_lines": [], "summary": {"covered_lines": 0, "num_statements": 7, "percent_covered": 0.0, "percent_covered_display": "0", "missing_lines": 7, "excluded_lines": 0}, "missing_lines": [51, 52, 54, 55, 56, 57, 58], "excluded_lines": []}, "create_alert": {"executed_lines": [], "summary": {"covered_lines": 0, "num_statements": 12, "percent_covered": 0.0, "percent_covered_display": "0", "missing_lines": 12, "excluded_lines": 0}, "missing_lines": [65, 67, 68, 69, 70, 71, 73, 74, 75, 77, 89, 90], "excluded_lines": []}, "delete_alert": {"executed_lines": [], "summary": {"covered_lines": 0, "num_statements": 9, "percent_covered": 0.0, "percent_covered_display": "0", "missing_lines": 9, "excluded_lines": 0}, "missing_lines": [97, 98, 99, 100, 101, 102, 103, 104, 105], "excluded_lines": []}, "toggle_alert": {"executed_lines": [], "summary": {"covered_lines": 0, "num_statements": 11, "percent_covered": 0.0, "percent_covered_display": "0", "missing_lines": 11, "excluded_lines": 0}, "missing_lines": [112, 113, 114, 115, 116, 117, 118, 119, 120, 121, 122], "excluded_lines": []}, "stream_alerts": {"executed_lines": [], "summary": {"covered_lines": 0, "num_statements": 4, "percent_covered": 0.0, "percent_covered_display": "0", "missing_lines": 4, "excluded_lines": 0}, "missing_lines": [130, 132, 134, 152], "excluded_lines": []}, "stream_alerts.event_generator": {"executed_lines": [], "summary": {"covered_lines": 0, "num_statements": 13, "percent_covered": 0.0, "percent_covered_display": "0", "missing_lines": 13, "excluded_lines": 0}, "missing_lines": [135, 136, 137, 138, 139, 140, 142, 143, 145, 146, 147, 148, 150], "excluded_lines": []}, "": {"executed_lines": [1, 3, 4, 5, 6, 8, 9, 10, 12], "summary": {"covered_lines": 9, "num_statements": 39, "percent_covered": 23.076923076923077, "percent_covered_display": "23", "missing_lines": 30, "excluded_lines": 0}, "missing_lines": [13, 15, 18, 19, 20, 23, 24, 25, 26, 29, 30, 31, 32, 33, 34, 35, 38, 39, 44, 45, 49, 50, 61, 62, 93, 94, 108, 109, 125, 126], "excluded_lines": []}}, "classes": {"PriceThresholdConfig": {"executed_lines": [], "summary": {"covered_lines": 0, "num_statements": 0, "percent_covered": 100.0, "percent_covered_display": "100", "missing_lines": 0, "excluded_lines": 0}, "missing_lines": [], "excluded_lines": []}, "PctChangeConfig": {"executed_lines": [], "summary": {"covered_lines": 0, "num_statements": 0, "percent_covered": 100.0, "percent_covered_display": "100", "missing_lines": 0, "excluded_lines": 0}, "missing_lines": [], "excluded_lines": []}, "CreateAlert": {"executed_lines": [], "summary": {"covered_lines": 0, "num_statements": 0, "percent_covered": 100.0, "percent_covered_display": "100", "missing_lines": 0, "excluded_lines": 0}, "missing_lines": [], "excluded_lines": []}, "": {"executed_lines": [1, 3, 4, 5, 6, 8, 9, 10, 12], "summary": {"covered_lines": 9, "num_statements": 98, "percent_covered": 9.183673469387756, "percent_covered_display": "9", "missing_lines": 89, "excluded_lines": 0}, "missing_lines": [13, 15, 18, 19, 20, 23, 24, 25, 26, 29, 30, 31, 32, 33, 34, 35, 38, 39, 40, 41, 44, 45, 46, 49, 50, 51, 52, 54, 55, 56, 57, 58, 61, 62, 65, 67, 68, 69, 70, 71, 73, 74, 75, 77, 89, 90, 93, 94, 97, 98, 99, 100, 101, 102, 103, 104, 105, 108, 109, 112, 113, 114, 115, 116, 117, 118, 119, 120, 121, 122, 125, 126, 130, 132, 134, 135, 136, 137, 138, 139, 140, 142, 143, 145, 146, 147, 148, 150, 152], "excluded_lines": []}}}, "apps\\backend\\app\\api\\routes\\auth.py": {"executed_lines": [], "summary": {"covered_lines": 0, "num_statements": 74, "percent_covered": 0.0, "percent_covered_display": "0", "missing_lines": 74, "excluded_lines": 0}, "missing_lines": [1, 3, 5, 6, 7, 8, 9, 10, 12, 13, 14, 16, 17, 20, 21, 22, 23, 26, 27, 28, 29, 30, 33, 34, 35, 38, 39, 40, 41, 44, 45, 48, 49, 50, 51, 52, 53, 56, 57, 58, 59, 60, 61, 62, 63, 64, 67, 68, 69, 70, 71, 72, 73, 74, 80, 81, 82, 85, 86, 87, 88, 89, 90, 91, 94, 95, 96, 97, 98, 99, 100, 101, 102, 103], "excluded_lines": [], "functions": {"_user_by_handle": {"executed_lines": [], "summary": {"covered_lines": 0, "num_statements": 1, "percent_covered": 0.0, "percent_covered_display": "0", "missing_lines": 1, "excluded_lines": 0}, "missing_lines": [45], "excluded_lines": []}, "_issue_token": {"executed_lines": [], "summary": {"covered_lines": 0, "num_statements": 5, "percent_covered": 0.0, "percent_covered_display": "0", "missing_lines": 5, "excluded_lines": 0}, "missing_lines": [49, 50, 51, 52, 53], "excluded_lines": []}, "_auth_handle": {"executed_lines": [], "summary": {"covered_lines": 0, "num_statements": 8, "percent_covered": 0.0, "percent_covered_display": "0", "missing_lines": 8, "excluded_lines": 0}, "missing_lines": [57, 58, 59, 60, 61, 62, 63, 64], "excluded_lines": []}, "register": {"executed_lines": [], "summary": {"covered_lines": 0, "num_statements": 9, "percent_covered": 0.0, "percent_covered_display": "0", "missing_lines": 9, "excluded_lines": 0}, "missing_lines": [69, 70, 71, 72, 73, 74, 80, 81, 82], "excluded_lines": []}, "login": {"executed_lines": [], "summary": {"covered_lines": 0, "num_statements": 5, "percent_covered": 0.0, "percent_covered_display": "0", "missing_lines": 5, "excluded_lines": 0}, "missing_lines": [87, 88, 89, 90, 91], "excluded_lines": []}, "me": {"executed_lines": [], "summary": {"covered_lines": 0, "num_statements": 8, "percent_covered": 0.0, "percent_covered_display": "0", "missing_lines": 8, "excluded_lines": 0}, "missing_lines": [96, 97, 98, 99, 100, 101, 102, 103], "excluded_lines": []}, "": {"executed_lines": [], "summary": {"covered_lines": 0, "num_statements": 38, "percent_covered": 0.0, "percent_covered_display": "0", "missing_lines": 38, "excluded_lines": 0}, "missing_lines": [1, 3, 5, 6, 7, 8, 9, 10, 12, 13, 14, 16, 17, 20, 21, 22, 23, 26, 27, 28, 29, 30, 33, 34, 35, 38, 39, 40, 41, 44, 48, 56, 67, 68, 85, 86, 94, 95], "excluded_lines": []}}, "classes": {"RegisterPayload": {"executed_lines": [], "summary": {"covered_lines": 0, "num_statements": 0, "percent_covered": 100.0, "percent_covered_display": "100", "missing_lines": 0, "excluded_lines": 0}, "missing_lines": [], "excluded_lines": []}, "LoginPayload": {"executed_lines": [], "summary": {"covered_lines": 0, "num_statements": 0, "percent_covered": 100.0, "percent_covered_display": "100", "missing_lines": 0, "excluded_lines": 0}, "missing_lines": [], "excluded_lines": []}, "TokenOut": {"executed_lines": [], "summary": {"covered_lines": 0, "num_statements": 0, "percent_covered": 100.0, "percent_covered_display": "100", "missing_lines": 0, "excluded_lines": 0}, "missing_lines": [], "excluded_lines": []}, "": {"executed_lines": [], "summary": {"covered_lines": 0, "num_statements": 74, "percent_covered": 0.0, "percent_covered_display": "0", "missing_lines": 74, "excluded_lines": 0}, "missing_lines": [1, 3, 5, 6, 7, 8, 9, 10, 12, 13, 14, 16, 17, 20, 21, 22, 23, 26, 27, 28, 29, 30, 33, 34, 35, 38, 39, 40, 41, 44, 45, 48, 49, 50, 51, 52, 53, 56, 57, 58, 59, 60, 61, 62, 63, 64, 67, 68, 69, 70, 71, 72, 73, 74, 80, 81, 82, 85, 86, 87, 88, 89, 90, 91, 94, 95, 96, 97, 98, 99, 100, 101, 102, 103], "excluded_lines": []}}}, "apps\\backend\\app\\api\\routes\\cache.py": {"executed_lines": [1, 6, 7, 9, 11, 19, 20, 23, 24, 25, 36, 37, 51, 52, 63, 64, 75, 76], "summary": {"covered_lines": 17, "num_statements": 50, "percent_covered": 34.0, "percent_covered_display": "34", "missing_lines": 33, "excluded_lines": 0}, "missing_lines": [28, 29, 30, 31, 32, 33, 40, 41, 42, 43, 45, 46, 47, 48, 55, 56, 57, 58, 59, 60, 67, 68, 69, 70, 71, 72, 79, 80, 81, 83, 84, 85, 86], "excluded_lines": [], "functions": {"cache_statistics": {"executed_lines": [], "summary": {"covered_lines": 0, "num_statements": 6, "percent_covered": 0.0, "percent_covered_display": "0", "missing_lines": 6, "excluded_lines": 0}, "missing_lines": [28, 29, 30, 31, 32, 33], "excluded_lines": []}, "clear_cache": {"executed_lines": [], "summary": {"covered_lines": 0, "num_statements": 8, "percent_covered": 0.0, "percent_covered_display": "0", "missing_lines": 8, "excluded_lines": 0}, "missing_lines": [40, 41, 42, 43, 45, 46, 47, 48], "excluded_lines": []}, "warm_cache_endpoint": {"executed_lines": [], "summary": {"covered_lines": 0, "num_statements": 6, "percent_covered": 0.0, "percent_covered_display": "0", "missing_lines": 6, "excluded_lines": 0}, "missing_lines": [55, 56, 57, 58, 59, 60], "excluded_lines": []}, "clear_cache_pattern": {"executed_lines": [], "summary": {"covered_lines": 0, "num_statements": 6, "percent_covered": 0.0, "percent_covered_display": "0", "missing_lines": 6, "excluded_lines": 0}, "missing_lines": [67, 68, 69, 70, 71, 72], "excluded_lines": []}, "cache_health_check": {"executed_lines": [], "summary": {"covered_lines": 0, "num_statements": 7, "percent_covered": 0.0, "percent_covered_display": "0", "missing_lines": 7, "excluded_lines": 0}, "missing_lines": [79, 80, 81, 83, 84, 85, 86], "excluded_lines": []}, "": {"executed_lines": [1, 6, 7, 9, 11, 19, 20, 23, 24, 25, 36, 37, 51, 52, 63, 64, 75, 76], "summary": {"covered_lines": 17, "num_statements": 17, "percent_covered": 100.0, "percent_covered_display": "100", "missing_lines": 0, "excluded_lines": 0}, "missing_lines": [], "excluded_lines": []}}, "classes": {"": {"executed_lines": [1, 6, 7, 9, 11, 19, 20, 23, 24, 25, 36, 37, 51, 52, 63, 64, 75, 76], "summary": {"covered_lines": 17, "num_statements": 50, "percent_covered": 34.0, "percent_covered_display": "34", "missing_lines": 33, "excluded_lines": 0}, "missing_lines": [28, 29, 30, 31, 32, 33, 40, 41, 42, 43, 45, 46, 47, 48, 55, 56, 57, 58, 59, 60, 67, 68, 69, 70, 71, 72, 79, 80, 81, 83, 84, 85, 86], "excluded_lines": []}}}, "apps\\backend\\app\\api\\routes\\chat.py": {"executed_lines": [1, 3, 4, 5, 7, 8, 9, 11], "summary": {"covered_lines": 8, "num_statements": 105, "percent_covered": 7.619047619047619, "percent_covered_display": "8", "missing_lines": 97, "excluded_lines": 0}, "missing_lines": [12, 15, 16, 17, 19, 23, 24, 25, 26, 29, 32, 35, 38, 45, 46, 50, 51, 53, 62, 63, 64, 65, 72, 73, 74, 75, 76, 80, 81, 82, 83, 86, 87, 90, 91, 93, 96, 97, 103, 104, 105, 106, 107, 108, 109, 115, 117, 118, 119, 120, 121, 122, 123, 124, 125, 131, 132, 133, 134, 135, 142, 143, 189, 192, 193, 194, 196, 199, 200, 201, 202, 203, 204, 205, 206, 207, 210, 217, 218, 219, 222, 223, 230, 231, 232, 235, 238, 246, 249, 250, 252, 256, 257, 262, 263, 264, 269], "excluded_lines": [], "functions": {"tool_get_price": {"executed_lines": [], "summary": {"covered_lines": 0, "num_statements": 3, "percent_covered": 0.0, "percent_covered_display": "0", "missing_lines": 3, "excluded_lines": 0}, "missing_lines": [24, 25, 26], "excluded_lines": []}, "tool_portfolio_summary": {"executed_lines": [], "summary": {"covered_lines": 0, "num_statements": 1, "percent_covered": 0.0, "percent_covered_display": "0", "missing_lines": 1, "excluded_lines": 0}, "missing_lines": [32], "excluded_lines": []}, "tool_create_price_alert": {"executed_lines": [], "summary": {"covered_lines": 0, "num_statements": 3, "percent_covered": 0.0, "percent_covered_display": "0", "missing_lines": 3, "excluded_lines": 0}, "missing_lines": [38, 45, 46], "excluded_lines": []}, "openai_chat": {"executed_lines": [], "summary": {"covered_lines": 0, "num_statements": 8, "percent_covered": 0.0, "percent_covered_display": "0", "missing_lines": 8, "excluded_lines": 0}, "missing_lines": [63, 64, 65, 72, 73, 74, 75, 76], "excluded_lines": []}, "chat": {"executed_lines": [], "summary": {"covered_lines": 0, "num_statements": 62, "percent_covered": 0.0, "percent_covered_display": "0", "missing_lines": 62, "excluded_lines": 0}, "missing_lines": [93, 96, 97, 103, 104, 105, 106, 107, 108, 109, 115, 117, 118, 119, 120, 121, 122, 123, 124, 125, 131, 132, 133, 134, 135, 142, 143, 189, 192, 193, 194, 196, 199, 200, 201, 202, 203, 204, 205, 206, 207, 210, 217, 218, 219, 222, 223, 230, 231, 232, 235, 238, 246, 249, 250, 252, 256, 257, 262, 263, 264, 269], "excluded_lines": []}, "": {"executed_lines": [1, 3, 4, 5, 7, 8, 9, 11], "summary": {"covered_lines": 8, "num_statements": 28, "percent_covered": 28.571428571428573, "percent_covered_display": "29", "missing_lines": 20, "excluded_lines": 0}, "missing_lines": [12, 15, 16, 17, 19, 23, 29, 35, 50, 51, 53, 62, 80, 81, 82, 83, 86, 87, 90, 91], "excluded_lines": []}}, "classes": {"ChatMessage": {"executed_lines": [], "summary": {"covered_lines": 0, "num_statements": 0, "percent_covered": 100.0, "percent_covered_display": "100", "missing_lines": 0, "excluded_lines": 0}, "missing_lines": [], "excluded_lines": []}, "ChatRequest": {"executed_lines": [], "summary": {"covered_lines": 0, "num_statements": 0, "percent_covered": 100.0, "percent_covered_display": "100", "missing_lines": 0, "excluded_lines": 0}, "missing_lines": [], "excluded_lines": []}, "": {"executed_lines": [1, 3, 4, 5, 7, 8, 9, 11], "summary": {"covered_lines": 8, "num_statements": 105, "percent_covered": 7.619047619047619, "percent_covered_display": "8", "missing_lines": 97, "excluded_lines": 0}, "missing_lines": [12, 15, 16, 17, 19, 23, 24, 25, 26, 29, 32, 35, 38, 45, 46, 50, 51, 53, 62, 63, 64, 65, 72, 73, 74, 75, 76, 80, 81, 82, 83, 86, 87, 90, 91, 93, 96, 97, 103, 104, 105, 106, 107, 108, 109, 115, 117, 118, 119, 120, 121, 122, 123, 124, 125, 131, 132, 133, 134, 135, 142, 143, 189, 192, 193, 194, 196, 199, 200, 201, 202, 203, 204, 205, 206, 207, 210, 217, 218, 219, 222, 223, 230, 231, 232, 235, 238, 246, 249, 250, 252, 256, 257, 262, 263, 264, 269], "excluded_lines": []}}}, "apps\\backend\\app\\api\\routes\\crypto.py": {"executed_lines": [4, 6], "summary": {"covered_lines": 2, "num_statements": 2, "percent_covered": 100.0, "percent_covered_display": "100", "missing_lines": 0, "excluded_lines": 0}, "missing_lines": [], "excluded_lines": [], "functions": {"": {"executed_lines": [4, 6], "summary": {"covered_lines": 2, "num_statements": 2, "percent_covered": 100.0, "percent_covered_display": "100", "missing_lines": 0, "excluded_lines": 0}, "missing_lines": [], "excluded_lines": []}}, "classes": {"": {"executed_lines": [4, 6], "summary": {"covered_lines": 2, "num_statements": 2, "percent_covered": 100.0, "percent_covered_display": "100", "missing_lines": 0, "excluded_lines": 0}, "missing_lines": [], "excluded_lines": []}}}, "apps\\backend\\app\\api\\routes\\health_check.py": {"executed_lines": [1, 5, 6, 8, 9, 11, 12, 13, 14, 16, 19, 24, 25, 90, 91, 96, 97], "summary": {"covered_lines": 16, "num_statements": 63, "percent_covered": 25.396825396825395, "percent_covered_display": "25", "missing_lines": 47, "excluded_lines": 0}, "missing_lines": [21, 31, 39, 40, 41, 42, 44, 48, 49, 50, 53, 54, 55, 56, 58, 62, 63, 64, 67, 69, 73, 74, 75, 78, 79, 83, 84, 85, 87, 93, 104, 105, 106, 107, 108, 110, 116, 117, 119, 120, 121, 122, 123, 125, 131, 132, 135], "excluded_lines": [], "functions": {"get_redis_client": {"executed_lines": [], "summary": {"covered_lines": 0, "num_statements": 1, "percent_covered": 0.0, "percent_covered_display": "0", "missing_lines": 1, "excluded_lines": 0}, "missing_lines": [21], "excluded_lines": []}, "comprehensive_health_check": {"executed_lines": [], "summary": {"covered_lines": 0, "num_statements": 28, "percent_covered": 0.0, "percent_covered_display": "0", "missing_lines": 28, "excluded_lines": 0}, "missing_lines": [31, 39, 40, 41, 42, 44, 48, 49, 50, 53, 54, 55, 56, 58, 62, 63, 64, 67, 69, 73, 74, 75, 78, 79, 83, 84, 85, 87], "excluded_lines": []}, "get_performance_metrics": {"executed_lines": [], "summary": {"covered_lines": 0, "num_statements": 1, "percent_covered": 0.0, "percent_covered_display": "0", "missing_lines": 1, "excluded_lines": 0}, "missing_lines": [93], "excluded_lines": []}, "check_component_health": {"executed_lines": [], "summary": {"covered_lines": 0, "num_statements": 17, "percent_covered": 0.0, "percent_covered_display": "0", "missing_lines": 17, "excluded_lines": 0}, "missing_lines": [104, 105, 106, 107, 108, 110, 116, 117, 119, 120, 121, 122, 123, 125, 131, 132, 135], "excluded_lines": []}, "": {"executed_lines": [1, 5, 6, 8, 9, 11, 12, 13, 14, 16, 19, 24, 25, 90, 91, 96, 97], "summary": {"covered_lines": 16, "num_statements": 16, "percent_covered": 100.0, "percent_covered_display": "100", "missing_lines": 0, "excluded_lines": 0}, "missing_lines": [], "excluded_lines": []}}, "classes": {"": {"executed_lines": [1, 5, 6, 8, 9, 11, 12, 13, 14, 16, 19, 24, 25, 90, 91, 96, 97], "summary": {"covered_lines": 16, "num_statements": 63, "percent_covered": 25.396825396825395, "percent_covered_display": "25", "missing_lines": 47, "excluded_lines": 0}, "missing_lines": [21, 31, 39, 40, 41, 42, 44, 48, 49, 50, 53, 54, 55, 56, 58, 62, 63, 64, 67, 69, 73, 74, 75, 78, 79, 83, 84, 85, 87, 93, 104, 105, 106, 107, 108, 110, 116, 117, 119, 120, 121, 122, 123, 125, 131, 132, 135], "excluded_lines": []}}}, "apps\\backend\\app\\api\\routes\\market.py": {"executed_lines": [1, 3, 5, 7, 8], "summary": {"covered_lines": 5, "num_statements": 19, "percent_covered": 26.31578947368421, "percent_covered_display": "26", "missing_lines": 14, "excluded_lines": 0}, "missing_lines": [10, 13, 14, 15, 18, 19, 24, 25, 26, 27, 28, 29, 30, 31], "excluded_lines": [], "functions": {"health": {"executed_lines": [], "summary": {"covered_lines": 0, "num_statements": 1, "percent_covered": 0.0, "percent_covered_display": "0", "missing_lines": 1, "excluded_lines": 0}, "missing_lines": [15], "excluded_lines": []}, "get_ohlc": {"executed_lines": [], "summary": {"covered_lines": 0, "num_statements": 8, "percent_covered": 0.0, "percent_covered_display": "0", "missing_lines": 8, "excluded_lines": 0}, "missing_lines": [24, 25, 26, 27, 28, 29, 30, 31], "excluded_lines": []}, "": {"executed_lines": [1, 3, 5, 7, 8], "summary": {"covered_lines": 5, "num_statements": 10, "percent_covered": 50.0, "percent_covered_display": "50", "missing_lines": 5, "excluded_lines": 0}, "missing_lines": [10, 13, 14, 18, 19], "excluded_lines": []}}, "classes": {"": {"executed_lines": [1, 3, 5, 7, 8], "summary": {"covered_lines": 5, "num_statements": 19, "percent_covered": 26.31578947368421, "percent_covered_display": "26", "missing_lines": 14, "excluded_lines": 0}, "missing_lines": [10, 13, 14, 15, 18, 19, 24, 25, 26, 27, 28, 29, 30, 31], "excluded_lines": []}}}, "apps\\backend\\app\\api\\routes\\monitoring.py": {"executed_lines": [2, 11, 13, 14, 15, 16, 18, 21, 22, 39, 40, 55, 56, 75, 76, 86, 87, 122, 123, 133, 134, 157, 158, 190, 191, 201, 202, 212, 213, 229, 230, 246, 247, 267, 268], "summary": {"covered_lines": 34, "num_statements": 136, "percent_covered": 25.0, "percent_covered_display": "25", "missing_lines": 102, "excluded_lines": 0}, "missing_lines": [24, 25, 27, 35, 36, 42, 43, 45, 46, 48, 49, 50, 51, 52, 60, 61, 63, 71, 72, 78, 79, 81, 82, 83, 89, 91, 92, 94, 97, 98, 99, 112, 116, 117, 118, 119, 125, 126, 128, 129, 130, 140, 142, 143, 145, 147, 151, 152, 153, 154, 164, 166, 167, 169, 171, 172, 174, 176, 184, 185, 186, 187, 193, 194, 196, 197, 198, 204, 205, 207, 208, 209, 215, 217, 218, 220, 222, 223, 224, 225, 226, 232, 234, 235, 237, 239, 240, 241, 242, 243, 249, 250, 262, 263, 274, 276, 277, 282, 298, 299, 300, 301], "excluded_lines": [], "functions": {"get_system_health": {"executed_lines": [], "summary": {"covered_lines": 0, "num_statements": 5, "percent_covered": 0.0, "percent_covered_display": "0", "missing_lines": 5, "excluded_lines": 0}, "missing_lines": [24, 25, 27, 35, 36], "excluded_lines": []}, "get_service_health": {"executed_lines": [], "summary": {"covered_lines": 0, "num_statements": 9, "percent_covered": 0.0, "percent_covered_display": "0", "missing_lines": 9, "excluded_lines": 0}, "missing_lines": [42, 43, 45, 46, 48, 49, 50, 51, 52], "excluded_lines": []}, "get_system_metrics": {"executed_lines": [], "summary": {"covered_lines": 0, "num_statements": 5, "percent_covered": 0.0, "percent_covered_display": "0", "missing_lines": 5, "excluded_lines": 0}, "missing_lines": [60, 61, 63, 71, 72], "excluded_lines": []}, "get_websocket_analytics": {"executed_lines": [], "summary": {"covered_lines": 0, "num_statements": 5, "percent_covered": 0.0, "percent_covered_display": "0", "missing_lines": 5, "excluded_lines": 0}, "missing_lines": [78, 79, 81, 82, 83], "excluded_lines": []}, "get_active_connections": {"executed_lines": [], "summary": {"covered_lines": 0, "num_statements": 12, "percent_covered": 0.0, "percent_covered_display": "0", "missing_lines": 12, "excluded_lines": 0}, "missing_lines": [89, 91, 92, 94, 97, 98, 99, 112, 116, 117, 118, 119], "excluded_lines": []}, "get_cache_metrics": {"executed_lines": [], "summary": {"covered_lines": 0, "num_statements": 5, "percent_covered": 0.0, "percent_covered_display": "0", "missing_lines": 5, "excluded_lines": 0}, "missing_lines": [125, 126, 128, 129, 130], "excluded_lines": []}, "invalidate_cache_pattern": {"executed_lines": [], "summary": {"covered_lines": 0, "num_statements": 9, "percent_covered": 0.0, "percent_covered_display": "0", "missing_lines": 9, "excluded_lines": 0}, "missing_lines": [140, 142, 143, 145, 147, 151, 152, 153, 154], "excluded_lines": []}, "get_alerts": {"executed_lines": [], "summary": {"covered_lines": 0, "num_statements": 12, "percent_covered": 0.0, "percent_covered_display": "0", "missing_lines": 12, "excluded_lines": 0}, "missing_lines": [164, 166, 167, 169, 171, 172, 174, 176, 184, 185, 186, 187], "excluded_lines": []}, "get_monitoring_dashboard": {"executed_lines": [], "summary": {"covered_lines": 0, "num_statements": 5, "percent_covered": 0.0, "percent_covered_display": "0", "missing_lines": 5, "excluded_lines": 0}, "missing_lines": [193, 194, 196, 197, 198], "excluded_lines": []}, "get_performance_insights": {"executed_lines": [], "summary": {"covered_lines": 0, "num_statements": 5, "percent_covered": 0.0, "percent_covered_display": "0", "missing_lines": 5, "excluded_lines": 0}, "missing_lines": [204, 205, 207, 208, 209], "excluded_lines": []}, "start_monitoring": {"executed_lines": [], "summary": {"covered_lines": 0, "num_statements": 9, "percent_covered": 0.0, "percent_covered_display": "0", "missing_lines": 9, "excluded_lines": 0}, "missing_lines": [215, 217, 218, 220, 222, 223, 224, 225, 226], "excluded_lines": []}, "stop_monitoring": {"executed_lines": [], "summary": {"covered_lines": 0, "num_statements": 9, "percent_covered": 0.0, "percent_covered_display": "0", "missing_lines": 9, "excluded_lines": 0}, "missing_lines": [232, 234, 235, 237, 239, 240, 241, 242, 243], "excluded_lines": []}, "get_monitoring_status": {"executed_lines": [], "summary": {"covered_lines": 0, "num_statements": 4, "percent_covered": 0.0, "percent_covered_display": "0", "missing_lines": 4, "excluded_lines": 0}, "missing_lines": [249, 250, 262, 263], "excluded_lines": []}, "websocket_load_test": {"executed_lines": [], "summary": {"covered_lines": 0, "num_statements": 8, "percent_covered": 0.0, "percent_covered_display": "0", "missing_lines": 8, "excluded_lines": 0}, "missing_lines": [274, 276, 277, 282, 298, 299, 300, 301], "excluded_lines": []}, "": {"executed_lines": [2, 11, 13, 14, 15, 16, 18, 21, 22, 39, 40, 55, 56, 75, 76, 86, 87, 122, 123, 133, 134, 157, 158, 190, 191, 201, 202, 212, 213, 229, 230, 246, 247, 267, 268], "summary": {"covered_lines": 34, "num_statements": 34, "percent_covered": 100.0, "percent_covered_display": "100", "missing_lines": 0, "excluded_lines": 0}, "missing_lines": [], "excluded_lines": []}}, "classes": {"": {"executed_lines": [2, 11, 13, 14, 15, 16, 18, 21, 22, 39, 40, 55, 56, 75, 76, 86, 87, 122, 123, 133, 134, 157, 158, 190, 191, 201, 202, 212, 213, 229, 230, 246, 247, 267, 268], "summary": {"covered_lines": 34, "num_statements": 136, "percent_covered": 25.0, "percent_covered_display": "25", "missing_lines": 102, "excluded_lines": 0}, "missing_lines": [24, 25, 27, 35, 36, 42, 43, 45, 46, 48, 49, 50, 51, 52, 60, 61, 63, 71, 72, 78, 79, 81, 82, 83, 89, 91, 92, 94, 97, 98, 99, 112, 116, 117, 118, 119, 125, 126, 128, 129, 130, 140, 142, 143, 145, 147, 151, 152, 153, 154, 164, 166, 167, 169, 171, 172, 174, 176, 184, 185, 186, 187, 193, 194, 196, 197, 198, 204, 205, 207, 208, 209, 215, 217, 218, 220, 222, 223, 224, 225, 226, 232, 234, 235, 237, 239, 240, 241, 242, 243, 249, 250, 262, 263, 274, 276, 277, 282, 298, 299, 300, 301], "excluded_lines": []}}}, "apps\\backend\\app\\api\\routes\\portfolio.py": {"executed_lines": [1, 3, 4, 5, 6, 8, 9, 10, 11, 13, 14, 15, 16, 19, 20, 24, 25, 27, 28, 31, 32, 33, 34, 35, 36, 39, 40, 41, 42, 43, 44, 45, 46, 47, 48, 49, 50, 51, 54, 55, 56, 57, 58, 59, 60, 63, 64, 65, 68, 75, 82, 88, 96, 115, 152, 153, 154, 185, 186, 234, 235, 254, 255, 284, 285, 286], "summary": {"covered_lines": 66, "num_statements": 173, "percent_covered": 38.15028901734104, "percent_covered_display": "38", "missing_lines": 107, "excluded_lines": 0}, "missing_lines": [21, 23, 69, 70, 71, 72, 76, 77, 78, 79, 83, 84, 85, 89, 91, 92, 93, 97, 98, 99, 100, 101, 106, 116, 117, 118, 119, 120, 121, 122, 134, 146, 147, 148, 149, 159, 160, 161, 162, 167, 168, 169, 170, 182, 191, 192, 193, 194, 200, 201, 202, 203, 204, 205, 206, 208, 217, 218, 219, 220, 221, 222, 240, 241, 242, 243, 248, 249, 250, 251, 260, 261, 262, 263, 264, 265, 266, 267, 268, 269, 270, 271, 272, 273, 274, 275, 280, 281, 291, 292, 293, 294, 300, 301, 302, 304, 305, 306, 307, 308, 309, 310, 311, 321, 331, 332, 334], "excluded_lines": [], "functions": {"_user_by_handle": {"executed_lines": [], "summary": {"covered_lines": 0, "num_statements": 4, "percent_covered": 0.0, "percent_covered_display": "0", "missing_lines": 4, "excluded_lines": 0}, "missing_lines": [69, 70, 71, 72], "excluded_lines": []}, "_tags_to_str": {"executed_lines": [], "summary": {"covered_lines": 0, "num_statements": 4, "percent_covered": 0.0, "percent_covered_display": "0", "missing_lines": 4, "excluded_lines": 0}, "missing_lines": [76, 77, 78, 79], "excluded_lines": []}, "_tags_to_list": {"executed_lines": [], "summary": {"covered_lines": 0, "num_statements": 3, "percent_covered": 0.0, "percent_covered_display": "0", "missing_lines": 3, "excluded_lines": 0}, "missing_lines": [83, 84, 85], "excluded_lines": []}, "_latest_price": {"executed_lines": [], "summary": {"covered_lines": 0, "num_statements": 4, "percent_covered": 0.0, "percent_covered_display": "0", "missing_lines": 4, "excluded_lines": 0}, "missing_lines": [89, 91, 92, 93], "excluded_lines": []}, "_compute_fields": {"executed_lines": [], "summary": {"covered_lines": 0, "num_statements": 6, "percent_covered": 0.0, "percent_covered_display": "0", "missing_lines": 6, "excluded_lines": 0}, "missing_lines": [97, 98, 99, 100, 101, 106], "excluded_lines": []}, "_maybe_create_alerts": {"executed_lines": [], "summary": {"covered_lines": 0, "num_statements": 12, "percent_covered": 0.0, "percent_covered_display": "0", "missing_lines": 12, "excluded_lines": 0}, "missing_lines": [116, 117, 118, 119, 120, 121, 122, 134, 146, 147, 148, 149], "excluded_lines": []}, "list_positions": {"executed_lines": [], "summary": {"covered_lines": 0, "num_statements": 9, "percent_covered": 0.0, "percent_covered_display": "0", "missing_lines": 9, "excluded_lines": 0}, "missing_lines": [159, 160, 161, 162, 167, 168, 169, 170, 182], "excluded_lines": []}, "add_or_update_position": {"executed_lines": [], "summary": {"covered_lines": 0, "num_statements": 18, "percent_covered": 0.0, "percent_covered_display": "0", "missing_lines": 18, "excluded_lines": 0}, "missing_lines": [191, 192, 193, 194, 200, 201, 202, 203, 204, 205, 206, 208, 217, 218, 219, 220, 221, 222], "excluded_lines": []}, "delete_position": {"executed_lines": [], "summary": {"covered_lines": 0, "num_statements": 8, "percent_covered": 0.0, "percent_covered_display": "0", "missing_lines": 8, "excluded_lines": 0}, "missing_lines": [240, 241, 242, 243, 248, 249, 250, 251], "excluded_lines": []}, "import_text": {"executed_lines": [], "summary": {"covered_lines": 0, "num_statements": 18, "percent_covered": 0.0, "percent_covered_display": "0", "missing_lines": 18, "excluded_lines": 0}, "missing_lines": [260, 261, 262, 263, 264, 265, 266, 267, 268, 269, 270, 271, 272, 273, 274, 275, 280, 281], "excluded_lines": []}, "portfolio_summary": {"executed_lines": [], "summary": {"covered_lines": 0, "num_statements": 19, "percent_covered": 0.0, "percent_covered_display": "0", "missing_lines": 19, "excluded_lines": 0}, "missing_lines": [291, 292, 293, 294, 300, 301, 302, 304, 305, 306, 307, 308, 309, 310, 311, 321, 331, 332, 334], "excluded_lines": []}, "": {"executed_lines": [1, 3, 4, 5, 6, 8, 9, 10, 11, 13, 14, 15, 16, 19, 20, 24, 25, 27, 28, 31, 32, 33, 34, 35, 36, 39, 40, 41, 42, 43, 44, 45, 46, 47, 48, 49, 50, 51, 54, 55, 56, 57, 58, 59, 60, 63, 64, 65, 68, 75, 82, 88, 96, 115, 152, 153, 154, 185, 186, 234, 235, 254, 255, 284, 285, 286], "summary": {"covered_lines": 66, "num_statements": 68, "percent_covered": 97.05882352941177, "percent_covered_display": "97", "missing_lines": 2, "excluded_lines": 0}, "missing_lines": [21, 23], "excluded_lines": []}}, "classes": {"PositionIn": {"executed_lines": [], "summary": {"covered_lines": 0, "num_statements": 0, "percent_covered": 100.0, "percent_covered_display": "100", "missing_lines": 0, "excluded_lines": 0}, "missing_lines": [], "excluded_lines": []}, "PositionOut": {"executed_lines": [], "summary": {"covered_lines": 0, "num_statements": 0, "percent_covered": 100.0, "percent_covered_display": "100", "missing_lines": 0, "excluded_lines": 0}, "missing_lines": [], "excluded_lines": []}, "SummaryOut": {"executed_lines": [], "summary": {"covered_lines": 0, "num_statements": 0, "percent_covered": 100.0, "percent_covered_display": "100", "missing_lines": 0, "excluded_lines": 0}, "missing_lines": [], "excluded_lines": []}, "ImportTextPayload": {"executed_lines": [], "summary": {"covered_lines": 0, "num_statements": 0, "percent_covered": 100.0, "percent_covered_display": "100", "missing_lines": 0, "excluded_lines": 0}, "missing_lines": [], "excluded_lines": []}, "": {"executed_lines": [1, 3, 4, 5, 6, 8, 9, 10, 11, 13, 14, 15, 16, 19, 20, 24, 25, 27, 28, 31, 32, 33, 34, 35, 36, 39, 40, 41, 42, 43, 44, 45, 46, 47, 48, 49, 50, 51, 54, 55, 56, 57, 58, 59, 60, 63, 64, 65, 68, 75, 82, 88, 96, 115, 152, 153, 154, 185, 186, 234, 235, 254, 255, 284, 285, 286], "summary": {"covered_lines": 66, "num_statements": 173, "percent_covered": 38.15028901734104, "percent_covered_display": "38", "missing_lines": 107, "excluded_lines": 0}, "missing_lines": [21, 23, 69, 70, 71, 72, 76, 77, 78, 79, 83, 84, 85, 89, 91, 92, 93, 97, 98, 99, 100, 101, 106, 116, 117, 118, 119, 120, 121, 122, 134, 146, 147, 148, 149, 159, 160, 161, 162, 167, 168, 169, 170, 182, 191, 192, 193, 194, 200, 201, 202, 203, 204, 205, 206, 208, 217, 218, 219, 220, 221, 222, 240, 241, 242, 243, 248, 249, 250, 251, 260, 261, 262, 263, 264, 265, 266, 267, 268, 269, 270, 271, 272, 273, 274, 275, 280, 281, 291, 292, 293, 294, 300, 301, 302, 304, 305, 306, 307, 308, 309, 310, 311, 321, 331, 332, 334], "excluded_lines": []}}}, "apps\\backend\\app\\api\\routes\\security.py": {"executed_lines": [1, 6, 7, 9, 10, 12, 13, 14, 15, 17, 18, 19, 22, 23, 36, 37, 64, 65, 91, 92, 117, 118, 134, 163, 164, 203, 204, 227, 228, 250, 251, 280, 281], "summary": {"covered_lines": 32, "num_statements": 87, "percent_covered": 36.7816091954023, "percent_covered_display": "37", "missing_lines": 55, "excluded_lines": 0}, "missing_lines": [25, 28, 43, 45, 73, 76, 78, 84, 100, 103, 104, 107, 108, 110, 125, 127, 136, 138, 139, 140, 142, 143, 147, 148, 152, 153, 157, 158, 160, 167, 169, 172, 174, 176, 185, 186, 187, 188, 189, 191, 193, 194, 207, 210, 231, 233, 254, 256, 257, 265, 271, 272, 288, 289, 305], "excluded_lines": [], "functions": {"get_security_status": {"executed_lines": [], "summary": {"covered_lines": 0, "num_statements": 2, "percent_covered": 0.0, "percent_covered_display": "0", "missing_lines": 2, "excluded_lines": 0}, "missing_lines": [25, 28], "excluded_lines": []}, "get_security_dashboard": {"executed_lines": [], "summary": {"covered_lines": 0, "num_statements": 2, "percent_covered": 0.0, "percent_covered_display": "0", "missing_lines": 2, "excluded_lines": 0}, "missing_lines": [43, 45], "excluded_lines": []}, "block_ip_address": {"executed_lines": [], "summary": {"covered_lines": 0, "num_statements": 4, "percent_covered": 0.0, "percent_covered_display": "0", "missing_lines": 4, "excluded_lines": 0}, "missing_lines": [73, 76, 78, 84], "excluded_lines": []}, "unblock_ip_address": {"executed_lines": [], "summary": {"covered_lines": 0, "num_statements": 6, "percent_covered": 0.0, "percent_covered_display": "0", "missing_lines": 6, "excluded_lines": 0}, "missing_lines": [100, 103, 104, 107, 108, 110], "excluded_lines": []}, "get_security_events_summary": {"executed_lines": [], "summary": {"covered_lines": 0, "num_statements": 2, "percent_covered": 0.0, "percent_covered_display": "0", "missing_lines": 2, "excluded_lines": 0}, "missing_lines": [125, 127], "excluded_lines": []}, "_get_security_recommendations": {"executed_lines": [], "summary": {"covered_lines": 0, "num_statements": 13, "percent_covered": 0.0, "percent_covered_display": "0", "missing_lines": 13, "excluded_lines": 0}, "missing_lines": [136, 138, 139, 140, 142, 143, 147, 148, 152, 153, 157, 158, 160], "excluded_lines": []}, "security_health_check": {"executed_lines": [], "summary": {"covered_lines": 0, "num_statements": 13, "percent_covered": 0.0, "percent_covered_display": "0", "missing_lines": 13, "excluded_lines": 0}, "missing_lines": [167, 169, 172, 174, 176, 185, 186, 187, 188, 189, 191, 193, 194], "excluded_lines": []}, "get_security_config": {"executed_lines": [], "summary": {"covered_lines": 0, "num_statements": 2, "percent_covered": 0.0, "percent_covered_display": "0", "missing_lines": 2, "excluded_lines": 0}, "missing_lines": [207, 210], "excluded_lines": []}, "get_alert_configuration": {"executed_lines": [], "summary": {"covered_lines": 0, "num_statements": 2, "percent_covered": 0.0, "percent_covered_display": "0", "missing_lines": 2, "excluded_lines": 0}, "missing_lines": [231, 233], "excluded_lines": []}, "test_security_alerts": {"executed_lines": [], "summary": {"covered_lines": 0, "num_statements": 6, "percent_covered": 0.0, "percent_covered_display": "0", "missing_lines": 6, "excluded_lines": 0}, "missing_lines": [254, 256, 257, 265, 271, 272], "excluded_lines": []}, "get_alert_history": {"executed_lines": [], "summary": {"covered_lines": 0, "num_statements": 3, "percent_covered": 0.0, "percent_covered_display": "0", "missing_lines": 3, "excluded_lines": 0}, "missing_lines": [288, 289, 305], "excluded_lines": []}, "": {"executed_lines": [1, 6, 7, 9, 10, 12, 13, 14, 15, 17, 18, 19, 22, 23, 36, 37, 64, 65, 91, 92, 117, 118, 134, 163, 164, 203, 204, 227, 228, 250, 251, 280, 281], "summary": {"covered_lines": 32, "num_statements": 32, "percent_covered": 100.0, "percent_covered_display": "100", "missing_lines": 0, "excluded_lines": 0}, "missing_lines": [], "excluded_lines": []}}, "classes": {"": {"executed_lines": [1, 6, 7, 9, 10, 12, 13, 14, 15, 17, 18, 19, 22, 23, 36, 37, 64, 65, 91, 92, 117, 118, 134, 163, 164, 203, 204, 227, 228, 250, 251, 280, 281], "summary": {"covered_lines": 32, "num_statements": 87, "percent_covered": 36.7816091954023, "percent_covered_display": "37", "missing_lines": 55, "excluded_lines": 0}, "missing_lines": [25, 28, 43, 45, 73, 76, 78, 84, 100, 103, 104, 107, 108, 110, 125, 127, 136, 138, 139, 140, 142, 143, 147, 148, 152, 153, 157, 158, 160, 167, 169, 172, 174, 176, 185, 186, 187, 188, 189, 191, 193, 194, 207, 210, 231, 233, 254, 256, 257, 265, 271, 272, 288, 289, 305], "excluded_lines": []}}}, "apps\\backend\\app\\api\\routes\\social.py": {"executed_lines": [1, 3, 4, 5, 6, 8, 9, 10, 12, 15, 19, 20, 21, 22, 25, 26, 27, 28, 29, 30, 31, 32, 35, 36, 37, 38, 41, 42, 43, 44, 45, 46, 47, 51, 59, 60, 83, 84, 108, 109, 125, 126, 141, 142, 159, 160, 186, 187], "summary": {"covered_lines": 48, "num_statements": 125, "percent_covered": 38.4, "percent_covered_display": "38", "missing_lines": 77, "excluded_lines": 0}, "missing_lines": [52, 53, 54, 55, 61, 62, 65, 66, 67, 68, 69, 71, 80, 85, 86, 87, 90, 93, 96, 110, 111, 112, 113, 114, 115, 116, 119, 120, 121, 122, 127, 128, 129, 130, 131, 134, 135, 136, 137, 143, 144, 145, 146, 147, 148, 149, 161, 162, 163, 164, 165, 166, 167, 168, 169, 170, 171, 172, 182, 188, 189, 190, 193, 200, 202, 203, 206, 208, 209, 210, 211, 213, 214, 216, 217, 218, 228], "excluded_lines": [], "functions": {"_user_by_handle": {"executed_lines": [], "summary": {"covered_lines": 0, "num_statements": 4, "percent_covered": 0.0, "percent_covered_display": "0", "missing_lines": 4, "excluded_lines": 0}, "missing_lines": [52, 53, 54, 55], "excluded_lines": []}, "create_user": {"executed_lines": [], "summary": {"covered_lines": 0, "num_statements": 9, "percent_covered": 0.0, "percent_covered_display": "0", "missing_lines": 9, "excluded_lines": 0}, "missing_lines": [61, 62, 65, 66, 67, 68, 69, 71, 80], "excluded_lines": []}, "get_user": {"executed_lines": [], "summary": {"covered_lines": 0, "num_statements": 6, "percent_covered": 0.0, "percent_covered_display": "0", "missing_lines": 6, "excluded_lines": 0}, "missing_lines": [85, 86, 87, 90, 93, 96], "excluded_lines": []}, "follow": {"executed_lines": [], "summary": {"covered_lines": 0, "num_statements": 11, "percent_covered": 0.0, "percent_covered_display": "0", "missing_lines": 11, "excluded_lines": 0}, "missing_lines": [110, 111, 112, 113, 114, 115, 116, 119, 120, 121, 122], "excluded_lines": []}, "unfollow": {"executed_lines": [], "summary": {"covered_lines": 0, "num_statements": 9, "percent_covered": 0.0, "percent_covered_display": "0", "missing_lines": 9, "excluded_lines": 0}, "missing_lines": [127, 128, 129, 130, 131, 134, 135, 136, 137], "excluded_lines": []}, "create_post": {"executed_lines": [], "summary": {"covered_lines": 0, "num_statements": 7, "percent_covered": 0.0, "percent_covered_display": "0", "missing_lines": 7, "excluded_lines": 0}, "missing_lines": [143, 144, 145, 146, 147, 148, 149], "excluded_lines": []}, "list_posts": {"executed_lines": [], "summary": {"covered_lines": 0, "num_statements": 13, "percent_covered": 0.0, "percent_covered_display": "0", "missing_lines": 13, "excluded_lines": 0}, "missing_lines": [161, 162, 163, 164, 165, 166, 167, 168, 169, 170, 171, 172, 182], "excluded_lines": []}, "feed": {"executed_lines": [], "summary": {"covered_lines": 0, "num_statements": 18, "percent_covered": 0.0, "percent_covered_display": "0", "missing_lines": 18, "excluded_lines": 0}, "missing_lines": [188, 189, 190, 193, 200, 202, 203, 206, 208, 209, 210, 211, 213, 214, 216, 217, 218, 228], "excluded_lines": []}, "": {"executed_lines": [1, 3, 4, 5, 6, 8, 9, 10, 12, 15, 19, 20, 21, 22, 25, 26, 27, 28, 29, 30, 31, 32, 35, 36, 37, 38, 41, 42, 43, 44, 45, 46, 47, 51, 59, 60, 83, 84, 108, 109, 125, 126, 141, 142, 159, 160, 186, 187], "summary": {"covered_lines": 48, "num_statements": 48, "percent_covered": 100.0, "percent_covered_display": "100", "missing_lines": 0, "excluded_lines": 0}, "missing_lines": [], "excluded_lines": []}}, "classes": {"UserCreate": {"executed_lines": [], "summary": {"covered_lines": 0, "num_statements": 0, "percent_covered": 100.0, "percent_covered_display": "100", "missing_lines": 0, "excluded_lines": 0}, "missing_lines": [], "excluded_lines": []}, "UserOut": {"executed_lines": [], "summary": {"covered_lines": 0, "num_statements": 0, "percent_covered": 100.0, "percent_covered_display": "100", "missing_lines": 0, "excluded_lines": 0}, "missing_lines": [], "excluded_lines": []}, "PostCreate": {"executed_lines": [], "summary": {"covered_lines": 0, "num_statements": 0, "percent_covered": 100.0, "percent_covered_display": "100", "missing_lines": 0, "excluded_lines": 0}, "missing_lines": [], "excluded_lines": []}, "PostOut": {"executed_lines": [], "summary": {"covered_lines": 0, "num_statements": 0, "percent_covered": 100.0, "percent_covered_display": "100", "missing_lines": 0, "excluded_lines": 0}, "missing_lines": [], "excluded_lines": []}, "": {"executed_lines": [1, 3, 4, 5, 6, 8, 9, 10, 12, 15, 19, 20, 21, 22, 25, 26, 27, 28, 29, 30, 31, 32, 35, 36, 37, 38, 41, 42, 43, 44, 45, 46, 47, 51, 59, 60, 83, 84, 108, 109, 125, 126, 141, 142, 159, 160, 186, 187], "summary": {"covered_lines": 48, "num_statements": 125, "percent_covered": 38.4, "percent_covered_display": "38", "missing_lines": 77, "excluded_lines": 0}, "missing_lines": [52, 53, 54, 55, 61, 62, 65, 66, 67, 68, 69, 71, 80, 85, 86, 87, 90, 93, 96, 110, 111, 112, 113, 114, 115, 116, 119, 120, 121, 122, 127, 128, 129, 130, 131, 134, 135, 136, 137, 143, 144, 145, 146, 147, 148, 149, 161, 162, 163, 164, 165, 166, 167, 168, 169, 170, 171, 172, 182, 188, 189, 190, 193, 200, 202, 203, 206, 208, 209, 210, 211, 213, 214, 216, 217, 218, 228], "excluded_lines": []}}}, "apps\\backend\\app\\core\\__init__.py": {"executed_lines": [0], "summary": {"covered_lines": 0, "num_statements": 0, "percent_covered": 100.0, "percent_covered_display": "100", "missing_lines": 0, "excluded_lines": 0}, "missing_lines": [], "excluded_lines": [], "functions": {"": {"executed_lines": [], "summary": {"covered_lines": 0, "num_statements": 0, "percent_covered": 100.0, "percent_covered_display": "100", "missing_lines": 0, "excluded_lines": 0}, "missing_lines": [], "excluded_lines": []}}, "classes": {"": {"executed_lines": [], "summary": {"covered_lines": 0, "num_statements": 0, "percent_covered": 100.0, "percent_covered_display": "100", "missing_lines": 0, "excluded_lines": 0}, "missing_lines": [], "excluded_lines": []}}}, "apps\\backend\\app\\core\\advanced_redis_client.py": {"executed_lines": [2, 11, 12, 13, 14, 15, 16, 18, 19, 20, 21, 22, 23, 25, 27, 30, 31, 33, 34, 35, 36, 37, 40, 41, 43, 44, 45, 46, 47, 48, 49, 51, 52, 56, 57, 60, 65, 70, 73, 77, 78, 87, 88, 89, 90, 91, 92, 93, 94, 97, 106, 108, 176, 193, 229, 242, 274, 306, 342, 367, 396, 419, 434, 448, 460, 475], "summary": {"covered_lines": 62, "num_statements": 248, "percent_covered": 25.0, "percent_covered_display": "25", "missing_lines": 186, "excluded_lines": 0}, "missing_lines": [53, 54, 58, 61, 62, 63, 66, 67, 68, 71, 74, 110, 111, 113, 118, 127, 137, 141, 153, 154, 159, 160, 163, 166, 167, 169, 171, 172, 173, 174, 178, 186, 187, 189, 190, 191, 195, 197, 200, 201, 203, 205, 206, 207, 209, 212, 213, 220, 222, 224, 225, 226, 227, 231, 232, 233, 235, 239, 240, 244, 246, 247, 248, 249, 251, 253, 254, 256, 258, 260, 261, 262, 264, 266, 267, 269, 270, 271, 272, 278, 279, 280, 283, 286, 288, 289, 291, 292, 294, 296, 297, 299, 301, 302, 303, 304, 308, 310, 311, 312, 313, 316, 317, 319, 320, 321, 324, 325, 326, 327, 328, 330, 331, 332, 334, 335, 337, 338, 339, 340, 346, 347, 348, 350, 351, 352, 354, 355, 358, 360, 362, 363, 364, 365, 369, 370, 372, 373, 374, 376, 377, 379, 382, 383, 384, 385, 389, 390, 392, 393, 394, 398, 399, 400, 402, 403, 405, 407, 408, 409, 410, 411, 413, 415, 416, 417, 421, 436, 437, 438, 439, 440, 445, 446, 450, 451, 452, 455, 457, 458, 462, 465, 467, 468, 470, 471], "excluded_lines": [], "functions": {"CacheMetrics.__init__": {"executed_lines": [44, 45, 46, 47, 48, 49], "summary": {"covered_lines": 6, "num_statements": 6, "percent_covered": 100.0, "percent_covered_display": "100", "missing_lines": 0, "excluded_lines": 0}, "missing_lines": [], "excluded_lines": []}, "CacheMetrics.hit_rate": {"executed_lines": [], "summary": {"covered_lines": 0, "num_statements": 2, "percent_covered": 0.0, "percent_covered_display": "0", "missing_lines": 2, "excluded_lines": 0}, "missing_lines": [53, 54], "excluded_lines": []}, "CacheMetrics.avg_response_time": {"executed_lines": [], "summary": {"covered_lines": 0, "num_statements": 1, "percent_covered": 0.0, "percent_covered_display": "0", "missing_lines": 1, "excluded_lines": 0}, "missing_lines": [58], "excluded_lines": []}, "CacheMetrics.record_hit": {"executed_lines": [], "summary": {"covered_lines": 0, "num_statements": 3, "percent_covered": 0.0, "percent_covered_display": "0", "missing_lines": 3, "excluded_lines": 0}, "missing_lines": [61, 62, 63], "excluded_lines": []}, "CacheMetrics.record_miss": {"executed_lines": [], "summary": {"covered_lines": 0, "num_statements": 3, "percent_covered": 0.0, "percent_covered_display": "0", "missing_lines": 3, "excluded_lines": 0}, "missing_lines": [66, 67, 68], "excluded_lines": []}, "CacheMetrics.record_write": {"executed_lines": [], "summary": {"covered_lines": 0, "num_statements": 1, "percent_covered": 0.0, "percent_covered_display": "0", "missing_lines": 1, "excluded_lines": 0}, "missing_lines": [71], "excluded_lines": []}, "CacheMetrics.record_error": {"executed_lines": [], "summary": {"covered_lines": 0, "num_statements": 1, "percent_covered": 0.0, "percent_covered_display": "0", "missing_lines": 1, "excluded_lines": 0}, "missing_lines": [74], "excluded_lines": []}, "AdvancedRedisClient.__init__": {"executed_lines": [88, 89, 90, 91, 92, 93, 94, 97, 106], "summary": {"covered_lines": 9, "num_statements": 9, "percent_covered": 100.0, "percent_covered_display": "100", "missing_lines": 0, "excluded_lines": 0}, "missing_lines": [], "excluded_lines": []}, "AdvancedRedisClient.initialize": {"executed_lines": [], "summary": {"covered_lines": 0, "num_statements": 19, "percent_covered": 0.0, "percent_covered_display": "0", "missing_lines": 19, "excluded_lines": 0}, "missing_lines": [110, 111, 113, 118, 127, 137, 141, 153, 154, 159, 160, 163, 166, 167, 169, 171, 172, 173, 174], "excluded_lines": []}, "AdvancedRedisClient._initialize_cache_layers": {"executed_lines": [], "summary": {"covered_lines": 0, "num_statements": 6, "percent_covered": 0.0, "percent_covered_display": "0", "missing_lines": 6, "excluded_lines": 0}, "missing_lines": [178, 186, 187, 189, 190, 191], "excluded_lines": []}, "AdvancedRedisClient.is_available": {"executed_lines": [], "summary": {"covered_lines": 0, "num_statements": 17, "percent_covered": 0.0, "percent_covered_display": "0", "missing_lines": 17, "excluded_lines": 0}, "missing_lines": [195, 197, 200, 201, 203, 205, 206, 207, 209, 212, 213, 220, 222, 224, 225, 226, 227], "excluded_lines": []}, "AdvancedRedisClient._handle_circuit_breaker_failure": {"executed_lines": [], "summary": {"covered_lines": 0, "num_statements": 6, "percent_covered": 0.0, "percent_covered_display": "0", "missing_lines": 6, "excluded_lines": 0}, "missing_lines": [231, 232, 233, 235, 239, 240], "excluded_lines": []}, "AdvancedRedisClient.get": {"executed_lines": [], "summary": {"covered_lines": 0, "num_statements": 20, "percent_covered": 0.0, "percent_covered_display": "0", "missing_lines": 20, "excluded_lines": 0}, "missing_lines": [244, 246, 247, 248, 249, 251, 253, 254, 256, 258, 260, 261, 262, 264, 266, 267, 269, 270, 271, 272], "excluded_lines": []}, "AdvancedRedisClient.set": {"executed_lines": [], "summary": {"covered_lines": 0, "num_statements": 17, "percent_covered": 0.0, "percent_covered_display": "0", "missing_lines": 17, "excluded_lines": 0}, "missing_lines": [278, 279, 280, 283, 286, 288, 289, 291, 292, 294, 296, 297, 299, 301, 302, 303, 304], "excluded_lines": []}, "AdvancedRedisClient.get_with_layers": {"executed_lines": [], "summary": {"covered_lines": 0, "num_statements": 24, "percent_covered": 0.0, "percent_covered_display": "0", "missing_lines": 24, "excluded_lines": 0}, "missing_lines": [308, 310, 311, 312, 313, 316, 317, 319, 320, 321, 324, 325, 326, 327, 328, 330, 331, 332, 334, 335, 337, 338, 339, 340], "excluded_lines": []}, "AdvancedRedisClient.set_with_layer": {"executed_lines": [], "summary": {"covered_lines": 0, "num_statements": 14, "percent_covered": 0.0, "percent_covered_display": "0", "missing_lines": 14, "excluded_lines": 0}, "missing_lines": [346, 347, 348, 350, 351, 352, 354, 355, 358, 360, 362, 363, 364, 365], "excluded_lines": []}, "AdvancedRedisClient.cache_warm_batch": {"executed_lines": [], "summary": {"covered_lines": 0, "num_statements": 17, "percent_covered": 0.0, "percent_covered_display": "0", "missing_lines": 17, "excluded_lines": 0}, "missing_lines": [369, 370, 372, 373, 374, 376, 377, 379, 382, 383, 384, 385, 389, 390, 392, 393, 394], "excluded_lines": []}, "AdvancedRedisClient.invalidate_pattern": {"executed_lines": [], "summary": {"covered_lines": 0, "num_statements": 15, "percent_covered": 0.0, "percent_covered_display": "0", "missing_lines": 15, "excluded_lines": 0}, "missing_lines": [398, 399, 400, 402, 403, 405, 407, 408, 409, 410, 411, 413, 415, 416, 417], "excluded_lines": []}, "AdvancedRedisClient.get_metrics": {"executed_lines": [], "summary": {"covered_lines": 0, "num_statements": 1, "percent_covered": 0.0, "percent_covered_display": "0", "missing_lines": 1, "excluded_lines": 0}, "missing_lines": [421], "excluded_lines": []}, "AdvancedRedisClient._metrics_reporter": {"executed_lines": [], "summary": {"covered_lines": 0, "num_statements": 7, "percent_covered": 0.0, "percent_covered_display": "0", "missing_lines": 7, "excluded_lines": 0}, "missing_lines": [436, 437, 438, 439, 440, 445, 446], "excluded_lines": []}, "AdvancedRedisClient._cache_warmer": {"executed_lines": [], "summary": {"covered_lines": 0, "num_statements": 6, "percent_covered": 0.0, "percent_covered_display": "0", "missing_lines": 6, "excluded_lines": 0}, "missing_lines": [450, 451, 452, 455, 457, 458], "excluded_lines": []}, "AdvancedRedisClient._warm_notification_cache": {"executed_lines": [], "summary": {"covered_lines": 0, "num_statements": 6, "percent_covered": 0.0, "percent_covered_display": "0", "missing_lines": 6, "excluded_lines": 0}, "missing_lines": [462, 465, 467, 468, 470, 471], "excluded_lines": []}, "": {"executed_lines": [2, 11, 12, 13, 14, 15, 16, 18, 19, 20, 21, 22, 23, 25, 27, 30, 31, 33, 34, 35, 36, 37, 40, 41, 43, 51, 52, 56, 57, 60, 65, 70, 73, 77, 78, 87, 108, 176, 193, 229, 242, 274, 306, 342, 367, 396, 419, 434, 448, 460, 475], "summary": {"covered_lines": 47, "num_statements": 47, "percent_covered": 100.0, "percent_covered_display": "100", "missing_lines": 0, "excluded_lines": 0}, "missing_lines": [], "excluded_lines": []}}, "classes": {"CacheStrategy": {"executed_lines": [], "summary": {"covered_lines": 0, "num_statements": 0, "percent_covered": 100.0, "percent_covered_display": "100", "missing_lines": 0, "excluded_lines": 0}, "missing_lines": [], "excluded_lines": []}, "CacheMetrics": {"executed_lines": [44, 45, 46, 47, 48, 49], "summary": {"covered_lines": 6, "num_statements": 17, "percent_covered": 35.294117647058826, "percent_covered_display": "35", "missing_lines": 11, "excluded_lines": 0}, "missing_lines": [53, 54, 58, 61, 62, 63, 66, 67, 68, 71, 74], "excluded_lines": []}, "AdvancedRedisClient": {"executed_lines": [88, 89, 90, 91, 92, 93, 94, 97, 106], "summary": {"covered_lines": 9, "num_statements": 184, "percent_covered": 4.891304347826087, "percent_covered_display": "5", "missing_lines": 175, "excluded_lines": 0}, "missing_lines": [110, 111, 113, 118, 127, 137, 141, 153, 154, 159, 160, 163, 166, 167, 169, 171, 172, 173, 174, 178, 186, 187, 189, 190, 191, 195, 197, 200, 201, 203, 205, 206, 207, 209, 212, 213, 220, 222, 224, 225, 226, 227, 231, 232, 233, 235, 239, 240, 244, 246, 247, 248, 249, 251, 253, 254, 256, 258, 260, 261, 262, 264, 266, 267, 269, 270, 271, 272, 278, 279, 280, 283, 286, 288, 289, 291, 292, 294, 296, 297, 299, 301, 302, 303, 304, 308, 310, 311, 312, 313, 316, 317, 319, 320, 321, 324, 325, 326, 327, 328, 330, 331, 332, 334, 335, 337, 338, 339, 340, 346, 347, 348, 350, 351, 352, 354, 355, 358, 360, 362, 363, 364, 365, 369, 370, 372, 373, 374, 376, 377, 379, 382, 383, 384, 385, 389, 390, 392, 393, 394, 398, 399, 400, 402, 403, 405, 407, 408, 409, 410, 411, 413, 415, 416, 417, 421, 436, 437, 438, 439, 440, 445, 446, 450, 451, 452, 455, 457, 458, 462, 465, 467, 468, 470, 471], "excluded_lines": []}, "": {"executed_lines": [2, 11, 12, 13, 14, 15, 16, 18, 19, 20, 21, 22, 23, 25, 27, 30, 31, 33, 34, 35, 36, 37, 40, 41, 43, 
[...]
: [], "summary": {"covered_lines": 0, "num_statements": 5, "percent_covered": 0.0, "percent_covered_display": "0", "missing_lines": 5, "excluded_lines": 0}, "missing_lines": [587, 588, 589, 591, 595], "excluded_lines": []}, "AdvancedWebSocketManager._start_background_tasks": {"executed_lines": [], "summary": {"covered_lines": 0, "num_statements": 1, "percent_covered": 0.0, "percent_covered_display": "0", "missing_lines": 1, "excluded_lines": 0}, "missing_lines": [625], "excluded_lines": []}, "AdvancedWebSocketManager._metrics_aggregator": {"executed_lines": [], "summary": {"covered_lines": 0, "num_statements": 10, "percent_covered": 0.0, "percent_covered_display": "0", "missing_lines": 10, "excluded_lines": 0}, "missing_lines": [629, 630, 631, 633, 634, 639, 644, 645, 647, 648], "excluded_lines": []}, "AdvancedWebSocketManager._connection_health_checker": {"executed_lines": [], "summary": {"covered_lines": 0, "num_statements": 13, "percent_covered": 0.0, "percent_covered_display": "0", "missing_lines": 13, "excluded_lines": 0}, "missing_lines": [652, 653, 654, 656, 657, 659, 661, 662, 665, 666, 667, 669, 670], "excluded_lines": []}, "AdvancedWebSocketManager._performance_monitor": {"executed_lines": [], "summary": {"covered_lines": 0, "num_statements": 7, "percent_covered": 0.0, "percent_covered_display": "0", "missing_lines": 7, "excluded_lines": 0}, "missing_lines": [674, 675, 676, 678, 680, 688, 689], "excluded_lines": []}, "AdvancedWebSocketManager.get_analytics": {"executed_lines": [], "summary": {"covered_lines": 0, "num_statements": 7, "percent_covered": 0.0, "percent_covered_display": "0", "missing_lines": 7, "excluded_lines": 0}, "missing_lines": [694, 697, 698, 705, 708, 709, 715], "excluded_lines": []}, "get_websocket_manager": {"executed_lines": [735, 736, 737], "summary": {"covered_lines": 3, "num_statements": 3, "percent_covered": 100.0, "percent_covered_display": "100", "missing_lines": 0, "excluded_lines": 0}, "missing_lines": [], "excluded_lines": []}, "": {"executed_lines": [2, 11, 12, 13, 14, 15, 16, 17, 18, 19, 21, 22, 24, 25, 27, 30, 31, 32, 34, 35, 36, 37, 38, 39, 40, 41, 42, 44, 47, 52, 58, 59, 60, 62, 63, 64, 65, 66, 67, 68, 69, 71, 85, 86, 88, 101, 138, 168, 181, 195, 200, 205, 218, 225, 234, 256, 257, 266, 284, 288, 314, 337, 385, 422, 442, 482, 507, 540, 545, 559, 573, 585, 597, 611, 623, 627, 650, 672, 691, 729, 732, 741], "summary": {"covered_lines": 77, "num_statements": 77, "percent_covered": 100.0, "percent_covered_display": "100", "missing_lines": 0, "excluded_lines": 0}, "missing_lines": [], "excluded_lines": []}}, "classes": {"ConnectionMetrics": {"executed_lines": [], "summary": {"covered_lines": 0, "num_statements": 7, "percent_covered": 0.0, "percent_covered_display": "0", "missing_lines": 7, "excluded_lines": 0}, "missing_lines": [45, 48, 49, 50, 53, 54, 55], "excluded_lines": []}, "ConnectionInfo": {"executed_lines": [], "summary": {"covered_lines": 0, "num_statements": 1, "percent_covered": 0.0, "percent_covered_display": "0", "missing_lines": 1, "excluded_lines": 0}, "missing_lines": [72], "excluded_lines": []}, "ConnectionPool": {"executed_lines": [89, 90, 91, 92, 93, 94], "summary": {"covered_lines": 6, "num_statements": 70, "percent_covered": 8.571428571428571, "percent_covered_display": "9", "missing_lines": 64, "excluded_lines": 0}, "missing_lines": [106, 107, 108, 110, 112, 114, 124, 125, 127, 128, 133, 135, 136, 141, 142, 144, 145, 148, 149, 150, 153, 154, 155, 156, 159, 160, 163, 165, 166, 170, 171, 173, 174, 177, 179, 183, 184, 186, 187, 189, 190, 192, 193, 197, 198, 202, 203, 207, 208, 209, 215, 216, 220, 221, 222, 223, 227, 228, 231, 232, 236, 237, 240, 244], "excluded_lines": []}, "AdvancedWebSocketManager": {"executed_lines": [267, 268, 269, 270, 277, 278, 281, 282], "summary": {"covered_lines": 8, "num_statements": 203, "percent_covered": 3.9408866995073892, "percent_covered_display": "4", "missing_lines": 195, "excluded_lines": 0}, "missing_lines": [286, 290, 291, 293, 296, 297, 298, 301, 302, 303, 306, 307, 308, 310, 316, 317, 319, 322, 323, 324, 325, 326, 327, 328, 329, 330, 332, 333, 335, 342, 343, 345, 349, 350, 351, 354, 357, 367, 370, 379, 381, 382, 383, 388, 389, 390, 392, 393, 401, 402, 405, 417, 419, 420, 425, 426, 429, 431, 432, 433, 434, 435, 436, 440, 447, 448, 449, 452, 453, 456, 457, 458, 459, 462, 464, 465, 466, 469, 470, 480, 485, 486, 487, 489, 490, 491, 494, 495, 497, 499, 500, 501, 502, 503, 504, 505, 510, 511, 512, 514, 515, 516, 517, 520, 522, 523, 524, 525, 526, 527, 528, 529, 530, 531, 533, 535, 536, 537, 538, 542, 543, 547, 548, 549, 550, 551, 553, 557, 561, 562, 563, 564, 565, 567, 571, 575, 576, 577, 579, 583, 587, 588, 589, 591, 595, 599, 600, 601, 602, 603, 605, 609, 613, 614, 615, 617, 621, 625, 629, 630, 631, 633, 634, 639, 644, 645, 647, 648, 652, 653, 654, 656, 657, 659, 661, 662, 665, 666, 667, 669, 670, 674, 675, 676, 678, 680, 688, 689, 694, 697, 698, 705, 708, 709, 715], "excluded_lines": []}, "": {"executed_lines": [2, 11, 12, 13, 14, 15, 16, 17, 18, 19, 21, 22, 24, 25, 27, 30, 31, 32, 34, 35, 36, 37, 38, 39, 40, 41, 42, 44, 47, 52, 58, 59, 60, 62, 63, 64, 65, 66, 67, 68, 69, 71, 85, 86, 88, 101, 138, 168, 181, 195, 200, 205, 218, 225, 234, 256, 257, 266, 284, 288, 314, 337, 385, 422, 442, 482, 507, 540, 545, 559, 573, 585, 597, 611, 623, 627, 650, 672, 691, 729, 732, 735, 736, 737, 741], "summary": {"covered_lines": 80, "num_statements": 80, "percent_covered": 100.0, "percent_covered_display": "100", "missing_lines": 0, "excluded_lines": 0}, "missing_lines": [], "excluded_lines": []}}}, "apps\\backend\\app\\websockets\\jwt_websocket_auth.py": {"executed_lines": [1, 6, 7, 8, 9, 11, 12, 15, 16, 17, 18, 20, 23, 24, 26, 27, 28, 29, 31, 46, 55, 100, 101, 103, 104, 105, 106, 107, 109, 152, 176, 193, 210, 237, 255, 269, 295, 356, 386, 387, 390], "summary": {"covered_lines": 38, "num_statements": 199, "percent_covered": 19.09547738693467, "percent_covered_display": "19", "missing_lines": 161, "excluded_lines": 0}, "missing_lines": [35, 37, 38, 40, 42, 43, 44, 48, 49, 50, 51, 52, 53, 59, 60, 62, 64, 66, 67, 68, 70, 71, 72, 75, 76, 77, 78, 81, 82, 84, 85, 86, 88, 95, 96, 97, 111, 112, 114, 115, 118, 127, 128, 129, 132, 135, 136, 137, 140, 141, 143, 146, 148, 149, 150, 154, 155, 156, 157, 160, 163, 164, 165, 166, 169, 171, 173, 174, 178, 180, 181, 182, 183, 184, 185, 186, 187, 188, 189, 191, 197, 199, 200, 201, 202, 203, 204, 205, 206, 208, 212, 213, 216, 218, 226, 229, 232, 234, 235, 239, 241, 244, 249, 250, 252, 253, 257, 259, 260, 261, 262, 263, 264, 267, 271, 272, 273, 277, 285, 286, 290, 291, 297, 298, 299, 301, 303, 305, 306, 307, 310, 313, 316, 317, 318, 319, 322, 323, 325, 326, 328, 329, 333, 338, 340, 341, 343, 344, 345, 348, 349, 351, 352, 358, 359, 361, 363, 366, 377, 381, 382], "excluded_lines": [], "functions": {"WebSocketJWTAuth.__init__": {"executed_lines": [27, 28, 29], "summary": {"covered_lines": 3, "num_statements": 3, "percent_covered": 100.0, "percent_covered_display": "100", "missing_lines": 0, "excluded_lines": 0}, "missing_lines": [], "excluded_lines": []}, "WebSocketJWTAuth.create_access_token": {"executed_lines": [], "summary": {"covered_lines": 0, "num_statements": 7, "percent_covered": 0.0, "percent_covered_display": "0", "missing_lines": 7, "excluded_lines": 0}, "missing_lines": [35, 37, 38, 40, 42, 43, 44], "excluded_lines": []}, "WebSocketJWTAuth.verify_token": {"executed_lines": [], "summary": {"covered_lines": 0, "num_statements": 6, "percent_covered": 0.0, "percent_covered_display": "0", "missing_lines": 6, "excluded_lines": 0}, "missing_lines": [48, 49, 50, 51, 52, 53], "excluded_lines": []}, "WebSocketJWTAuth.authenticate_websocket": {"executed_lines": [], "summary": {"covered_lines": 0, "num_statements": 23, "percent_covered": 0.0, "percent_covered_display": "0", "missing_lines": 23, "excluded_lines": 0}, "missing_lines": [59, 60, 62, 64, 66, 67, 68, 70, 71, 72, 75, 76, 77, 78, 81, 82, 84, 85, 86, 88, 95, 96, 97], "excluded_lines": []}, "AuthenticatedWebSocketManager.__init__": {"executed_lines": [104, 105, 106, 107], "summary": {"covered_lines": 4, "num_statements": 4, "percent_covered": 100.0, "percent_covered_display": "100", "missing_lines": 0, "excluded_lines": 0}, "missing_lines": [], "excluded_lines": []}, "AuthenticatedWebSocketManager.connect": {"executed_lines": [], "summary": {"covered_lines": 0, "num_statements": 19, "percent_covered": 0.0, "percent_covered_display": "0", "missing_lines": 19, "excluded_lines": 0}, "missing_lines": [111, 112, 114, 115, 118, 127, 128, 129, 132, 135, 136, 137, 140, 141, 143, 146, 148, 149, 150], "excluded_lines": []}, "AuthenticatedWebSocketManager.disconnect": {"executed_lines": [], "summary": {"covered_lines": 0, "num_statements": 13, "percent_covered": 0.0, "percent_covered_display": "0", "missing_lines": 13, "excluded_lines": 0}, "missing_lines": [154, 155, 156, 157, 160, 163, 164, 165, 166, 169, 171, 173, 174], "excluded_lines": []}, "AuthenticatedWebSocketManager.send_personal_message": {"executed_lines": [], "summary": {"covered_lines": 0, "num_statements": 12, "percent_covered": 0.0, "percent_covered_display": "0", "missing_lines": 12, "excluded_lines": 0}, "missing_lines": [178, 180, 181, 182, 183, 184, 185, 186, 187, 188, 189, 191], "excluded_lines": []}, "AuthenticatedWebSocketManager.broadcast_to_room": {"executed_lines": [], "summary": {"covered_lines": 0, "num_statements": 10, "percent_covered": 0.0, "percent_covered_display": "0", "missing_lines": 10, "excluded_lines": 0}, "missing_lines": [197, 199, 200, 201, 202, 203, 204, 205, 206, 208], "excluded_lines": []}, "AuthenticatedWebSocketManager._store_connection_in_redis": {"executed_lines": [], "summary": {"covered_lines": 0, "num_statements": 9, "percent_covered": 0.0, "percent_covered_display": "0", "missing_lines": 9, "excluded_lines": 0}, "missing_lines": [212, 213, 216, 218, 226, 229, 232, 234, 235], "excluded_lines": []}, "AuthenticatedWebSocketManager._remove_connection_from_redis": {"executed_lines": [], "summary": {"covered_lines": 0, "num_statements": 7, "percent_covered": 0.0, "percent_covered_display": "0", "missing_lines": 7, "excluded_lines": 0}, "missing_lines": [239, 241, 244, 249, 250, 252, 253], "excluded_lines": []}, "AuthenticatedWebSocketManager.get_user_presence": {"executed_lines": [], "summary": {"covered_lines": 0, "num_statements": 8, "percent_covered": 0.0, "percent_covered_display": "0", "missing_lines": 8, "excluded_lines": 0}, "missing_lines": [257, 259, 260, 261, 262, 263, 264, 267], "excluded_lines": []}, "AuthenticatedWebSocketManager.update_user_presence": {"executed_lines": [], "summary": {"covered_lines": 0, "num_statements": 8, "percent_covered": 0.0, "percent_covered_display": "0", "missing_lines": 8, "excluded_lines": 0}, "missing_lines": [271, 272, 273, 277, 285, 286, 290, 291], "excluded_lines": []}, "websocket_endpoint_with_auth": {"executed_lines": [], "summary": {"covered_lines": 0, "num_statements": 31, "percent_covered": 0.0, "percent_covered_display": "0", "missing_lines": 31, "excluded_lines": 0}, "missing_lines": [297, 298, 299, 301, 303, 305, 306, 307, 310, 313, 316, 317, 318, 319, 322, 323, 325, 326, 328, 329, 333, 338, 340, 341, 343, 344, 345, 348, 349, 351, 352], "excluded_lines": []}, "handle_typing_indicator": {"executed_lines": [], "summary": {"covered_lines": 0, "num_statements": 8, "percent_covered": 0.0, "percent_covered_display": "0", "missing_lines": 8, "excluded_lines": 0}, "missing_lines": [358, 359, 361, 363, 366, 377, 381, 382], "excluded_lines": []}, "": {"executed_lines": [1, 6, 7, 8, 9, 11, 12, 15, 16, 17, 18, 20, 23, 24, 26, 31, 46, 55, 100, 101, 103, 109, 152, 176, 193, 210, 237, 255, 269, 295, 356, 386, 387, 390], "summary": {"covered_lines": 31, "num_statements": 31, "percent_covered": 100.0, "percent_covered_display": "100", "missing_lines": 0, "excluded_lines": 0}, "missing_lines": [], "excluded_lines": []}}, "classes": {"WebSocketJWTAuth": {"executed_lines": [27, 28, 29], "summary": {"covered_lines": 3, "num_statements": 39, "percent_covered": 7.6923076923076925, "percent_covered_display": "8", "missing_lines": 36, "excluded_lines": 0}, "missing_lines": [35, 37, 38, 40, 42, 43, 44, 48, 49, 50, 51, 52, 53, 59, 60, 62, 64, 66, 67, 68, 70, 71, 72, 75, 76, 77, 78, 81, 82, 84, 85, 86, 88, 95, 96, 97], "excluded_lines": []}, "AuthenticatedWebSocketManager": {"executed_lines": [104, 105, 106, 107], "summary": {"covered_lines": 4, "num_statements": 90, "percent_covered": 4.444444444444445, "percent_covered_display": "4", "missing_lines": 86, "excluded_lines": 0}, "missing_lines": [111, 112, 114, 115, 118, 127, 128, 129, 132, 135, 136, 137, 140, 141, 143, 146, 148, 149, 150, 154, 155, 156, 157, 160, 163, 164, 165, 166, 169, 171, 173, 174, 178, 180, 181, 182, 183, 184, 185, 186, 187, 188, 189, 191, 197, 199, 200, 201, 202, 203, 204, 205, 206, 208, 212, 213, 216, 218, 226, 229, 232, 234, 235, 239, 241, 244, 249, 250, 252, 253, 257, 259, 260, 261, 262, 263, 264, 267, 271, 272, 273, 277, 285, 286, 290, 291], "excluded_lines": []}, "": {"executed_lines": [1, 6, 7, 8, 9, 11, 12, 15, 16, 17, 18, 20, 23, 24, 26, 31, 46, 55, 100, 101, 103, 109, 152, 176, 193, 210, 237, 255, 269, 295, 356, 386, 387, 390], "summary": {"covered_lines": 31, "num_statements": 70, "percent_covered": 44.285714285714285, "percent_covered_display": "44", "missing_lines": 39, "excluded_lines": 0}, "missing_lines": [297, 298, 299, 301, 303, 305, 306, 307, 310, 313, 316, 317, 318, 319, 322, 323, 325, 326, 328, 329, 333, 338, 340, 341, 343, 344, 345, 348, 349, 351, 352, 358, 359, 361, 363, 366, 377, 381, 382], "excluded_lines": []}}}, "apps\\backend\\app\\websockets\\notifications.py": {"executed_lines": [2, 3, 4, 5, 7, 8, 10, 13, 14, 16, 19, 20, 27, 29, 32, 35, 43, 45, 47, 51, 55, 59, 130, 165, 208, 226, 235, 264, 310, 327, 349, 366, 369, 372, 390], "summary": {"covered_lines": 34, "num_statements": 134, "percent_covered": 25.37313432835821, "percent_covered_display": "25", "missing_lines": 100, "excluded_lines": 0}, "missing_lines": [70, 71, 74, 75, 76, 78, 81, 89, 90, 93, 110, 111, 123, 124, 126, 127, 128, 138, 140, 141, 144, 145, 148, 149, 150, 152, 154, 160, 162, 163, 176, 177, 179, 182, 183, 185, 186, 187, 188, 191, 192, 194, 195, 196, 197, 200, 201, 203, 204, 206, 218, 220, 221, 222, 224, 228, 229, 230, 231, 232, 233, 237, 239, 241, 244, 245, 254, 256, 257, 261, 262, 266, 267, 269, 270, 278, 280, 281, 290, 292, 295, 296, 305, 307, 308, 312, 313, 322, 324, 325, 329, 351, 352, 354, 355, 356, 358, 359, 360, 362], "excluded_lines": [], "functions": {"NotificationWebSocketManager.__init__": {"executed_lines": [29, 32, 35, 43], "summary": {"covered_lines": 4, "num_statements": 4, "percent_covered": 100.0, "percent_covered_display": "100", "missing_lines": 0, "excluded_lines": 0}, "missing_lines": [], "excluded_lines": []}, "NotificationWebSocketManager._setup_notification_handlers": {"executed_lines": [47, 51, 55], "summary": {"covered_lines": 3, "num_statements": 3, "percent_covered": 100.0, "percent_covered_display": "100", "missing_lines": 0, "excluded_lines": 0}, "missing_lines": [], "excluded_lines": []}, "NotificationWebSocketManager.connect": {"executed_lines": [], "summary": {"covered_lines": 0, "num_statements": 17, "percent_covered": 0.0, "percent_covered_display": "0", "missing_lines": 17, "excluded_lines": 0}, "missing_lines": [70, 71, 74, 75, 76, 78, 81, 89, 90, 93, 110, 111, 123, 124, 126, 127, 128], "excluded_lines": []}, "NotificationWebSocketManager.disconnect": {"executed_lines": [], "summary": {"covered_lines": 0, "num_statements": 13, "percent_covered": 0.0, "percent_covered_display": "0", "missing_lines": 13, "excluded_lines": 0}, "missing_lines": [138, 140, 141, 144, 145, 148, 149, 150, 152, 154, 160, 162, 163], "excluded_lines": []}, "NotificationWebSocketManager.send_to_user": {"executed_lines": [], "summary": {"covered_lines": 0, "num_statements": 20, "percent_covered": 0.0, "percent_covered_display": "0", "missing_lines": 20, "excluded_lines": 0}, "missing_lines": [176, 177, 179, 182, 183, 185, 186, 187, 188, 191, 192, 194, 195, 196, 197, 200, 201, 203, 204, 206], "excluded_lines": []}, "NotificationWebSocketManager.broadcast_to_all": {"executed_lines": [], "summary": {"covered_lines": 0, "num_statements": 5, "percent_covered": 0.0, "percent_covered_display": "0", "missing_lines": 5, "excluded_lines": 0}, "missing_lines": [218, 220, 221, 222, 224], "excluded_lines": []}, "NotificationWebSocketManager._send_to_websocket": {"executed_lines": [], "summary": {"covered_lines": 0, "num_statements": 6, "percent_covered": 0.0, "percent_covered_display": "0", "missing_lines": 6, "excluded_lines": 0}, "missing_lines": [228, 229, 230, 231, 232, 233], "excluded_lines": []}, "NotificationWebSocketManager._handle_notification_created": {"executed_lines": [], "summary": {"covered_lines": 0, "num_statements": 10, "percent_covered": 0.0, "percent_covered_display": "0", "missing_lines": 10, "excluded_lines": 0}, "missing_lines": [237, 239, 241, 244, 245, 254, 256, 257, 261, 262], "excluded_lines": []}, "NotificationWebSocketManager._handle_notification_read": {"executed_lines": [], "summary": {"covered_lines": 0, "num_statements": 14, "percent_covered": 0.0, "percent_covered_display": "0", "missing_lines": 14, "excluded_lines": 0}, "missing_lines": [266, 267, 269, 270, 278, 280, 281, 290, 292, 295, 296, 305, 307, 308], "excluded_lines": []}, "NotificationWebSocketManager._handle_notification_dismissed": {"executed_lines": [], "summary": {"covered_lines": 0, "num_statements": 5, "percent_covered": 0.0, "percent_covered_display": "0", "missing_lines": 5, "excluded_lines": 0}, "missing_lines": [312, 313, 322, 324, 325], "excluded_lines": []}, "NotificationWebSocketManager.get_connection_stats": {"executed_lines": [], "summary": {"covered_lines": 0, "num_statements": 1, "percent_covered": 0.0, "percent_covered_display": "0", "missing_lines": 1, "excluded_lines": 0}, "missing_lines": [329], "excluded_lines": []}, "NotificationWebSocketManager.cleanup_stale_connections": {"executed_lines": [], "summary": {"covered_lines": 0, "num_statements": 9, "percent_covered": 0.0, "percent_covered_display": "0", "missing_lines": 9, "excluded_lines": 0}, "missing_lines": [351, 352, 354, 355, 356, 358, 359, 360, 362], "excluded_lines": []}, "": {"executed_lines": [2, 3, 4, 5, 7, 8, 10, 13, 14, 16, 19, 20, 27, 45, 59, 130, 165, 208, 226, 235, 264, 310, 327, 349, 366, 369, 372, 390], "summary": {"covered_lines": 27, "num_statements": 27, "percent_covered": 100.0, "percent_covered_display": "100", "missing_lines": 0, "excluded_lines": 0}, "missing_lines": [], "excluded_lines": []}}, "classes": {"NotificationWebSocketManager": {"executed_lines": [29, 32, 35, 43, 47, 51, 55], "summary": {"covered_lines": 7, "num_statements": 107, "percent_covered": 6.542056074766355, "percent_covered_display": "7", "missing_lines": 100, "excluded_lines": 0}, "missing_lines": [70, 71, 74, 75, 76, 78, 81, 89, 90, 93, 110, 111, 123, 124, 126, 127, 128, 138, 140, 141, 144, 145, 148, 149, 150, 152, 154, 160, 162, 163, 176, 177, 179, 182, 183, 185, 186, 187, 188, 191, 192, 194, 195, 196, 197, 200, 201, 203, 204, 206, 218, 220, 221, 222, 224, 228, 229, 230, 231, 232, 233, 237, 239, 241, 244, 245, 254, 256, 257, 261, 262, 266, 267, 269, 270, 278, 280, 281, 290, 292, 295, 296, 305, 307, 308, 312, 313, 322, 324, 325, 329, 351, 352, 354, 355, 356, 358, 359, 360, 362], "excluded_lines": []}, "": {"executed_lines": [2, 3, 4, 5, 7, 8, 10, 13, 14, 16, 19, 20, 27, 45, 59, 130, 165, 208, 226, 235, 264, 310, 327, 349, 366, 369, 372, 390], "summary": {"covered_lines": 27, "num_statements": 27, "percent_covered": 100.0, "percent_covered_display": "100", "missing_lines": 0, "excluded_lines": 0}, "missing_lines": [], "excluded_lines": []}}}}, "totals": {"covered_lines": 4721, "num_statements": 14705, "percent_covered": 32.104726283577016, "percent_covered_display": "32", "missing_lines": 9984, "excluded_lines": 0}}