{"meta": {"format": 3, "version": "7.10.7", "timestamp": "2025-10-24T00:17:06.677040", "branch_coverage": false, "show_contexts": false}, "files": {"app\\__init__.py": {"executed_lines": [0], "summary": {"covered_lines": 0, "num_statements": 0, "percent_covered": 100.0, "percent_covered_display": "100", "missing_lines": 0, "excluded_lines": 0}, "missing_lines": [], "excluded_lines": [], "functions": {"": {"executed_lines": [], "summary": {"covered_lines": 0, "num_statements": 0, "percent_covered": 100.0, "percent_covered_display": "100", "missing_lines": 0, "excluded_lines": 0}, "missing_lines": [], "excluded_lines": []}}, "classes": {"": {"executed_lines": [], "summary": {"covered_lines": 0, "num_statements": 0, "percent_covered": 100.0, "percent_covered_display": "100", "missing_lines": 0, "excluded_lines": 0}, "missing_lines": [], "excluded_lines": []}}}, "app\\analytics\\cross_database_compatibility.py": {"executed_lines": [1, 6, 7, 8, 10, 11, 12, 13, 14, 16, 19, 20, 22, 23, 25, 26, 39, 40, 42, 47, 63, 78, 104, 124, 138, 154, 155, 157, 163, 216, 302, 366, 431, 465, 499, 509, 522, 523, 525, 529, 582, 616, 619, 626, 634], "summary": {"covered_lines": 40, "num_statements": 236, "percent_covered": 16.949152542372882, "percent_covered_display": "17", "missing_lines": 196, "excluded_lines": 0}, "missing_lines": [28, 30, 31, 32, 33, 35, 36, 43, 44, 45, 50, 52, 54, 56, 60, 61, 66, 68, 70, 72, 73, 76, 81, 83, 85, 87, 95, 96, 98, 99, 102, 111, 113, 115, 117, 121, 122, 127, 129, 131, 133, 136, 141, 143, 145, 147, 148, 151, 158, 159, 160, 161, 166, 168, 171, 172, 186, 187, 201, 203, 212, 213, 214, 219, 220, 223, 238, 240, 250, 251, 252, 254, 255, 256, 257, 260, 261, 267, 268, 269, 272, 273, 279, 280, 281, 284, 285, 286, 289, 290, 291, 292, 296, 298, 299, 300, 305, 306, 309, 325, 327, 328, 329, 331, 332, 339, 350, 351, 353, 362, 363, 364, 369, 370, 373, 374, 383, 390, 392, 393, 394, 397, 408, 410, 411, 418, 425, 426, 427, 433, 435, 436, 438, 450, 452, 461, 462, 463, 467, 469, 470, 472, 480, 482, 495, 496, 497, 501, 503, 511, 513, 526, 527, 532, 535, 536, 537, 538, 539, 540, 543, 544, 545, 549, 550, 551, 552, 553, 556, 557, 558, 562, 565, 566, 567, 568, 571, 572, 575, 576, 577, 578, 580, 585, 587, 595, 597, 598, 602, 603, 607, 622, 623, 628, 629, 630], "excluded_lines": [], "functions": {"DatabaseDialect.detect_dialect": {"executed_lines": [], "summary": {"covered_lines": 0, "num_statements": 7, "percent_covered": 0.0, "percent_covered_display": "0", "missing_lines": 7, "excluded_lines": 0}, "missing_lines": [28, 30, 31, 32, 33, 35, 36], "excluded_lines": []}, "CrossDatabaseQuery.__init__": {"executed_lines": [], "summary": {"covered_lines": 0, "num_statements": 3, "percent_covered": 0.0, "percent_covered_display": "0", "missing_lines": 3, "excluded_lines": 0}, "missing_lines": [43, 44, 45], "excluded_lines": []}, "CrossDatabaseQuery.json_extract": {"executed_lines": [], "summary": {"covered_lines": 0, "num_statements": 6, "percent_covered": 0.0, "percent_covered_display": "0", "missing_lines": 6, "excluded_lines": 0}, "missing_lines": [50, 52, 54, 56, 60, 61], "excluded_lines": []}, "CrossDatabaseQuery.json_object_keys": {"executed_lines": [], "summary": {"covered_lines": 0, "num_statements": 6, "percent_covered": 0.0, "percent_covered_display": "0", "missing_lines": 6, "excluded_lines": 0}, "missing_lines": [66, 68, 70, 72, 73, 76], "excluded_lines": []}, "CrossDatabaseQuery.date_trunc": {"executed_lines": [], "summary": {"covered_lines": 0, "num_statements": 9, "percent_covered": 0.0, "percent_covered_display": "0", "missing_lines": 9, "excluded_lines": 0}, "missing_lines": [81, 83, 85, 87, 95, 96, 98, 99, 102], "excluded_lines": []}, "CrossDatabaseQuery.window_function_row_number": {"executed_lines": [], "summary": {"covered_lines": 0, "num_statements": 6, "percent_covered": 0.0, "percent_covered_display": "0", "missing_lines": 6, "excluded_lines": 0}, "missing_lines": [111, 113, 115, 117, 121, 122], "excluded_lines": []}, "CrossDatabaseQuery.aggregate_array": {"executed_lines": [], "summary": {"covered_lines": 0, "num_statements": 5, "percent_covered": 0.0, "percent_covered_display": "0", "missing_lines": 5, "excluded_lines": 0}, "missing_lines": [127, 129, 131, 133, 136], "excluded_lines": []}, "CrossDatabaseQuery.regex_match": {"executed_lines": [], "summary": {"covered_lines": 0, "num_statements": 6, "percent_covered": 0.0, "percent_covered_display": "0", "missing_lines": 6, "excluded_lines": 0}, "missing_lines": [141, 143, 145, 147, 148, 151], "excluded_lines": []}, "AnalyticsQueryBuilder.__init__": {"executed_lines": [], "summary": {"covered_lines": 0, "num_statements": 4, "percent_covered": 0.0, "percent_covered_display": "0", "missing_lines": 4, "excluded_lines": 0}, "missing_lines": [158, 159, 160, 161], "excluded_lines": []}, "AnalyticsQueryBuilder.user_activity_by_hour": {"executed_lines": [], "summary": {"covered_lines": 0, "num_statements": 11, "percent_covered": 0.0, "percent_covered_display": "0", "missing_lines": 11, "excluded_lines": 0}, "missing_lines": [166, 168, 171, 172, 186, 187, 201, 203, 212, 213, 214], "excluded_lines": []}, "AnalyticsQueryBuilder.notification_analytics": {"executed_lines": [], "summary": {"covered_lines": 0, "num_statements": 33, "percent_covered": 0.0, "percent_covered_display": "0", "missing_lines": 33, "excluded_lines": 0}, "missing_lines": [219, 220, 223, 238, 240, 250, 251, 252, 254, 255, 256, 257, 260, 261, 267, 268, 269, 272, 273, 279, 280, 281, 284, 285, 286, 289, 290, 291, 292, 296, 298, 299, 300], "excluded_lines": []}, "AnalyticsQueryBuilder.user_engagement_metrics": {"executed_lines": [], "summary": {"covered_lines": 0, "num_statements": 16, "percent_covered": 0.0, "percent_covered_display": "0", "missing_lines": 16, "excluded_lines": 0}, "missing_lines": [305, 306, 309, 325, 327, 328, 329, 331, 332, 339, 350, 351, 353, 362, 363, 364], "excluded_lines": []}, "AnalyticsQueryBuilder.message_analytics": {"executed_lines": [], "summary": {"covered_lines": 0, "num_statements": 17, "percent_covered": 0.0, "percent_covered_display": "0", "missing_lines": 17, "excluded_lines": 0}, "missing_lines": [369, 370, 373, 374, 383, 390, 392, 393, 394, 397, 408, 410, 411, 418, 425, 426, 427], "excluded_lines": []}, "AnalyticsQueryBuilder._fallback_user_activity": {"executed_lines": [], "summary": {"covered_lines": 0, "num_statements": 9, "percent_covered": 0.0, "percent_covered_display": "0", "missing_lines": 9, "excluded_lines": 0}, "missing_lines": [433, 435, 436, 438, 450, 452, 461, 462, 463], "excluded_lines": []}, "AnalyticsQueryBuilder._fallback_notification_analytics": {"executed_lines": [], "summary": {"covered_lines": 0, "num_statements": 9, "percent_covered": 0.0, "percent_covered_display": "0", "missing_lines": 9, "excluded_lines": 0}, "missing_lines": [467, 469, 470, 472, 480, 482, 495, 496, 497], "excluded_lines": []}, "AnalyticsQueryBuilder._fallback_user_engagement": {"executed_lines": [], "summary": {"covered_lines": 0, "num_statements": 2, "percent_covered": 0.0, "percent_covered_display": "0", "missing_lines": 2, "excluded_lines": 0}, "missing_lines": [501, 503], "excluded_lines": []}, "AnalyticsQueryBuilder._fallback_message_analytics": {"executed_lines": [], "summary": {"covered_lines": 0, "num_statements": 2, "percent_covered": 0.0, "percent_covered_display": "0", "missing_lines": 2, "excluded_lines": 0}, "missing_lines": [511, 513], "excluded_lines": []}, "CompatibilityTester.__init__": {"executed_lines": [], "summary": {"covered_lines": 0, "num_statements": 2, "percent_covered": 0.0, "percent_covered_display": "0", "missing_lines": 2, "excluded_lines": 0}, "missing_lines": [526, 527], "excluded_lines": []}, "CompatibilityTester.test_basic_queries": {"executed_lines": [], "summary": {"covered_lines": 0, "num_statements": 30, "percent_covered": 0.0, "percent_covered_display": "0", "missing_lines": 30, "excluded_lines": 0}, "missing_lines": [532, 535, 536, 537, 538, 539, 540, 543, 544, 545, 549, 550, 551, 552, 553, 556, 557, 558, 562, 565, 566, 567, 568, 571, 572, 575, 576, 577, 578, 580], "excluded_lines": []}, "CompatibilityTester.get_compatibility_report": {"executed_lines": [], "summary": {"covered_lines": 0, "num_statements": 8, "percent_covered": 0.0, "percent_covered_display": "0", "missing_lines": 8, "excluded_lines": 0}, "missing_lines": [585, 587, 595, 597, 598, 602, 603, 607], "excluded_lines": []}, "initialize_analytics": {"executed_lines": [], "summary": {"covered_lines": 0, "num_statements": 2, "percent_covered": 0.0, "percent_covered_display": "0", "missing_lines": 2, "excluded_lines": 0}, "missing_lines": [622, 623], "excluded_lines": []}, "get_analytics": {"executed_lines": [], "summary": {"covered_lines": 0, "num_statements": 3, "percent_covered": 0.0, "percent_covered_display": "0", "missing_lines": 3, "excluded_lines": 0}, "missing_lines": [628, 629, 630], "excluded_lines": []}, "": {"executed_lines": [1, 6, 7, 8, 10, 11, 12, 13, 14, 16, 19, 20, 22, 23, 25, 26, 39, 40, 42, 47, 63, 78, 104, 124, 138, 154, 155, 157, 163, 216, 302, 366, 431, 465, 499, 509, 522, 523, 525, 529, 582, 616, 619, 626, 634], "summary": {"covered_lines": 40, "num_statements": 40, "percent_covered": 100.0, "percent_covered_display": "100", "missing_lines": 0, "excluded_lines": 0}, "missing_lines": [], "excluded_lines": []}}, "classes": {"DatabaseDialect": {"executed_lines": [], "summary": {"covered_lines": 0, "num_statements": 7, "percent_covered": 0.0, "percent_covered_display": "0", "missing_lines": 7, "excluded_lines": 0}, "missing_lines": [28, 30, 31, 32, 33, 35, 36], "excluded_lines": []}, "CrossDatabaseQuery": {"executed_lines": [], "summary": {"covered_lines": 0, "num_statements": 41, "percent_covered": 0.0, "percent_covered_display": "0", "missing_lines": 41, "excluded_lines": 0}, "missing_lines": [43, 44, 45, 50, 52, 54, 56, 60, 61, 66, 68, 70, 72, 73, 76, 81, 83, 85, 87, 95, 96, 98, 99, 102, 111, 113, 115, 117, 121, 122, 127, 129, 131, 133, 136, 141, 143, 145, 147, 148, 151], "excluded_lines": []}, "AnalyticsQueryBuilder": {"executed_lines": [], "summary": {"covered_lines": 0, "num_statements": 103, "percent_covered": 0.0, "percent_covered_display": "0", "missing_lines": 103, "excluded_lines": 0}, "missing_lines": [158, 159, 160, 161, 166, 168, 171, 172, 186, 187, 201, 203, 212, 213, 214, 219, 220, 223, 238, 240, 250, 251, 252, 254, 255, 256, 257, 260, 261, 267, 268, 269, 272, 273, 279, 280, 281, 284, 285, 286, 289, 290, 291, 292, 296, 298, 299, 300, 305, 306, 309, 325, 327, 328, 329, 331, 332, 339, 350, 351, 353, 362, 363, 364, 369, 370, 373, 374, 383, 390, 392, 393, 394, 397, 408, 410, 411, 418, 425, 426, 427, 433, 435, 436, 438, 450, 452, 461, 462, 463, 467, 469, 470, 472, 480, 482, 495, 496, 497, 501, 503, 511, 513], "excluded_lines": []}, "CompatibilityTester": {"executed_lines": [], "summary": {"covered_lines": 0, "num_statements": 40, "percent_covered": 0.0, "percent_covered_display": "0", "missing_lines": 40, "excluded_lines": 0}, "missing_lines": [526, 527, 532, 535, 536, 537, 538, 539, 540, 543, 544, 545, 549, 550, 551, 552, 553, 556, 557, 558, 562, 565, 566, 567, 568, 571, 572, 575, 576, 577, 578, 580, 585, 587, 595, 597, 598, 602, 603, 607], "excluded_lines": []}, "": {"executed_lines": [1, 6, 7, 8, 10, 11, 12, 13, 14, 16, 19, 20, 22, 23, 25, 26, 39, 40, 42, 47, 63, 78, 104, 124, 138, 154, 155, 157, 163, 216, 302, 366, 431, 465, 499, 509, 522, 523, 525, 529, 582, 616, 619, 626, 634], "summary": {"covered_lines": 40, "num_statements": 45, "percent_covered": 88.88888888888889, "percent_covered_display": "89", "missing_lines": 5, "excluded_lines": 0}, "missing_lines": [622, 623, 628, 629, 630], "excluded_lines": []}}}, "app\\api\\__init__.py": {"executed_lines": [0], "summary": {"covered_lines": 0, "num_statements": 0, "percent_covered": 100.0, "percent_covered_display": "100", "missing_lines": 0, "excluded_lines": 0}, "missing_lines": [], "excluded_lines": [], "functions": {"": {"executed_lines": [], "summary": {"covered_lines": 0, "num_statements": 0, "percent_covered": 100.0, "percent_covered_display": "100", "missing_lines": 0, "excluded_lines": 0}, "missing_lines": [], "excluded_lines": []}}, "classes": {"": {"executed_lines": [], "summary": {"covered_lines": 0, "num_statements": 0, "percent_covered": 100.0, "percent_covered_display": "100", "missing_lines": 0, "excluded_lines": 0}, "missing_lines": [], "excluded_lines": []}}}, "app\\api\\deps.py": {"executed_lines": [1, 6, 7, 8, 10, 11, 12, 15, 16, 17, 20, 26, 38, 43, 59], "summary": {"covered_lines": 14, "num_statements": 36, "percent_covered": 38.888888888888886, "percent_covered_display": "39", "missing_lines": 22, "excluded_lines": 0}, "missing_lines": [22, 23, 28, 29, 30, 31, 32, 33, 34, 35, 40, 48, 49, 50, 52, 53, 54, 56, 64, 65, 66, 68], "excluded_lines": [], "functions": {"get_db": {"executed_lines": [], "summary": {"covered_lines": 0, "num_statements": 2, "percent_covered": 0.0, "percent_covered_display": "0", "missing_lines": 2, "excluded_lines": 0}, "missing_lines": [22, 23], "excluded_lines": []}, "_auth_handle": {"executed_lines": [], "summary": {"covered_lines": 0, "num_statements": 8, "percent_covered": 0.0, "percent_covered_display": "0", "missing_lines": 8, "excluded_lines": 0}, "missing_lines": [28, 29, 30, 31, 32, 33, 34, 35], "excluded_lines": []}, "_user_by_handle": {"executed_lines": [], "summary": {"covered_lines": 0, "num_statements": 1, "percent_covered": 0.0, "percent_covered_display": "0", "missing_lines": 1, "excluded_lines": 0}, "missing_lines": [40], "excluded_lines": []}, "get_current_user": {"executed_lines": [], "summary": {"covered_lines": 0, "num_statements": 7, "percent_covered": 0.0, "percent_covered_display": "0", "missing_lines": 7, "excluded_lines": 0}, "missing_lines": [48, 49, 50, 52, 53, 54, 56], "excluded_lines": []}, "get_current_user_optional": {"executed_lines": [], "summary": {"covered_lines": 0, "num_statements": 4, "percent_covered": 0.0, "percent_covered_display": "0", "missing_lines": 4, "excluded_lines": 0}, "missing_lines": [64, 65, 66, 68], "excluded_lines": []}, "": {"executed_lines": [1, 6, 7, 8, 10, 11, 12, 15, 16, 17, 20, 26, 38, 43, 59], "summary": {"covered_lines": 14, "num_statements": 14, "percent_covered": 100.0, "percent_covered_display": "100", "missing_lines": 0, "excluded_lines": 0}, "missing_lines": [], "excluded_lines": []}}, "classes": {"": {"executed_lines": [1, 6, 7, 8, 10, 11, 12, 15, 16, 17, 20, 26, 38, 43, 59], "summary": {"covered_lines": 14, "num_statements": 36, "percent_covered": 38.888888888888886, "percent_covered_display": "39", "missing_lines": 22, "excluded_lines": 0}, "missing_lines": [22, 23, 28, 29, 30, 31, 32, 33, 34, 35, 40, 48, 49, 50, 52, 53, 54, 56, 64, 65, 66, 68], "excluded_lines": []}}}, "app\\api\\j6_2_endpoints.py": {"executed_lines": [2, 11, 12, 14, 15, 16, 18, 19, 20, 21, 22, 32, 33, 38, 39, 41, 42, 43, 44, 45, 46, 47, 48, 49, 50, 51, 52, 53, 54, 55, 58, 59, 61, 62, 63, 64, 65, 66, 67, 68, 71, 72, 74, 75, 76, 79, 80, 82, 83, 84, 85, 86, 87, 93, 94, 105, 106, 119, 120, 129, 130, 141, 142, 154, 155, 189, 190, 219, 220, 254, 255, 264, 265, 291, 292, 311, 312, 328, 329, 340, 341, 374, 375, 391, 392, 408, 409, 438], "summary": {"covered_lines": 83, "num_statements": 178, "percent_covered": 46.62921348314607, "percent_covered_display": "47", "missing_lines": 95, "excluded_lines": 0}, "missing_lines": [98, 99, 100, 101, 102, 112, 113, 114, 115, 116, 122, 123, 124, 125, 126, 134, 135, 136, 137, 138, 144, 145, 146, 147, 148, 159, 160, 178, 185, 186, 194, 195, 206, 213, 214, 224, 225, 226, 228, 239, 247, 248, 257, 258, 259, 260, 261, 267, 268, 269, 270, 271, 273, 283, 284, 285, 296, 297, 299, 307, 308, 314, 315, 320, 321, 322, 333, 334, 335, 336, 337, 347, 351, 356, 357, 358, 360, 367, 368, 377, 378, 386, 387, 388, 394, 395, 403, 404, 405, 411, 412, 414, 432, 433, 434], "excluded_lines": [], "functions": {"get_notification_dashboard": {"executed_lines": [], "summary": {"covered_lines": 0, "num_statements": 5, "percent_covered": 0.0, "percent_covered_display": "0", "missing_lines": 5, "excluded_lines": 0}, "missing_lines": [98, 99, 100, 101, 102], "excluded_lines": []}, "get_user_metrics": {"executed_lines": [], "summary": {"covered_lines": 0, "num_statements": 5, "percent_covered": 0.0, "percent_covered_display": "0", "missing_lines": 5, "excluded_lines": 0}, "missing_lines": [112, 113, 114, 115, 116], "excluded_lines": []}, "get_performance_metrics": {"executed_lines": [], "summary": {"covered_lines": 0, "num_statements": 5, "percent_covered": 0.0, "percent_covered_display": "0", "missing_lines": 5, "excluded_lines": 0}, "missing_lines": [122, 123, 124, 125, 126], "excluded_lines": []}, "get_notification_trends": {"executed_lines": [], "summary": {"covered_lines": 0, "num_statements": 5, "percent_covered": 0.0, "percent_covered_display": "0", "missing_lines": 5, "excluded_lines": 0}, "missing_lines": [134, 135, 136, 137, 138], "excluded_lines": []}, "get_system_health_score": {"executed_lines": [], "summary": {"covered_lines": 0, "num_statements": 5, "percent_covered": 0.0, "percent_covered_display": "0", "missing_lines": 5, "excluded_lines": 0}, "missing_lines": [144, 145, 146, 147, 148], "excluded_lines": []}, "send_rich_notification_endpoint": {"executed_lines": [], "summary": {"covered_lines": 0, "num_statements": 5, "percent_covered": 0.0, "percent_covered_display": "0", "missing_lines": 5, "excluded_lines": 0}, "missing_lines": [159, 160, 178, 185, 186], "excluded_lines": []}, "send_batched_notification_endpoint": {"executed_lines": [], "summary": {"covered_lines": 0, "num_statements": 5, "percent_covered": 0.0, "percent_covered_display": "0", "missing_lines": 5, "excluded_lines": 0}, "missing_lines": [194, 195, 206, 213, 214], "excluded_lines": []}, "schedule_notification_endpoint": {"executed_lines": [], "summary": {"covered_lines": 0, "num_statements": 7, "percent_covered": 0.0, "percent_covered_display": "0", "missing_lines": 7, "excluded_lines": 0}, "missing_lines": [224, 225, 226, 228, 239, 247, 248], "excluded_lines": []}, "get_pending_batches": {"executed_lines": [], "summary": {"covered_lines": 0, "num_statements": 5, "percent_covered": 0.0, "percent_covered_display": "0", "missing_lines": 5, "excluded_lines": 0}, "missing_lines": [257, 258, 259, 260, 261], "excluded_lines": []}, "force_deliver_batch": {"executed_lines": [], "summary": {"covered_lines": 0, "num_statements": 9, "percent_covered": 0.0, "percent_covered_display": "0", "missing_lines": 9, "excluded_lines": 0}, "missing_lines": [267, 268, 269, 270, 271, 273, 283, 284, 285], "excluded_lines": []}, "configure_ab_test": {"executed_lines": [], "summary": {"covered_lines": 0, "num_statements": 5, "percent_covered": 0.0, "percent_covered_display": "0", "missing_lines": 5, "excluded_lines": 0}, "missing_lines": [296, 297, 299, 307, 308], "excluded_lines": []}, "get_ab_tests": {"executed_lines": [], "summary": {"covered_lines": 0, "num_statements": 5, "percent_covered": 0.0, "percent_covered_display": "0", "missing_lines": 5, "excluded_lines": 0}, "missing_lines": [314, 315, 320, 321, 322], "excluded_lines": []}, "get_user_notification_preferences": {"executed_lines": [], "summary": {"covered_lines": 0, "num_statements": 5, "percent_covered": 0.0, "percent_covered_display": "0", "missing_lines": 5, "excluded_lines": 0}, "missing_lines": [333, 334, 335, 336, 337], "excluded_lines": []}, "update_user_notification_preferences": {"executed_lines": [], "summary": {"covered_lines": 0, "num_statements": 8, "percent_covered": 0.0, "percent_covered_display": "0", "missing_lines": 8, "excluded_lines": 0}, "missing_lines": [347, 351, 356, 357, 358, 360, 367, 368], "excluded_lines": []}, "get_notification_templates": {"executed_lines": [], "summary": {"covered_lines": 0, "num_statements": 5, "percent_covered": 0.0, "percent_covered_display": "0", "missing_lines": 5, "excluded_lines": 0}, "missing_lines": [377, 378, 386, 387, 388], "excluded_lines": []}, "get_delivery_channels": {"executed_lines": [], "summary": {"covered_lines": 0, "num_statements": 5, "percent_covered": 0.0, "percent_covered_display": "0", "missing_lines": 5, "excluded_lines": 0}, "missing_lines": [394, 395, 403, 404, 405], "excluded_lines": []}, "get_system_status": {"executed_lines": [], "summary": {"covered_lines": 0, "num_statements": 6, "percent_covered": 0.0, "percent_covered_display": "0", "missing_lines": 6, "excluded_lines": 0}, "missing_lines": [411, 412, 414, 432, 433, 434], "excluded_lines": []}, "": {"executed_lines": [2, 11, 12, 14, 15, 16, 18, 19, 20, 21, 22, 32, 33, 38, 39, 41, 42, 43, 44, 45, 46, 47, 48, 49, 50, 51, 52, 53, 54, 55, 58, 59, 61, 62, 63, 64, 65, 66, 67, 68, 71, 72, 74, 75, 76, 79, 80, 82, 83, 84, 85, 86, 87, 93, 94, 105, 106, 119, 120, 129, 130, 141, 142, 154, 155, 189, 190, 219, 220, 254, 255, 264, 265, 291, 292, 311, 312, 328, 329, 340, 341, 374, 375, 391, 392, 408, 409, 438], "summary": {"covered_lines": 83, "num_statements": 83, "percent_covered": 100.0, "percent_covered_display": "100", "missing_lines": 0, "excluded_lines": 0}, "missing_lines": [], "excluded_lines": []}}, "classes": {"RichNotificationRequest": {"executed_lines": [], "summary": {"covered_lines": 0, "num_statements": 0, "percent_covered": 100.0, "percent_covered_display": "100", "missing_lines": 0, "excluded_lines": 0}, "missing_lines": [], "excluded_lines": []}, "ScheduledNotificationRequest": {"executed_lines": [], "summary": {"covered_lines": 0, "num_statements": 0, "percent_covered": 100.0, "percent_covered_display": "100", "missing_lines": 0, "excluded_lines": 0}, "missing_lines": [], "excluded_lines": []}, "ABTestConfiguration": {"executed_lines": [], "summary": {"covered_lines": 0, "num_statements": 0, "percent_covered": 100.0, "percent_covered_display": "100", "missing_lines": 0, "excluded_lines": 0}, "missing_lines": [], "excluded_lines": []}, "NotificationPreferencesUpdate": {"executed_lines": [], "summary": {"covered_lines": 0, "num_statements": 0, "percent_covered": 100.0, "percent_covered_display": "100", "missing_lines": 0, "excluded_lines": 0}, "missing_lines": [], "excluded_lines": []}, "": {"executed_lines": [2, 11, 12, 14, 15, 16, 18, 19, 20, 21, 22, 32, 33, 38, 39, 41, 42, 43, 44, 45, 46, 47, 48, 49, 50, 51, 52, 53, 54, 55, 58, 59, 61, 62, 63, 64, 65, 66, 67, 68, 71, 72, 74, 75, 76, 79, 80, 82, 83, 84, 85, 86, 87, 93, 94, 105, 106, 119, 120, 129, 130, 141, 142, 154, 155, 189, 190, 219, 220, 254, 255, 264, 265, 291, 292, 311, 312, 328, 329, 340, 341, 374, 375, 391, 392, 408, 409, 438], "summary": {"covered_lines": 83, "num_statements": 178, "percent_covered": 46.62921348314607, "percent_covered_display": "47", "missing_lines": 95, "excluded_lines": 0}, "missing_lines": [98, 99, 100, 101, 102, 112, 113, 114, 115, 116, 122, 123, 124, 125, 126, 134, 135, 136, 137, 138, 144, 145, 146, 147, 148, 159, 160, 178, 185, 186, 194, 195, 206, 213, 214, 224, 225, 226, 228, 239, 247, 248, 257, 258, 259, 260, 261, 267, 268, 269, 270, 271, 273, 283, 284, 285, 296, 297, 299, 307, 308, 314, 315, 320, 321, 322, 333, 334, 335, 336, 337, 347, 351, 356, 357, 358, 360, 367, 368, 377, 378, 386, 387, 388, 394, 395, 403, 404, 405, 411, 412, 414, 432, 433, 434], "excluded_lines": []}}}, "app\\api\\market\\routes.py": {"executed_lines": [1, 8, 9, 15, 18, 19, 20, 21, 24, 25, 26, 27, 28, 29, 30, 31, 32, 33, 34, 37, 38, 55, 56, 72, 73, 92, 93, 107, 108], "summary": {"covered_lines": 26, "num_statements": 31, "percent_covered": 83.87096774193549, "percent_covered_display": "84", "missing_lines": 5, "excluded_lines": 0}, "missing_lines": [49, 66, 86, 101, 115], "excluded_lines": [], "functions": {"get_stock_price_endpoint": {"executed_lines": [], "summary": {"covered_lines": 0, "num_statements": 1, "percent_covered": 0.0, "percent_covered_display": "0", "missing_lines": 1, "excluded_lines": 0}, "missing_lines": [49], "excluded_lines": []}, "get_crypto_price_endpoint": {"executed_lines": [], "summary": {"covered_lines": 0, "num_statements": 1, "percent_covered": 0.0, "percent_covered_display": "0", "missing_lines": 1, "excluded_lines": 0}, "missing_lines": [66], "excluded_lines": []}, "batch_fetch_prices_endpoint": {"executed_lines": [], "summary": {"covered_lines": 0, "num_statements": 1, "percent_covered": 0.0, "percent_covered_display": "0", "missing_lines": 1, "excluded_lines": 0}, "missing_lines": [86], "excluded_lines": []}, "get_api_status": {"executed_lines": [], "summary": {"covered_lines": 0, "num_statements": 1, "percent_covered": 0.0, "percent_covered_display": "0", "missing_lines": 1, "excluded_lines": 0}, "missing_lines": [101], "excluded_lines": []}, "get_api_stats_endpoint": {"executed_lines": [], "summary": {"covered_lines": 0, "num_statements": 1, "percent_covered": 0.0, "percent_covered_display": "0", "missing_lines": 1, "excluded_lines": 0}, "missing_lines": [115], "excluded_lines": []}, "": {"executed_lines": [1, 8, 9, 15, 18, 19, 20, 21, 24, 25, 26, 27, 28, 29, 30, 31, 32, 33, 34, 37, 38, 55, 56, 72, 73, 92, 93, 107, 108], "summary": {"covered_lines": 26, "num_statements": 26, "percent_covered": 100.0, "percent_covered_display": "100", "missing_lines": 0, "excluded_lines": 0}, "missing_lines": [], "excluded_lines": []}}, "classes": {"BatchRequest": {"executed_lines": [], "summary": {"covered_lines": 0, "num_statements": 0, "percent_covered": 100.0, "percent_covered_display": "100", "missing_lines": 0, "excluded_lines": 0}, "missing_lines": [], "excluded_lines": []}, "PriceResponse": {"executed_lines": [], "summary": {"covered_lines": 0, "num_statements": 0, "percent_covered": 100.0, "percent_covered_display": "100", "missing_lines": 0, "excluded_lines": 0}, "missing_lines": [], "excluded_lines": []}, "": {"executed_lines": [1, 8, 9, 15, 18, 19, 20, 21, 24, 25, 26, 27, 28, 29, 30, 31, 32, 33, 34, 37, 38, 55, 56, 72, 73, 92, 93, 107, 108], "summary": {"covered_lines": 26, "num_statements": 31, "percent_covered": 83.87096774193549, "percent_covered_display": "84", "missing_lines": 5, "excluded_lines": 0}, "missing_lines": [49, 66, 86, 101, 115], "excluded_lines": []}}}, "app\\api\\routes\\__init__.py": {"executed_lines": [0], "summary": {"covered_lines": 0, "num_statements": 0, "percent_covered": 100.0, "percent_covered_display": "100", "missing_lines": 0, "excluded_lines": 0}, "missing_lines": [], "excluded_lines": [], "functions": {"": {"executed_lines": [], "summary": {"covered_lines": 0, "num_statements": 0, "percent_covered": 100.0, "percent_covered_display": "100", "missing_lines": 0, "excluded_lines": 0}, "missing_lines": [], "excluded_lines": []}}, "classes": {"": {"executed_lines": [], "summary": {"covered_lines": 0, "num_statements": 0, "percent_covered": 100.0, "percent_covered_display": "100", "missing_lines": 0, "excluded_lines": 0}, "missing_lines": [], "excluded_lines": []}}}, "app\\api\\routes\\alerts.py": {"executed_lines": [1, 3, 4, 5, 6, 8, 9, 10, 12], "summary": {"covered_lines": 9, "num_statements": 98, "percent_covered": 9.183673469387756, "percent_covered_display": "9", "missing_lines": 89, "excluded_lines": 0}, "missing_lines": [13, 15, 17, 18, 19, 21, 22, 23, 24, 26, 27, 28, 29, 30, 31, 32, 34, 35, 36, 37, 39, 40, 41, 43, 44, 45, 46, 48, 49, 50, 51, 52, 54, 55, 56, 58, 59, 60, 61, 62, 64, 65, 66, 68, 77, 78, 80, 81, 82, 83, 84, 85, 86, 87, 88, 89, 90, 92, 93, 94, 95, 96, 97, 98, 99, 100, 101, 102, 103, 104, 106, 107, 111, 113, 115, 116, 117, 118, 119, 120, 121, 123, 124, 126, 127, 128, 129, 131, 133], "excluded_lines": [], "functions": {"_startup": {"executed_lines": [], "summary": {"covered_lines": 0, "num_statements": 2, "percent_covered": 0.0, "percent_covered_display": "0", "missing_lines": 2, "excluded_lines": 0}, "missing_lines": [36, 37], "excluded_lines": []}, "_shutdown": {"executed_lines": [], "summary": {"covered_lines": 0, "num_statements": 1, "percent_covered": 0.0, "percent_covered_display": "0", "missing_lines": 1, "excluded_lines": 0}, "missing_lines": [41], "excluded_lines": []}, "list_alerts": {"executed_lines": [], "summary": {"covered_lines": 0, "num_statements": 7, "percent_covered": 0.0, "percent_covered_display": "0", "missing_lines": 7, "excluded_lines": 0}, "missing_lines": [45, 46, 48, 49, 50, 51, 52], "excluded_lines": []}, "create_alert": {"executed_lines": [], "summary": {"covered_lines": 0, "num_statements": 12, "percent_covered": 0.0, "percent_covered_display": "0", "missing_lines": 12, "excluded_lines": 0}, "missing_lines": [56, 58, 59, 60, 61, 62, 64, 65, 66, 68, 77, 78], "excluded_lines": []}, "delete_alert": {"executed_lines": [], "summary": {"covered_lines": 0, "num_statements": 9, "percent_covered": 0.0, "percent_covered_display": "0", "missing_lines": 9, "excluded_lines": 0}, "missing_lines": [82, 83, 84, 85, 86, 87, 88, 89, 90], "excluded_lines": []}, "toggle_alert": {"executed_lines": [], "summary": {"covered_lines": 0, "num_statements": 11, "percent_covered": 0.0, "percent_covered_display": "0", "missing_lines": 11, "excluded_lines": 0}, "missing_lines": [94, 95, 96, 97, 98, 99, 100, 101, 102, 103, 104], "excluded_lines": []}, "stream_alerts": {"executed_lines": [], "summary": {"covered_lines": 0, "num_statements": 4, "percent_covered": 0.0, "percent_covered_display": "0", "missing_lines": 4, "excluded_lines": 0}, "missing_lines": [111, 113, 115, 133], "excluded_lines": []}, "stream_alerts.event_generator": {"executed_lines": [], "summary": {"covered_lines": 0, "num_statements": 13, "percent_covered": 0.0, "percent_covered_display": "0", "missing_lines": 13, "excluded_lines": 0}, "missing_lines": [116, 117, 118, 119, 120, 121, 123, 124, 126, 127, 128, 129, 131], "excluded_lines": []}, "": {"executed_lines": [1, 3, 4, 5, 6, 8, 9, 10, 12], "summary": {"covered_lines": 9, "num_statements": 39, "percent_covered": 23.076923076923077, "percent_covered_display": "23", "missing_lines": 30, "excluded_lines": 0}, "missing_lines": [13, 15, 17, 18, 19, 21, 22, 23, 24, 26, 27, 28, 29, 30, 31, 32, 34, 35, 39, 40, 43, 44, 54, 55, 80, 81, 92, 93, 106, 107], "excluded_lines": []}}, "classes": {"PriceThresholdConfig": {"executed_lines": [], "summary": {"covered_lines": 0, "num_statements": 0, "percent_covered": 100.0, "percent_covered_display": "100", "missing_lines": 0, "excluded_lines": 0}, "missing_lines": [], "excluded_lines": []}, "PctChangeConfig": {"executed_lines": [], "summary": {"covered_lines": 0, "num_statements": 0, "percent_covered": 100.0, "percent_covered_display": "100", "missing_lines": 0, "excluded_lines": 0}, "missing_lines": [], "excluded_lines": []}, "CreateAlert": {"executed_lines": [], "summary": {"covered_lines": 0, "num_statements": 0, "percent_covered": 100.0, "percent_covered_display": "100", "missing_lines": 0, "excluded_lines": 0}, "missing_lines": [], "excluded_lines": []}, "": {"executed_lines": [1, 3, 4, 5, 6, 8, 9, 10, 12], "summary": {"covered_lines": 9, "num_statements": 98, "percent_covered": 9.183673469387756, "percent_covered_display": "9", "missing_lines": 89, "excluded_lines": 0}, "missing_lines": [13, 15, 17, 18, 19, 21, 22, 23, 24, 26, 27, 28, 29, 30, 31, 32, 34, 35, 36, 37, 39, 40, 41, 43, 44, 45, 46, 48, 49, 50, 51, 52, 54, 55, 56, 58, 59, 60, 61, 62, 64, 65, 66, 68, 77, 78, 80, 81, 82, 83, 84, 85, 86, 87, 88, 89, 90, 92, 93, 94, 95, 96, 97, 98, 99, 100, 101, 102, 103, 104, 106, 107, 111, 113, 115, 116, 117, 118, 119, 120, 121, 123, 124, 126, 127, 128, 129, 131, 133], "excluded_lines": []}}}, "app\\api\\routes\\auth.py": {"executed_lines": [], "summary": {"covered_lines": 0, "num_statements": 74, "percent_covered": 0.0, "percent_covered_display": "0", "missing_lines": 74, "excluded_lines": 0}, "missing_lines": [1, 3, 5, 6, 7, 8, 9, 10, 12, 13, 14, 16, 17, 20, 21, 22, 23, 26, 27, 28, 29, 30, 33, 34, 35, 38, 39, 40, 41, 44, 45, 48, 49, 50, 51, 52, 53, 56, 57, 58, 59, 60, 61, 62, 63, 64, 67, 68, 69, 70, 71, 72, 73, 74, 80, 81, 82, 85, 86, 87, 88, 89, 90, 91, 94, 95, 96, 97, 98, 99, 100, 101, 102, 103], "excluded_lines": [], "functions": {"_user_by_handle": {"executed_lines": [], "summary": {"covered_lines": 0, "num_statements": 1, "percent_covered": 0.0, "percent_covered_display": "0", "missing_lines": 1, "excluded_lines": 0}, "missing_lines": [45], "excluded_lines": []}, "_issue_token": {"executed_lines": [], "summary": {"covered_lines": 0, "num_statements": 5, "percent_covered": 0.0, "percent_covered_display": "0", "missing_lines": 5, "excluded_lines": 0}, "missing_lines": [49, 50, 51, 52, 53], "excluded_lines": []}, "_auth_handle": {"executed_lines": [], "summary": {"covered_lines": 0, "num_statements": 8, "percent_covered": 0.0, "percent_covered_display": "0", "missing_lines": 8, "excluded_lines": 0}, "missing_lines": [57, 58, 59, 60, 61, 62, 63, 64], "excluded_lines": []}, "register": {"executed_lines": [], "summary": {"covered_lines": 0, "num_statements": 9, "percent_covered": 0.0, "percent_covered_display": "0", "missing_lines": 9, "excluded_lines": 0}, "missing_lines": [69, 70, 71, 72, 73, 74, 80, 81, 82], "excluded_lines": []}, "login": {"executed_lines": [], "summary": {"covered_lines": 0, "num_statements": 5, "percent_covered": 0.0, "percent_covered_display": "0", "missing_lines": 5, "excluded_lines": 0}, "missing_lines": [87, 88, 89, 90, 91], "excluded_lines": []}, "me": {"executed_lines": [], "summary": {"covered_lines": 0, "num_statements": 8, "percent_covered": 0.0, "percent_covered_display": "0", "missing_lines": 8, "excluded_lines": 0}, "missing_lines": [96, 97, 98, 99, 100, 101, 102, 103], "excluded_lines": []}, "": {"executed_lines": [], "summary": {"covered_lines": 0, "num_statements": 38, "percent_covered": 0.0, "percent_covered_display": "0", "missing_lines": 38, "excluded_lines": 0}, "missing_lines": [1, 3, 5, 6, 7, 8, 9, 10, 12, 13, 14, 16, 17, 20, 21, 22, 23, 26, 27, 28, 29, 30, 33, 34, 35, 38, 39, 40, 41, 44, 48, 56, 67, 68, 85, 86, 94, 95], "excluded_lines": []}}, "classes": {"RegisterPayload": {"executed_lines": [], "summary": {"covered_lines": 0, "num_statements": 0, "percent_covered": 100.0, "percent_covered_display": "100", "missing_lines": 0, "excluded_lines": 0}, "missing_lines": [], "excluded_lines": []}, "LoginPayload": {"executed_lines": [], "summary": {"covered_lines": 0, "num_statements": 0, "percent_covered": 100.0, "percent_covered_display": "100", "missing_lines": 0, "excluded_lines": 0}, "missing_lines": [], "excluded_lines": []}, "TokenOut": {"executed_lines": [], "summary": {"covered_lines": 0, "num_statements": 0, "percent_covered": 100.0, "percent_covered_display": "100", "missing_lines": 0, "excluded_lines": 0}, "missing_lines": [], "excluded_lines": []}, "": {"executed_lines": [], "summary": {"covered_lines": 0, "num_statements": 74, "percent_covered": 0.0, "percent_covered_display": "0", "missing_lines": 74, "excluded_lines": 0}, "missing_lines": [1, 3, 5, 6, 7, 8, 9, 10, 12, 13, 14, 16, 17, 20, 21, 22, 23, 26, 27, 28, 29, 30, 33, 34, 35, 38, 39, 40, 41, 44, 45, 48, 49, 50, 51, 52, 53, 56, 57, 58, 59, 60, 61, 62, 63, 64, 67, 68, 69, 70, 71, 72, 73, 74, 80, 81, 82, 85, 86, 87, 88, 89, 90, 91, 94, 95, 96, 97, 98, 99, 100, 101, 102, 103], "excluded_lines": []}}}, "app\\api\\routes\\cache.py": {"executed_lines": [1, 6, 7, 9, 11, 19, 20, 22, 23, 24, 38, 39, 55, 56, 69, 70, 84, 85], "summary": {"covered_lines": 17, "num_statements": 50, "percent_covered": 34.0, "percent_covered_display": "34", "missing_lines": 33, "excluded_lines": 0}, "missing_lines": [27, 28, 29, 34, 35, 36, 42, 43, 44, 45, 50, 51, 52, 53, 59, 60, 61, 65, 66, 67, 73, 74, 75, 80, 81, 82, 88, 89, 90, 92, 97, 98, 99], "excluded_lines": [], "functions": {"cache_statistics": {"executed_lines": [], "summary": {"covered_lines": 0, "num_statements": 6, "percent_covered": 0.0, "percent_covered_display": "0", "missing_lines": 6, "excluded_lines": 0}, "missing_lines": [27, 28, 29, 34, 35, 36], "excluded_lines": []}, "clear_cache": {"executed_lines": [], "summary": {"covered_lines": 0, "num_statements": 8, "percent_covered": 0.0, "percent_covered_display": "0", "missing_lines": 8, "excluded_lines": 0}, "missing_lines": [42, 43, 44, 45, 50, 51, 52, 53], "excluded_lines": []}, "warm_cache_endpoint": {"executed_lines": [], "summary": {"covered_lines": 0, "num_statements": 6, "percent_covered": 0.0, "percent_covered_display": "0", "missing_lines": 6, "excluded_lines": 0}, "missing_lines": [59, 60, 61, 65, 66, 67], "excluded_lines": []}, "clear_cache_pattern": {"executed_lines": [], "summary": {"covered_lines": 0, "num_statements": 6, "percent_covered": 0.0, "percent_covered_display": "0", "missing_lines": 6, "excluded_lines": 0}, "missing_lines": [73, 74, 75, 80, 81, 82], "excluded_lines": []}, "cache_health_check": {"executed_lines": [], "summary": {"covered_lines": 0, "num_statements": 7, "percent_covered": 0.0, "percent_covered_display": "0", "missing_lines": 7, "excluded_lines": 0}, "missing_lines": [88, 89, 90, 92, 97, 98, 99], "excluded_lines": []}, "": {"executed_lines": [1, 6, 7, 9, 11, 19, 20, 22, 23, 24, 38, 39, 55, 56, 69, 70, 84, 85], "summary": {"covered_lines": 17, "num_statements": 17, "percent_covered": 100.0, "percent_covered_display": "100", "missing_lines": 0, "excluded_lines": 0}, "missing_lines": [], "excluded_lines": []}}, "classes": {"": {"executed_lines": [1, 6, 7, 9, 11, 19, 20, 22, 23, 24, 38, 39, 55, 56, 69, 70, 84, 85], "summary": {"covered_lines": 17, "num_statements": 50, "percent_covered": 34.0, "percent_covered_display": "34", "missing_lines": 33, "excluded_lines": 0}, "missing_lines": [27, 28, 29, 34, 35, 36, 42, 43, 44, 45, 50, 51, 52, 53, 59, 60, 61, 65, 66, 67, 73, 74, 75, 80, 81, 82, 88, 89, 90, 92, 97, 98, 99], "excluded_lines": []}}}, "app\\api\\routes\\chat.py": {"executed_lines": [1, 3, 4, 5, 7, 8, 9, 11], "summary": {"covered_lines": 8, "num_statements": 105, "percent_covered": 7.619047619047619, "percent_covered_display": "8", "missing_lines": 97, "excluded_lines": 0}, "missing_lines": [12, 15, 16, 17, 19, 23, 24, 25, 26, 29, 32, 35, 38, 45, 46, 50, 51, 53, 62, 63, 64, 65, 72, 73, 74, 75, 76, 80, 81, 82, 83, 86, 87, 90, 91, 93, 96, 97, 103, 104, 105, 106, 107, 108, 109, 115, 117, 118, 119, 120, 121, 122, 123, 124, 125, 131, 132, 133, 134, 135, 142, 143, 189, 192, 193, 194, 196, 199, 200, 201, 202, 203, 204, 205, 206, 207, 210, 217, 218, 219, 222, 223, 230, 231, 232, 235, 238, 246, 249, 250, 252, 256, 257, 262, 263, 264, 269], "excluded_lines": [], "functions": {"tool_get_price": {"executed_lines": [], "summary": {"covered_lines": 0, "num_statements": 3, "percent_covered": 0.0, "percent_covered_display": "0", "missing_lines": 3, "excluded_lines": 0}, "missing_lines": [24, 25, 26], "excluded_lines": []}, "tool_portfolio_summary": {"executed_lines": [], "summary": {"covered_lines": 0, "num_statements": 1, "percent_covered": 0.0, "percent_covered_display": "0", "missing_lines": 1, "excluded_lines": 0}, "missing_lines": [32], "excluded_lines": []}, "tool_create_price_alert": {"executed_lines": [], "summary": {"covered_lines": 0, "num_statements": 3, "percent_covered": 0.0, "percent_covered_display": "0", "missing_lines": 3, "excluded_lines": 0}, "missing_lines": [38, 45, 46], "excluded_lines": []}, "openai_chat": {"executed_lines": [], "summary": {"covered_lines": 0, "num_statements": 8, "percent_covered": 0.0, "percent_covered_display": "0", "missing_lines": 8, "excluded_lines": 0}, "missing_lines": [63, 64, 65, 72, 73, 74, 75, 76], "excluded_lines": []}, "chat": {"executed_lines": [], "summary": {"covered_lines": 0, "num_statements": 62, "percent_covered": 0.0, "percent_covered_display": "0", "missing_lines": 62, "excluded_lines": 0}, "missing_lines": [93, 96, 97, 103, 104, 105, 106, 107, 108, 109, 115, 117, 118, 119, 120, 121, 122, 123, 124, 125, 131, 132, 133, 134, 135, 142, 143, 189, 192, 193, 194, 196, 199, 200, 201, 202, 203, 204, 205, 206, 207, 210, 217, 218, 219, 222, 223, 230, 231, 232, 235, 238, 246, 249, 250, 252, 256, 257, 262, 263, 264, 269], "excluded_lines": []}, "": {"executed_lines": [1, 3, 4, 5, 7, 8, 9, 11], "summary": {"covered_lines": 8, "num_statements": 28, "percent_covered": 28.571428571428573, "percent_covered_display": "29", "missing_lines": 20, "excluded_lines": 0}, "missing_lines": [12, 15, 16, 17, 19, 23, 29, 35, 50, 51, 53, 62, 80, 81, 82, 83, 86, 87, 90, 91], "excluded_lines": []}}, "classes": {"ChatMessage": {"executed_lines": [], "summary": {"covered_lines": 0, "num_statements": 0, "percent_covered": 100.0, "percent_covered_display": "100", "missing_lines": 0, "excluded_lines": 0}, "missing_lines": [], "excluded_lines": []}, "ChatRequest": {"executed_lines": [], "summary": {"covered_lines": 0, "num_statements": 0, "percent_covered": 100.0, "percent_covered_display": "100", "missing_lines": 0, "excluded_lines": 0}, "missing_lines": [], "excluded_lines": []}, "": {"executed_lines": [1, 3, 4, 5, 7, 8, 9, 11], "summary": {"covered_lines": 8, "num_statements": 105, "percent_covered": 7.619047619047619, "percent_covered_display": "8", "missing_lines": 97, "excluded_lines": 0}, "missing_lines": [12, 15, 16, 17, 19, 23, 24, 25, 26, 29, 32, 35, 38, 45, 46, 50, 51, 53, 62, 63, 64, 65, 72, 73, 74, 75, 76, 80, 81, 82, 83, 86, 87, 90, 91, 93, 96, 97, 103, 104, 105, 106, 107, 108, 109, 115, 117, 118, 119, 120, 121, 122, 123, 124, 125, 131, 132, 133, 134, 135, 142, 143, 189, 192, 193, 194, 196, 199, 200, 201, 202, 203, 204, 205, 206, 207, 210, 217, 218, 219, 222, 223, 230, 231, 232, 235, 238, 246, 249, 250, 252, 256, 257, 262, 263, 264, 269], "excluded_lines": []}}}, "app\\api\\routes\\crypto.py": {"executed_lines": [4, 6], "summary": {"covered_lines": 2, "num_statements": 2, "percent_covered": 100.0, "percent_covered_display": "100", "missing_lines": 0, "excluded_lines": 0}, "missing_lines": [], "excluded_lines": [], "functions": {"": {"executed_lines": [4, 6], "summary": {"covered_lines": 2, "num_statements": 2, "percent_covered": 100.0, "percent_covered_display": "100", "missing_lines": 0, "excluded_lines": 0}, "missing_lines": [], "excluded_lines": []}}, "classes": {"": {"executed_lines": [4, 6], "summary": {"covered_lines": 2, "num_statements": 2, "percent_covered": 100.0, "percent_covered_display": "100", "missing_lines": 0, "excluded_lines": 0}, "missing_lines": [], "excluded_lines": []}}}, "app\\api\\routes\\health_check.py": {"executed_lines": [1, 5, 6, 8, 9, 11, 12, 13, 14, 16, 19, 24, 25, 90, 91, 96, 97], "summary": {"covered_lines": 16, "num_statements": 63, "percent_covered": 25.396825396825395, "percent_covered_display": "25", "missing_lines": 47, "excluded_lines": 0}, "missing_lines": [21, 31, 39, 40, 41, 42, 44, 48, 49, 50, 53, 54, 55, 56, 58, 62, 63, 64, 67, 69, 73, 74, 75, 78, 79, 83, 84, 85, 87, 93, 104, 105, 106, 107, 108, 110, 116, 117, 119, 120, 121, 122, 123, 125, 131, 132, 135], "excluded_lines": [], "functions": {"get_redis_client": {"executed_lines": [], "summary": {"covered_lines": 0, "num_statements": 1, "percent_covered": 0.0, "percent_covered_display": "0", "missing_lines": 1, "excluded_lines": 0}, "missing_lines": [21], "excluded_lines": []}, "comprehensive_health_check": {"executed_lines": [], "summary": {"covered_lines": 0, "num_statements": 28, "percent_covered": 0.0, "percent_covered_display": "0", "missing_lines": 28, "excluded_lines": 0}, "missing_lines": [31, 39, 40, 41, 42, 44, 48, 49, 50, 53, 54, 55, 56, 58, 62, 63, 64, 67, 69, 73, 74, 75, 78, 79, 83, 84, 85, 87], "excluded_lines": []}, "get_performance_metrics": {"executed_lines": [], "summary": {"covered_lines": 0, "num_statements": 1, "percent_covered": 0.0, "percent_covered_display": "0", "missing_lines": 1, "excluded_lines": 0}, "missing_lines": [93], "excluded_lines": []}, "check_component_health": {"executed_lines": [], "summary": {"covered_lines": 0, "num_statements": 17, "percent_covered": 0.0, "percent_covered_display": "0", "missing_lines": 17, "excluded_lines": 0}, "missing_lines": [104, 105, 106, 107, 108, 110, 116, 117, 119, 120, 121, 122, 123, 125, 131, 132, 135], "excluded_lines": []}, "": {"executed_lines": [1, 5, 6, 8, 9, 11, 12, 13, 14, 16, 19, 24, 25, 90, 91, 96, 97], "summary": {"covered_lines": 16, "num_statements": 16, "percent_covered": 100.0, "percent_covered_display": "100", "missing_lines": 0, "excluded_lines": 0}, "missing_lines": [], "excluded_lines": []}}, "classes": {"": {"executed_lines": [1, 5, 6, 8, 9, 11, 12, 13, 14, 16, 19, 24, 25, 90, 91, 96, 97], "summary": {"covered_lines": 16, "num_statements": 63, "percent_covered": 25.396825396825395, "percent_covered_display": "25", "missing_lines": 47, "excluded_lines": 0}, "missing_lines": [21, 31, 39, 40, 41, 42, 44, 48, 49, 50, 53, 54, 55, 56, 58, 62, 63, 64, 67, 69, 73, 74, 75, 78, 79, 83, 84, 85, 87, 93, 104, 105, 106, 107, 108, 110, 116, 117, 119, 120, 121, 122, 123, 125, 131, 132, 135], "excluded_lines": []}}}, "app\\api\\routes\\market.py": {"executed_lines": [1, 3, 5, 7, 8], "summary": {"covered_lines": 5, "num_statements": 19, "percent_covered": 26.31578947368421, "percent_covered_display": "26", "missing_lines": 14, "excluded_lines": 0}, "missing_lines": [10, 12, 13, 14, 16, 17, 22, 23, 24, 25, 26, 27, 28, 29], "excluded_lines": [], "functions": {"health": {"executed_lines": [], "summary": {"covered_lines": 0, "num_statements": 1, "percent_covered": 0.0, "percent_covered_display": "0", "missing_lines": 1, "excluded_lines": 0}, "missing_lines": [14], "excluded_lines": []}, "get_ohlc": {"executed_lines": [], "summary": {"covered_lines": 0, "num_statements": 8, "percent_covered": 0.0, "percent_covered_display": "0", "missing_lines": 8, "excluded_lines": 0}, "missing_lines": [22, 23, 24, 25, 26, 27, 28, 29], "excluded_lines": []}, "": {"executed_lines": [1, 3, 5, 7, 8], "summary": {"covered_lines": 5, "num_statements": 10, "percent_covered": 50.0, "percent_covered_display": "50", "missing_lines": 5, "excluded_lines": 0}, "missing_lines": [10, 12, 13, 16, 17], "excluded_lines": []}}, "classes": {"": {"executed_lines": [1, 3, 5, 7, 8], "summary": {"covered_lines": 5, "num_statements": 19, "percent_covered": 26.31578947368421, "percent_covered_display": "26", "missing_lines": 14, "excluded_lines": 0}, "missing_lines": [10, 12, 13, 14, 16, 17, 22, 23, 24, 25, 26, 27, 28, 29], "excluded_lines": []}}}, "app\\api\\routes\\monitoring.py": {"executed_lines": [2, 12, 14, 15, 16, 17, 19, 21, 22, 38, 39, 56, 57, 75, 76, 88, 89, 126, 127, 139, 140, 166, 167, 198, 199, 211, 212, 224, 225, 243, 244, 262, 263, 280, 281], "summary": {"covered_lines": 34, "num_statements": 136, "percent_covered": 25.0, "percent_covered_display": "25", "missing_lines": 102, "excluded_lines": 0}, "missing_lines": [24, 25, 27, 35, 36, 41, 42, 44, 45, 47, 51, 52, 53, 54, 61, 62, 64, 72, 73, 78, 79, 81, 85, 86, 93, 95, 96, 98, 101, 102, 103, 114, 121, 122, 123, 124, 129, 130, 132, 136, 137, 146, 148, 149, 151, 153, 161, 162, 163, 164, 173, 175, 176, 178, 180, 181, 183, 185, 193, 194, 195, 196, 201, 202, 204, 208, 209, 214, 215, 217, 221, 222, 227, 229, 230, 232, 234, 238, 239, 240, 241, 246, 248, 249, 251, 253, 257, 258, 259, 260, 265, 266, 276, 277, 287, 289, 290, 295, 314, 315, 316, 317], "excluded_lines": [], "functions": {"get_system_health": {"executed_lines": [], "summary": {"covered_lines": 0, "num_statements": 5, "percent_covered": 0.0, "percent_covered_display": "0", "missing_lines": 5, "excluded_lines": 0}, "missing_lines": [24, 25, 27, 35, 36], "excluded_lines": []}, "get_service_health": {"executed_lines": [], "summary": {"covered_lines": 0, "num_statements": 9, "percent_covered": 0.0, "percent_covered_display": "0", "missing_lines": 9, "excluded_lines": 0}, "missing_lines": [41, 42, 44, 45, 47, 51, 52, 53, 54], "excluded_lines": []}, "get_system_metrics": {"executed_lines": [], "summary": {"covered_lines": 0, "num_statements": 5, "percent_covered": 0.0, "percent_covered_display": "0", "missing_lines": 5, "excluded_lines": 0}, "missing_lines": [61, 62, 64, 72, 73], "excluded_lines": []}, "get_websocket_analytics": {"executed_lines": [], "summary": {"covered_lines": 0, "num_statements": 5, "percent_covered": 0.0, "percent_covered_display": "0", "missing_lines": 5, "excluded_lines": 0}, "missing_lines": [78, 79, 81, 85, 86], "excluded_lines": []}, "get_active_connections": {"executed_lines": [], "summary": {"covered_lines": 0, "num_statements": 12, "percent_covered": 0.0, "percent_covered_display": "0", "missing_lines": 12, "excluded_lines": 0}, "missing_lines": [93, 95, 96, 98, 101, 102, 103, 114, 121, 122, 123, 124], "excluded_lines": []}, "get_cache_metrics": {"executed_lines": [], "summary": {"covered_lines": 0, "num_statements": 5, "percent_covered": 0.0, "percent_covered_display": "0", "missing_lines": 5, "excluded_lines": 0}, "missing_lines": [129, 130, 132, 136, 137], "excluded_lines": []}, "invalidate_cache_pattern": {"executed_lines": [], "summary": {"covered_lines": 0, "num_statements": 9, "percent_covered": 0.0, "percent_covered_display": "0", "missing_lines": 9, "excluded_lines": 0}, "missing_lines": [146, 148, 149, 151, 153, 161, 162, 163, 164], "excluded_lines": []}, "get_alerts": {"executed_lines": [], "summary": {"covered_lines": 0, "num_statements": 12, "percent_covered": 0.0, "percent_covered_display": "0", "missing_lines": 12, "excluded_lines": 0}, "missing_lines": [173, 175, 176, 178, 180, 181, 183, 185, 193, 194, 195, 196], "excluded_lines": []}, "get_monitoring_dashboard": {"executed_lines": [], "summary": {"covered_lines": 0, "num_statements": 5, "percent_covered": 0.0, "percent_covered_display": "0", "missing_lines": 5, "excluded_lines": 0}, "missing_lines": [201, 202, 204, 208, 209], "excluded_lines": []}, "get_performance_insights": {"executed_lines": [], "summary": {"covered_lines": 0, "num_statements": 5, "percent_covered": 0.0, "percent_covered_display": "0", "missing_lines": 5, "excluded_lines": 0}, "missing_lines": [214, 215, 217, 221, 222], "excluded_lines": []}, "start_monitoring": {"executed_lines": [], "summary": {"covered_lines": 0, "num_statements": 9, "percent_covered": 0.0, "percent_covered_display": "0", "missing_lines": 9, "excluded_lines": 0}, "missing_lines": [227, 229, 230, 232, 234, 238, 239, 240, 241], "excluded_lines": []}, "stop_monitoring": {"executed_lines": [], "summary": {"covered_lines": 0, "num_statements": 9, "percent_covered": 0.0, "percent_covered_display": "0", "missing_lines": 9, "excluded_lines": 0}, "missing_lines": [246, 248, 249, 251, 253, 257, 258, 259, 260], "excluded_lines": []}, "get_monitoring_status": {"executed_lines": [], "summary": {"covered_lines": 0, "num_statements": 4, "percent_covered": 0.0, "percent_covered_display": "0", "missing_lines": 4, "excluded_lines": 0}, "missing_lines": [265, 266, 276, 277], "excluded_lines": []}, "websocket_load_test": {"executed_lines": [], "summary": {"covered_lines": 0, "num_statements": 8, "percent_covered": 0.0, "percent_covered_display": "0", "missing_lines": 8, "excluded_lines": 0}, "missing_lines": [287, 289, 290, 295, 314, 315, 316, 317], "excluded_lines": []}, "": {"executed_lines": [2, 12, 14, 15, 16, 17, 19, 21, 22, 38, 39, 56, 57, 75, 76, 88, 89, 126, 127, 139, 140, 166, 167, 198, 199, 211, 212, 224, 225, 243, 244, 262, 263, 280, 281], "summary": {"covered_lines": 34, "num_statements": 34, "percent_covered": 100.0, "percent_covered_display": "100", "missing_lines": 0, "excluded_lines": 0}, "missing_lines": [], "excluded_lines": []}}, "classes": {"": {"executed_lines": [2, 12, 14, 15, 16, 17, 19, 21, 22, 38, 39, 56, 57, 75, 76, 88, 89, 126, 127, 139, 140, 166, 167, 198, 199, 211, 212, 224, 225, 243, 244, 262, 263, 280, 281], "summary": {"covered_lines": 34, "num_statements": 136, "percent_covered": 25.0, "percent_covered_display": "25", "missing_lines": 102, "excluded_lines": 0}, "missing_lines": [24, 25, 27, 35, 36, 41, 42, 44, 45, 47, 51, 52, 53, 54, 61, 62, 64, 72, 73, 78, 79, 81, 85, 86, 93, 95, 96, 98, 101, 102, 103, 114, 121, 122, 123, 124, 129, 130, 132, 136, 137, 146, 148, 149, 151, 153, 161, 162, 163, 164, 173, 175, 176, 178, 180, 181, 183, 185, 193, 194, 195, 196, 201, 202, 204, 208, 209, 214, 215, 217, 221, 222, 227, 229, 230, 232, 234, 238, 239, 240, 241, 246, 248, 249, 251, 253, 257, 258, 259, 260, 265, 266, 276, 277, 287, 289, 290, 295, 314, 315, 316, 317], "excluded_lines": []}}}, "app\\api\\routes\\portfolio.py": {"executed_lines": [1, 3, 4, 5, 6, 8, 9, 10, 11, 13, 14, 15, 16, 19, 20, 24, 25, 27, 28, 31, 32, 33, 34, 35, 36, 39, 40, 41, 42, 43, 44, 45, 46, 47, 48, 49, 50, 51, 54, 55, 56, 57, 58, 59, 60, 63, 64, 65, 68, 75, 82, 88, 96, 115, 152, 153, 154, 187, 188, 236, 237, 256, 257, 290, 291, 292], "summary": {"covered_lines": 66, "num_statements": 173, "percent_covered": 38.15028901734104, "percent_covered_display": "38", "missing_lines": 107, "excluded_lines": 0}, "missing_lines": [21, 23, 69, 70, 71, 72, 76, 77, 78, 79, 83, 84, 85, 89, 91, 92, 93, 97, 98, 99, 100, 101, 106, 116, 117, 118, 119, 120, 121, 122, 134, 146, 147, 148, 149, 159, 160, 161, 162, 169, 170, 171, 172, 184, 193, 194, 195, 196, 202, 203, 204, 205, 206, 207, 208, 210, 219, 220, 221, 222, 223, 224, 242, 243, 244, 245, 250, 251, 252, 253, 262, 263, 264, 265, 266, 267, 268, 269, 270, 271, 272, 273, 274, 279, 280, 281, 286, 287, 297, 298, 299, 300, 308, 309, 310, 312, 313, 314, 315, 316, 317, 318, 319, 333, 343, 344, 346], "excluded_lines": [], "functions": {"_user_by_handle": {"executed_lines": [], "summary": {"covered_lines": 0, "num_statements": 4, "percent_covered": 0.0, "percent_covered_display": "0", "missing_lines": 4, "excluded_lines": 0}, "missing_lines": [69, 70, 71, 72], "excluded_lines": []}, "_tags_to_str": {"executed_lines": [], "summary": {"covered_lines": 0, "num_statements": 4, "percent_covered": 0.0, "percent_covered_display": "0", "missing_lines": 4, "excluded_lines": 0}, "missing_lines": [76, 77, 78, 79], "excluded_lines": []}, "_tags_to_list": {"executed_lines": [], "summary": {"covered_lines": 0, "num_statements": 3, "percent_covered": 0.0, "percent_covered_display": "0", "missing_lines": 3, "excluded_lines": 0}, "missing_lines": [83, 84, 85], "excluded_lines": []}, "_latest_price": {"executed_lines": [], "summary": {"covered_lines": 0, "num_statements": 4, "percent_covered": 0.0, "percent_covered_display": "0", "missing_lines": 4, "excluded_lines": 0}, "missing_lines": [89, 91, 92, 93], "excluded_lines": []}, "_compute_fields": {"executed_lines": [], "summary": {"covered_lines": 0, "num_statements": 6, "percent_covered": 0.0, "percent_covered_display": "0", "missing_lines": 6, "excluded_lines": 0}, "missing_lines": [97, 98, 99, 100, 101, 106], "excluded_lines": []}, "_maybe_create_alerts": {"executed_lines": [], "summary": {"covered_lines": 0, "num_statements": 12, "percent_covered": 0.0, "percent_covered_display": "0", "missing_lines": 12, "excluded_lines": 0}, "missing_lines": [116, 117, 118, 119, 120, 121, 122, 134, 146, 147, 148, 149], "excluded_lines": []}, "list_positions": {"executed_lines": [], "summary": {"covered_lines": 0, "num_statements": 9, "percent_covered": 0.0, "percent_covered_display": "0", "missing_lines": 9, "excluded_lines": 0}, "missing_lines": [159, 160, 161, 162, 169, 170, 171, 172, 184], "excluded_lines": []}, "add_or_update_position": {"executed_lines": [], "summary": {"covered_lines": 0, "num_statements": 18, "percent_covered": 0.0, "percent_covered_display": "0", "missing_lines": 18, "excluded_lines": 0}, "missing_lines": [193, 194, 195, 196, 202, 203, 204, 205, 206, 207, 208, 210, 219, 220, 221, 222, 223, 224], "excluded_lines": []}, "delete_position": {"executed_lines": [], "summary": {"covered_lines": 0, "num_statements": 8, "percent_covered": 0.0, "percent_covered_display": "0", "missing_lines": 8, "excluded_lines": 0}, "missing_lines": [242, 243, 244, 245, 250, 251, 252, 253], "excluded_lines": []}, "import_text": {"executed_lines": [], "summary": {"covered_lines": 0, "num_statements": 18, "percent_covered": 0.0, "percent_covered_display": "0", "missing_lines": 18, "excluded_lines": 0}, "missing_lines": [262, 263, 264, 265, 266, 267, 268, 269, 270, 271, 272, 273, 274, 279, 280, 281, 286, 287], "excluded_lines": []}, "portfolio_summary": {"executed_lines": [], "summary": {"covered_lines": 0, "num_statements": 19, "percent_covered": 0.0, "percent_covered_display": "0", "missing_lines": 19, "excluded_lines": 0}, "missing_lines": [297, 298, 299, 300, 308, 309, 310, 312, 313, 314, 315, 316, 317, 318, 319, 333, 343, 344, 346], "excluded_lines": []}, "": {"executed_lines": [1, 3, 4, 5, 6, 8, 9, 10, 11, 13, 14, 15, 16, 19, 20, 24, 25, 27, 28, 31, 32, 33, 34, 35, 36, 39, 40, 41, 42, 43, 44, 45, 46, 47, 48, 49, 50, 51, 54, 55, 56, 57, 58, 59, 60, 63, 64, 65, 68, 75, 82, 88, 96, 115, 152, 153, 154, 187, 188, 236, 237, 256, 257, 290, 291, 292], "summary": {"covered_lines": 66, "num_statements": 68, "percent_covered": 97.05882352941177, "percent_covered_display": "97", "missing_lines": 2, "excluded_lines": 0}, "missing_lines": [21, 23], "excluded_lines": []}}, "classes": {"PositionIn": {"executed_lines": [], "summary": {"covered_lines": 0, "num_statements": 0, "percent_covered": 100.0, "percent_covered_display": "100", "missing_lines": 0, "excluded_lines": 0}, "missing_lines": [], "excluded_lines": []}, "PositionOut": {"executed_lines": [], "summary": {"covered_lines": 0, "num_statements": 0, "percent_covered": 100.0, "percent_covered_display": "100", "missing_lines": 0, "excluded_lines": 0}, "missing_lines": [], "excluded_lines": []}, "SummaryOut": {"executed_lines": [], "summary": {"covered_lines": 0, "num_statements": 0, "percent_covered": 100.0, "percent_covered_display": "100", "missing_lines": 0, "excluded_lines": 0}, "missing_lines": [], "excluded_lines": []}, "ImportTextPayload": {"executed_lines": [], "summary": {"covered_lines": 0, "num_statements": 0, "percent_covered": 100.0, "percent_covered_display": "100", "missing_lines": 0, "excluded_lines": 0}, "missing_lines": [], "excluded_lines": []}, "": {"executed_lines": [1, 3, 4, 5, 6, 8, 9, 10, 11, 13, 14, 15, 16, 19, 20, 24, 25, 27, 28, 31, 32, 33, 34, 35, 36, 39, 40, 41, 42, 43, 44, 45, 46, 47, 48, 49, 50, 51, 54, 55, 56, 57, 58, 59, 60, 63, 64, 65, 68, 75, 82, 88, 96, 115, 152, 153, 154, 187, 188, 236, 237, 256, 257, 290, 291, 292], "summary": {"covered_lines": 66, "num_statements": 173, "percent_covered": 38.15028901734104, "percent_covered_display": "38", "missing_lines": 107, "excluded_lines": 0}, "missing_lines": [21, 23, 69, 70, 71, 72, 76, 77, 78, 79, 83, 84, 85, 89, 91, 92, 93, 97, 98, 99, 100, 101, 106, 116, 117, 118, 119, 120, 121, 122, 134, 146, 147, 148, 149, 159, 160, 161, 162, 169, 170, 171, 172, 184, 193, 194, 195, 196, 202, 203, 204, 205, 206, 207, 208, 210, 219, 220, 221, 222, 223, 224, 242, 243, 244, 245, 250, 251, 252, 253, 262, 263, 264, 265, 266, 267, 268, 269, 270, 271, 272, 273, 274, 279, 280, 281, 286, 287, 297, 298, 299, 300, 308, 309, 310, 312, 313, 314, 315, 316, 317, 318, 319, 333, 343, 344, 346], "excluded_lines": []}}}, "app\\api\\routes\\security.py": {"executed_lines": [1, 6, 7, 9, 10, 12, 13, 14, 15, 17, 18, 19, 22, 23, 36, 37, 64, 65, 91, 92, 117, 118, 134, 163, 164, 203, 204, 227, 228, 250, 251, 280, 281], "summary": {"covered_lines": 32, "num_statements": 87, "percent_covered": 36.7816091954023, "percent_covered_display": "37", "missing_lines": 55, "excluded_lines": 0}, "missing_lines": [25, 28, 43, 45, 73, 76, 78, 84, 100, 103, 104, 107, 108, 110, 125, 127, 136, 138, 139, 140, 142, 143, 147, 148, 152, 153, 157, 158, 160, 167, 169, 172, 174, 176, 185, 186, 187, 188, 189, 191, 193, 194, 207, 210, 231, 233, 254, 256, 257, 265, 271, 272, 288, 289, 305], "excluded_lines": [], "functions": {"get_security_status": {"executed_lines": [], "summary": {"covered_lines": 0, "num_statements": 2, "percent_covered": 0.0, "percent_covered_display": "0", "missing_lines": 2, "excluded_lines": 0}, "missing_lines": [25, 28], "excluded_lines": []}, "get_security_dashboard": {"executed_lines": [], "summary": {"covered_lines": 0, "num_statements": 2, "percent_covered": 0.0, "percent_covered_display": "0", "missing_lines": 2, "excluded_lines": 0}, "missing_lines": [43, 45], "excluded_lines": []}, "block_ip_address": {"executed_lines": [], "summary": {"covered_lines": 0, "num_statements": 4, "percent_covered": 0.0, "percent_covered_display": "0", "missing_lines": 4, "excluded_lines": 0}, "missing_lines": [73, 76, 78, 84], "excluded_lines": []}, "unblock_ip_address": {"executed_lines": [], "summary": {"covered_lines": 0, "num_statements": 6, "percent_covered": 0.0, "percent_covered_display": "0", "missing_lines": 6, "excluded_lines": 0}, "missing_lines": [100, 103, 104, 107, 108, 110], "excluded_lines": []}, "get_security_events_summary": {"executed_lines": [], "summary": {"covered_lines": 0, "num_statements": 2, "percent_covered": 0.0, "percent_covered_display": "0", "missing_lines": 2, "excluded_lines": 0}, "missing_lines": [125, 127], "excluded_lines": []}, "_get_security_recommendations": {"executed_lines": [], "summary": {"covered_lines": 0, "num_statements": 13, "percent_covered": 0.0, "percent_covered_display": "0", "missing_lines": 13, "excluded_lines": 0}, "missing_lines": [136, 138, 139, 140, 142, 143, 147, 148, 152, 153, 157, 158, 160], "excluded_lines": []}, "security_health_check": {"executed_lines": [], "summary": {"covered_lines": 0, "num_statements": 13, "percent_covered": 0.0, "percent_covered_display": "0", "missing_lines": 13, "excluded_lines": 0}, "missing_lines": [167, 169, 172, 174, 176, 185, 186, 187, 188, 189, 191, 193, 194], "excluded_lines": []}, "get_security_config": {"executed_lines": [], "summary": {"covered_lines": 0, "num_statements": 2, "percent_covered": 0.0, "percent_covered_display": "0", "missing_lines": 2, "excluded_lines": 0}, "missing_lines": [207, 210], "excluded_lines": []}, "get_alert_configuration": {"executed_lines": [], "summary": {"covered_lines": 0, "num_statements": 2, "percent_covered": 0.0, "percent_covered_display": "0", "missing_lines": 2, "excluded_lines": 0}, "missing_lines": [231, 233], "excluded_lines": []}, "test_security_alerts": {"executed_lines": [], "summary": {"covered_lines": 0, "num_statements": 6, "percent_covered": 0.0, "percent_covered_display": "0", "missing_lines": 6, "excluded_lines": 0}, "missing_lines": [254, 256, 257, 265, 271, 272], "excluded_lines": []}, "get_alert_history": {"executed_lines": [], "summary": {"covered_lines": 0, "num_statements": 3, "percent_covered": 0.0, "percent_covered_display": "0", "missing_lines": 3, "excluded_lines": 0}, "missing_lines": [288, 289, 305], "excluded_lines": []}, "": {"executed_lines": [1, 6, 7, 9, 10, 12, 13, 14, 15, 17, 18, 19, 22, 23, 36, 37, 64, 65, 91, 92, 117, 118, 134, 163, 164, 203, 204, 227, 228, 250, 251, 280, 281], "summary": {"covered_lines": 32, "num_statements": 32, "percent_covered": 100.0, "percent_covered_display": "100", "missing_lines": 0, "excluded_lines": 0}, "missing_lines": [], "excluded_lines": []}}, "classes": {"": {"executed_lines": [1, 6, 7, 9, 10, 12, 13, 14, 15, 17, 18, 19, 22, 23, 36, 37, 64, 65, 91, 92, 117, 118, 134, 163, 164, 203, 204, 227, 228, 250, 251, 280, 281], "summary": {"covered_lines": 32, "num_statements": 87, "percent_covered": 36.7816091954023, "percent_covered_display": "37", "missing_lines": 55, "excluded_lines": 0}, "missing_lines": [25, 28, 43, 45, 73, 76, 78, 84, 100, 103, 104, 107, 108, 110, 125, 127, 136, 138, 139, 140, 142, 143, 147, 148, 152, 153, 157, 158, 160, 167, 169, 172, 174, 176, 185, 186, 187, 188, 189, 191, 193, 194, 207, 210, 231, 233, 254, 256, 257, 265, 271, 272, 288, 289, 305], "excluded_lines": []}}}, "app\\api\\routes\\social.py": {"executed_lines": [1, 3, 4, 5, 6, 8, 9, 10, 12, 15, 18, 19, 20, 21, 23, 24, 25, 26, 27, 28, 29, 30, 32, 33, 34, 35, 37, 38, 39, 40, 41, 42, 43, 46, 53, 54, 74, 75, 92, 93, 108, 109, 123, 124, 136, 137, 156, 157], "summary": {"covered_lines": 48, "num_statements": 125, "percent_covered": 38.4, "percent_covered_display": "38", "missing_lines": 77, "excluded_lines": 0}, "missing_lines": [47, 48, 49, 50, 55, 56, 57, 58, 59, 60, 61, 63, 72, 76, 77, 78, 79, 80, 81, 94, 95, 96, 97, 98, 99, 100, 103, 104, 105, 106, 110, 111, 112, 113, 114, 117, 118, 119, 120, 125, 126, 127, 128, 129, 130, 131, 138, 139, 140, 141, 142, 143, 144, 145, 146, 147, 148, 149, 153, 158, 159, 160, 163, 167, 169, 170, 173, 175, 176, 177, 178, 180, 181, 183, 184, 185, 189], "excluded_lines": [], "functions": {"_user_by_handle": {"executed_lines": [], "summary": {"covered_lines": 0, "num_statements": 4, "percent_covered": 0.0, "percent_covered_display": "0", "missing_lines": 4, "excluded_lines": 0}, "missing_lines": [47, 48, 49, 50], "excluded_lines": []}, "create_user": {"executed_lines": [], "summary": {"covered_lines": 0, "num_statements": 9, "percent_covered": 0.0, "percent_covered_display": "0", "missing_lines": 9, "excluded_lines": 0}, "missing_lines": [55, 56, 57, 58, 59, 60, 61, 63, 72], "excluded_lines": []}, "get_user": {"executed_lines": [], "summary": {"covered_lines": 0, "num_statements": 6, "percent_covered": 0.0, "percent_covered_display": "0", "missing_lines": 6, "excluded_lines": 0}, "missing_lines": [76, 77, 78, 79, 80, 81], "excluded_lines": []}, "follow": {"executed_lines": [], "summary": {"covered_lines": 0, "num_statements": 11, "percent_covered": 0.0, "percent_covered_display": "0", "missing_lines": 11, "excluded_lines": 0}, "missing_lines": [94, 95, 96, 97, 98, 99, 100, 103, 104, 105, 106], "excluded_lines": []}, "unfollow": {"executed_lines": [], "summary": {"covered_lines": 0, "num_statements": 9, "percent_covered": 0.0, "percent_covered_display": "0", "missing_lines": 9, "excluded_lines": 0}, "missing_lines": [110, 111, 112, 113, 114, 117, 118, 119, 120], "excluded_lines": []}, "create_post": {"executed_lines": [], "summary": {"covered_lines": 0, "num_statements": 7, "percent_covered": 0.0, "percent_covered_display": "0", "missing_lines": 7, "excluded_lines": 0}, "missing_lines": [125, 126, 127, 128, 129, 130, 131], "excluded_lines": []}, "list_posts": {"executed_lines": [], "summary": {"covered_lines": 0, "num_statements": 13, "percent_covered": 0.0, "percent_covered_display": "0", "missing_lines": 13, "excluded_lines": 0}, "missing_lines": [138, 139, 140, 141, 142, 143, 144, 145, 146, 147, 148, 149, 153], "excluded_lines": []}, "feed": {"executed_lines": [], "summary": {"covered_lines": 0, "num_statements": 18, "percent_covered": 0.0, "percent_covered_display": "0", "missing_lines": 18, "excluded_lines": 0}, "missing_lines": [158, 159, 160, 163, 167, 169, 170, 173, 175, 176, 177, 178, 180, 181, 183, 184, 185, 189], "excluded_lines": []}, "": {"executed_lines": [1, 3, 4, 5, 6, 8, 9, 10, 12, 15, 18, 19, 20, 21, 23, 24, 25, 26, 27, 28, 29, 30, 32, 33, 34, 35, 37, 38, 39, 40, 41, 42, 43, 46, 53, 54, 74, 75, 92, 93, 108, 109, 123, 124, 136, 137, 156, 157], "summary": {"covered_lines": 48, "num_statements": 48, "percent_covered": 100.0, "percent_covered_display": "100", "missing_lines": 0, "excluded_lines": 0}, "missing_lines": [], "excluded_lines": []}}, "classes": {"UserCreate": {"executed_lines": [], "summary": {"covered_lines": 0, "num_statements": 0, "percent_covered": 100.0, "percent_covered_display": "100", "missing_lines": 0, "excluded_lines": 0}, "missing_lines": [], "excluded_lines": []}, "UserOut": {"executed_lines": [], "summary": {"covered_lines": 0, "num_statements": 0, "percent_covered": 100.0, "percent_covered_display": "100", "missing_lines": 0, "excluded_lines": 0}, "missing_lines": [], "excluded_lines": []}, "PostCreate": {"executed_lines": [], "summary": {"covered_lines": 0, "num_statements": 0, "percent_covered": 100.0, "percent_covered_display": "100", "missing_lines": 0, "excluded_lines": 0}, "missing_lines": [], "excluded_lines": []}, "PostOut": {"executed_lines": [], "summary": {"covered_lines": 0, "num_statements": 0, "percent_covered": 100.0, "percent_covered_display": "100", "missing_lines": 0, "excluded_lines": 0}, "missing_lines": [], "excluded_lines": []}, "": {"executed_lines": [1, 3, 4, 5, 6, 8, 9, 10, 12, 15, 18, 19, 20, 21, 23, 24, 25, 26, 27, 28, 29, 30, 32, 33, 34, 35, 37, 38, 39, 40, 41, 42, 43, 46, 53, 54, 74, 75, 92, 93, 108, 109, 123, 124, 136, 137, 156, 157], "summary": {"covered_lines": 48, "num_statements": 125, "percent_covered": 38.4, "percent_covered_display": "38", "missing_lines": 77, "excluded_lines": 0}, "missing_lines": [47, 48, 49, 50, 55, 56, 57, 58, 59, 60, 61, 63, 72, 76, 77, 78, 79, 80, 81, 94, 95, 96, 97, 98, 99, 100, 103, 104, 105, 106, 110, 111, 112, 113, 114, 117, 118, 119, 120, 125, 126, 127, 128, 129, 130, 131, 138, 139, 140, 141, 142, 143, 144, 145, 146, 147, 148, 149, 153, 158, 159, 160, 163, 167, 169, 170, 173, 175, 176, 177, 178, 180, 181, 183, 184, 185, 189], "excluded_lines": []}}}, "app\\core\\__init__.py": {"executed_lines": [0], "summary": {"covered_lines": 0, "num_statements": 0, "percent_covered": 100.0, "percent_covered_display": "100", "missing_lines": 0, "excluded_lines": 0}, "missing_lines": [], "excluded_lines": [], "functions": {"": {"executed_lines": [], "summary": {"covered_lines": 0, "num_statements": 0, "percent_covered": 100.0, "percent_covered_display": "100", "missing_lines": 0, "excluded_lines": 0}, "missing_lines": [], "excluded_lines": []}}, "classes": {"": {"executed_lines": [], "summary": {"covered_lines": 0, "num_statements": 0, "percent_covered": 100.0, "percent_covered_display": "100", "missing_lines": 0, "excluded_lines": 0}, "missing_lines": [], "excluded_lines": []}}}, "app\\core\\advanced_redis_client.py": {"executed_lines": [2, 11, 12, 13, 14, 15, 16, 18, 19, 20, 21, 22, 23, 25, 27, 29, 30, 31, 32, 33, 34, 35, 37, 38, 39, 40, 41, 42, 43, 44, 45, 47, 48, 52, 53, 56, 61, 66, 69, 72, 73, 82, 83, 84, 85, 86, 87, 88, 89, 92, 101, 103, 163, 180, 215, 226, 257, 292, 328, 357, 384, 407, 422, 434, 446, 464], "summary": {"covered_lines": 62, "num_statements": 248, "percent_covered": 25.0, "percent_covered_display": "25", "missing_lines": 186, "excluded_lines": 0}, "missing_lines": [49, 50, 54, 57, 58, 59, 62, 63, 64, 67, 70, 105, 106, 108, 113, 120, 128, 132, 142, 143, 146, 147, 150, 153, 154, 156, 158, 159, 160, 161, 165, 173, 174, 176, 177, 178, 182, 184, 186, 187, 189, 191, 192, 193, 195, 198, 199, 206, 208, 210, 211, 212, 213, 217, 218, 219, 221, 223, 224, 228, 230, 231, 232, 233, 235, 237, 238, 240, 242, 243, 244, 245, 247, 249, 250, 252, 253, 254, 255, 265, 266, 267, 270, 273, 274, 275, 277, 278, 280, 282, 283, 285, 287, 288, 289, 290, 294, 296, 297, 298, 299, 302, 303, 305, 306, 307, 310, 311, 312, 313, 314, 316, 317, 318, 320, 321, 323, 324, 325, 326, 336, 337, 338, 340, 341, 342, 344, 345, 348, 350, 352, 353, 354, 355, 359, 360, 362, 363, 364, 366, 367, 369, 372, 373, 374, 375, 377, 378, 380, 381, 382, 386, 387, 388, 390, 391, 393, 395, 396, 397, 398, 399, 401, 403, 404, 405, 409, 424, 425, 426, 427, 428, 431, 432, 436, 437, 438, 441, 443, 444, 448, 451, 457, 458, 460, 461], "excluded_lines": [], "functions": {"CacheMetrics.__init__": {"executed_lines": [40, 41, 42, 43, 44, 45], "summary": {"covered_lines": 6, "num_statements": 6, "percent_covered": 100.0, "percent_covered_display": "100", "missing_lines": 0, "excluded_lines": 0}, "missing_lines": [], "excluded_lines": []}, "CacheMetrics.hit_rate": {"executed_lines": [], "summary": {"covered_lines": 0, "num_statements": 2, "percent_covered": 0.0, "percent_covered_display": "0", "missing_lines": 2, "excluded_lines": 0}, "missing_lines": [49, 50], "excluded_lines": []}, "CacheMetrics.avg_response_time": {"executed_lines": [], "summary": {"covered_lines": 0, "num_statements": 1, "percent_covered": 0.0, "percent_covered_display": "0", "missing_lines": 1, "excluded_lines": 0}, "missing_lines": [54], "excluded_lines": []}, "CacheMetrics.record_hit": {"executed_lines": [], "summary": {"covered_lines": 0, "num_statements": 3, "percent_covered": 0.0, "percent_covered_display": "0", "missing_lines": 3, "excluded_lines": 0}, "missing_lines": [57, 58, 59], "excluded_lines": []}, "CacheMetrics.record_miss": {"executed_lines": [], "summary": {"covered_lines": 0, "num_statements": 3, "percent_covered": 0.0, "percent_covered_display": "0", "missing_lines": 3, "excluded_lines": 0}, "missing_lines": [62, 63, 64], "excluded_lines": []}, "CacheMetrics.record_write": {"executed_lines": [], "summary": {"covered_lines": 0, "num_statements": 1, "percent_covered": 0.0, "percent_covered_display": "0", "missing_lines": 1, "excluded_lines": 0}, "missing_lines": [67], "excluded_lines": []}, "CacheMetrics.record_error": {"executed_lines": [], "summary": {"covered_lines": 0, "num_statements": 1, "percent_covered": 0.0, "percent_covered_display": "0", "missing_lines": 1, "excluded_lines": 0}, "missing_lines": [70], "excluded_lines": []}, "AdvancedRedisClient.__init__": {"executed_lines": [83, 84, 85, 86, 87, 88, 89, 92, 101], "summary": {"covered_lines": 9, "num_statements": 9, "percent_covered": 100.0, "percent_covered_display": "100", "missing_lines": 0, "excluded_lines": 0}, "missing_lines": [], "excluded_lines": []}, "AdvancedRedisClient.initialize": {"executed_lines": [], "summary": {"covered_lines": 0, "num_statements": 19, "percent_covered": 0.0, "percent_covered_display": "0", "missing_lines": 19, "excluded_lines": 0}, "missing_lines": [105, 106, 108, 113, 120, 128, 132, 142, 143, 146, 147, 150, 153, 154, 156, 158, 159, 160, 161], "excluded_lines": []}, "AdvancedRedisClient._initialize_cache_layers": {"executed_lines": [], "summary": {"covered_lines": 0, "num_statements": 6, "percent_covered": 0.0, "percent_covered_display": "0", "missing_lines": 6, "excluded_lines": 0}, "missing_lines": [165, 173, 174, 176, 177, 178], "excluded_lines": []}, "AdvancedRedisClient.is_available": {"executed_lines": [], "summary": {"covered_lines": 0, "num_statements": 17, "percent_covered": 0.0, "percent_covered_display": "0", "missing_lines": 17, "excluded_lines": 0}, "missing_lines": [182, 184, 186, 187, 189, 191, 192, 193, 195, 198, 199, 206, 208, 210, 211, 212, 213], "excluded_lines": []}, "AdvancedRedisClient._handle_circuit_breaker_failure": {"executed_lines": [], "summary": {"covered_lines": 0, "num_statements": 6, "percent_covered": 0.0, "percent_covered_display": "0", "missing_lines": 6, "excluded_lines": 0}, "missing_lines": [217, 218, 219, 221, 223, 224], "excluded_lines": []}, "AdvancedRedisClient.get": {"executed_lines": [], "summary": {"covered_lines": 0, "num_statements": 20, "percent_covered": 0.0, "percent_covered_display": "0", "missing_lines": 20, "excluded_lines": 0}, "missing_lines": [228, 230, 231, 232, 233, 235, 237, 238, 240, 242, 243, 244, 245, 247, 249, 250, 252, 253, 254, 255], "excluded_lines": []}, "AdvancedRedisClient.set": {"executed_lines": [], "summary": {"covered_lines": 0, "num_statements": 17, "percent_covered": 0.0, "percent_covered_display": "0", "missing_lines": 17, "excluded_lines": 0}, "missing_lines": [265, 266, 267, 270, 273, 274, 275, 277, 278, 280, 282, 283, 285, 287, 288, 289, 290], "excluded_lines": []}, "AdvancedRedisClient.get_with_layers": {"executed_lines": [], "summary": {"covered_lines": 0, "num_statements": 24, "percent_covered": 0.0, "percent_covered_display": "0", "missing_lines": 24, "excluded_lines": 0}, "missing_lines": [294, 296, 297, 298, 299, 302, 303, 305, 306, 307, 310, 311, 312, 313, 314, 316, 317, 318, 320, 321, 323, 324, 325, 326], "excluded_lines": []}, "AdvancedRedisClient.set_with_layer": {"executed_lines": [], "summary": {"covered_lines": 0, "num_statements": 14, "percent_covered": 0.0, "percent_covered_display": "0", "missing_lines": 14, "excluded_lines": 0}, "missing_lines": [336, 337, 338, 340, 341, 342, 344, 345, 348, 350, 352, 353, 354, 355], "excluded_lines": []}, "AdvancedRedisClient.cache_warm_batch": {"executed_lines": [], "summary": {"covered_lines": 0, "num_statements": 17, "percent_covered": 0.0, "percent_covered_display": "0", "missing_lines": 17, "excluded_lines": 0}, "missing_lines": [359, 360, 362, 363, 364, 366, 367, 369, 372, 373, 374, 375, 377, 378, 380, 381, 382], "excluded_lines": []}, "AdvancedRedisClient.invalidate_pattern": {"executed_lines": [], "summary": {"covered_lines": 0, "num_statements": 15, "percent_covered": 0.0, "percent_covered_display": "0", "missing_lines": 15, "excluded_lines": 0}, "missing_lines": [386, 387, 388, 390, 391, 393, 395, 396, 397, 398, 399, 401, 403, 404, 405], "excluded_lines": []}, "AdvancedRedisClient.get_metrics": {"executed_lines": [], "summary": {"covered_lines": 0, "num_statements": 1, "percent_covered": 0.0, "percent_covered_display": "0", "missing_lines": 1, "excluded_lines": 0}, "missing_lines": [409], "excluded_lines": []}, "AdvancedRedisClient._metrics_reporter": {"executed_lines": [], "summary": {"covered_lines": 0, "num_statements": 7, "percent_covered": 0.0, "percent_covered_display": "0", "missing_lines": 7, "excluded_lines": 0}, "missing_lines": [424, 425, 426, 427, 428, 431, 432], "excluded_lines": []}, "AdvancedRedisClient._cache_warmer": {"executed_lines": [], "summary": {"covered_lines": 0, "num_statements": 6, "percent_covered": 0.0, "percent_covered_display": "0", "missing_lines": 6, "excluded_lines": 0}, "missing_lines": [436, 437, 438, 441, 443, 444], "excluded_lines": []}, "AdvancedRedisClient._warm_notification_cache": {"executed_lines": [], "summary": {"covered_lines": 0, "num_statements": 6, "percent_covered": 0.0, "percent_covered_display": "0", "missing_lines": 6, "excluded_lines": 0}, "missing_lines": [448, 451, 457, 458, 460, 461], "excluded_lines": []}, "": {"executed_lines": [2, 11, 12, 13, 14, 15, 16, 18, 19, 20, 21, 22, 23, 25, 27, 29, 30, 31, 32, 33, 34, 35, 37, 38, 39, 47, 48, 52, 53, 56, 61, 66, 69, 72, 73, 82, 103, 163, 180, 215, 226, 257, 292, 328, 357, 384, 407, 422, 434, 446, 464], "summary": {"covered_lines": 47, "num_statements": 47, "percent_covered": 100.0, "percent_covered_display": "100", "missing_lines": 0, "excluded_lines": 0}, "missing_lines": [], "excluded_lines": []}}, "classes": {"CacheStrategy": {"executed_lines": [], "summary": {"covered_lines": 0, "num_statements": 0, "percent_covered": 100.0, "percent_covered_display": "100", "missing_lines": 0, "excluded_lines": 0}, "missing_lines": [], "excluded_lines": []}, "CacheMetrics": {"executed_lines": [40, 41, 42, 43, 44, 45], "summary": {"covered_lines": 6, "num_statements": 17, "percent_covered": 35.294117647058826, "percent_covered_display": "35", "missing_lines": 11, "excluded_lines": 0}, "missing_lines": [49, 50, 54, 57, 58, 59, 62, 63, 64, 67, 70], "excluded_lines": []}, "AdvancedRedisClient": {"executed_lines": [83, 84, 85, 86, 87, 88, 89, 92, 101], "summary": {"covered_lines": 9, "num_statements": 184, "percent_covered": 4.891304347826087, "percent_covered_display": "5", "missing_lines": 175, "excluded_lines": 0}, "missing_lines": [105, 106, 108, 113, 120, 128, 132, 142, 143, 146, 147, 150, 153, 154, 156, 158, 159, 160, 161, 165, 173, 174, 176, 177, 178, 182, 184, 186, 187, 189, 191, 192, 193, 195, 198, 199, 206, 208, 210, 211, 212, 213, 217, 218, 219, 221, 223, 224, 228, 230, 231, 232, 233, 235, 237, 238, 240, 242, 243, 244, 245, 247, 249, 250, 252, 253, 254, 255, 265, 266, 267, 270, 273, 274, 275, 277, 278, 280, 282, 283, 285, 287, 288, 289, 290, 294, 296, 297, 298, 299, 302, 303, 305, 306, 307, 310, 311, 312, 313, 314, 316, 317, 318, 320, 321, 323, 324, 325, 326, 336, 337, 338, 340, 341, 342, 344, 345, 348, 350, 352, 353, 354, 355, 359, 360, 362, 363, 364, 366, 367, 369, 372, 373, 374, 375, 377, 378, 380, 381, 382, 386, 387, 388, 390, 391, 393, 395, 396, 397, 398, 399, 401, 403, 404, 405, 409, 424, 425, 426, 427, 428, 431, 432, 436, 437, 438, 441, 443, 444, 448, 451, 457, 458, 460, 461], "excluded_lines": []}, "": {"executed_lines": [2, 11, 12, 13, 14, 15, 16, 18, 19, 20, 21, 22, 23, 25, 27, 29, 30, 31, 32, 33, 34, 35, 37, 38, 39, 47, 48, 52, 53, 56, 61, 66, 69, 72, 73, 82, 103, 163, 180, 215, 226, 257, 292, 328, 357, 384, 407, 422, 434, 446, 464], "summary": {"covered_lines": 47, "num_statements": 47, "percent_covered": 100.0, "percent_covered_display": "100", "missing_lines": 0, "excluded_lines": 0}, "missing_lines": [], "excluded_lines": []}}}, "app\\core\\auth_deps.py": {"ex
[...]
tManager._handle_leave_room": {"executed_lines": [], "summary": {"covered_lines": 0, "num_statements": 5, "percent_covered": 0.0, "percent_covered_display": "0", "missing_lines": 5, "excluded_lines": 0}, "missing_lines": [598, 599, 600, 602, 606], "excluded_lines": []}, "AdvancedWebSocketManager._start_background_tasks": {"executed_lines": [], "summary": {"covered_lines": 0, "num_statements": 1, "percent_covered": 0.0, "percent_covered_display": "0", "missing_lines": 1, "excluded_lines": 0}, "missing_lines": [636], "excluded_lines": []}, "AdvancedWebSocketManager._metrics_aggregator": {"executed_lines": [], "summary": {"covered_lines": 0, "num_statements": 10, "percent_covered": 0.0, "percent_covered_display": "0", "missing_lines": 10, "excluded_lines": 0}, "missing_lines": [640, 641, 642, 644, 645, 650, 656, 657, 659, 660], "excluded_lines": []}, "AdvancedWebSocketManager._connection_health_checker": {"executed_lines": [], "summary": {"covered_lines": 0, "num_statements": 13, "percent_covered": 0.0, "percent_covered_display": "0", "missing_lines": 13, "excluded_lines": 0}, "missing_lines": [664, 665, 666, 668, 669, 671, 673, 674, 677, 678, 679, 681, 682], "excluded_lines": []}, "AdvancedWebSocketManager._performance_monitor": {"executed_lines": [], "summary": {"covered_lines": 0, "num_statements": 7, "percent_covered": 0.0, "percent_covered_display": "0", "missing_lines": 7, "excluded_lines": 0}, "missing_lines": [686, 687, 688, 690, 692, 700, 701], "excluded_lines": []}, "AdvancedWebSocketManager.get_analytics": {"executed_lines": [], "summary": {"covered_lines": 0, "num_statements": 7, "percent_covered": 0.0, "percent_covered_display": "0", "missing_lines": 7, "excluded_lines": 0}, "missing_lines": [706, 709, 710, 716, 719, 720, 725], "excluded_lines": []}, "get_websocket_manager": {"executed_lines": [747, 748, 749], "summary": {"covered_lines": 3, "num_statements": 3, "percent_covered": 100.0, "percent_covered_display": "100", "missing_lines": 0, "excluded_lines": 0}, "missing_lines": [], "excluded_lines": []}, "": {"executed_lines": [2, 11, 12, 13, 14, 15, 16, 17, 18, 19, 21, 22, 24, 25, 27, 29, 30, 31, 32, 33, 34, 35, 36, 37, 38, 39, 40, 42, 45, 50, 55, 56, 57, 58, 59, 60, 61, 62, 63, 64, 65, 67, 80, 81, 83, 96, 140, 170, 183, 197, 202, 207, 220, 227, 239, 261, 262, 271, 289, 293, 317, 340, 389, 424, 447, 488, 513, 546, 556, 570, 584, 596, 608, 622, 634, 638, 662, 684, 703, 742, 744, 752], "summary": {"covered_lines": 77, "num_statements": 77, "percent_covered": 100.0, "percent_covered_display": "100", "missing_lines": 0, "excluded_lines": 0}, "missing_lines": [], "excluded_lines": []}}, "classes": {"ConnectionMetrics": {"executed_lines": [], "summary": {"covered_lines": 0, "num_statements": 7, "percent_covered": 0.0, "percent_covered_display": "0", "missing_lines": 7, "excluded_lines": 0}, "missing_lines": [43, 46, 47, 48, 51, 52, 53], "excluded_lines": []}, "ConnectionInfo": {"executed_lines": [], "summary": {"covered_lines": 0, "num_statements": 1, "percent_covered": 0.0, "percent_covered_display": "0", "missing_lines": 1, "excluded_lines": 0}, "missing_lines": [68], "excluded_lines": []}, "ConnectionPool": {"executed_lines": [84, 85, 86, 87, 88, 89], "summary": {"covered_lines": 6, "num_statements": 70, "percent_covered": 8.571428571428571, "percent_covered_display": "9", "missing_lines": 64, "excluded_lines": 0}, "missing_lines": [104, 105, 106, 108, 110, 115, 125, 126, 128, 129, 135, 137, 138, 143, 144, 146, 147, 150, 151, 152, 155, 156, 157, 158, 161, 162, 165, 167, 168, 172, 173, 175, 176, 179, 181, 185, 186, 188, 189, 191, 192, 194, 195, 199, 200, 204, 205, 209, 210, 211, 217, 218, 222, 223, 224, 225, 229, 230, 236, 237, 241, 242, 245, 250], "excluded_lines": []}, "AdvancedWebSocketManager": {"executed_lines": [272, 273, 274, 275, 282, 283, 286, 287], "summary": {"covered_lines": 8, "num_statements": 203, "percent_covered": 3.9408866995073892, "percent_covered_display": "4", "missing_lines": 195, "excluded_lines": 0}, "missing_lines": [291, 295, 296, 298, 301, 302, 303, 306, 307, 308, 311, 312, 313, 315, 319, 320, 322, 325, 326, 327, 328, 329, 330, 331, 332, 333, 335, 336, 338, 348, 349, 351, 355, 356, 357, 360, 363, 373, 376, 383, 385, 386, 387, 392, 393, 394, 396, 397, 405, 406, 409, 419, 421, 422, 432, 433, 436, 438, 439, 440, 441, 442, 443, 445, 455, 456, 457, 460, 461, 464, 465, 466, 467, 470, 472, 473, 474, 477, 478, 486, 491, 492, 493, 495, 496, 497, 500, 501, 503, 505, 506, 507, 508, 509, 510, 511, 516, 517, 518, 520, 521, 522, 523, 526, 528, 529, 530, 531, 532, 533, 534, 535, 536, 537, 539, 541, 542, 543, 544, 548, 554, 558, 559, 560, 561, 562, 564, 568, 572, 573, 574, 575, 576, 578, 582, 586, 587, 588, 590, 594, 598, 599, 600, 602, 606, 610, 611, 612, 613, 614, 616, 620, 624, 625, 626, 628, 632, 636, 640, 641, 642, 644, 645, 650, 656, 657, 659, 660, 664, 665, 666, 668, 669, 671, 673, 674, 677, 678, 679, 681, 682, 686, 687, 688, 690, 692, 700, 701, 706, 709, 710, 716, 719, 720, 725], "excluded_lines": []}, "": {"executed_lines": [2, 11, 12, 13, 14, 15, 16, 17, 18, 19, 21, 22, 24, 25, 27, 29, 30, 31, 32, 33, 34, 35, 36, 37, 38, 39, 40, 42, 45, 50, 55, 56, 57, 58, 59, 60, 61, 62, 63, 64, 65, 67, 80, 81, 83, 96, 140, 170, 183, 197, 202, 207, 220, 227, 239, 261, 262, 271, 289, 293, 317, 340, 389, 424, 447, 488, 513, 546, 556, 570, 584, 596, 608, 622, 634, 638, 662, 684, 703, 742, 744, 747, 748, 749, 752], "summary": {"covered_lines": 80, "num_statements": 80, "percent_covered": 100.0, "percent_covered_display": "100", "missing_lines": 0, "excluded_lines": 0}, "missing_lines": [], "excluded_lines": []}}}, "app\\websockets\\jwt_websocket_auth.py": {"executed_lines": [1, 6, 7, 8, 9, 11, 12, 15, 16, 17, 18, 20, 22, 23, 25, 26, 27, 28, 30, 43, 52, 94, 95, 97, 98, 99, 100, 101, 103, 142, 166, 183, 200, 223, 237, 255, 276, 336, 363, 364, 367], "summary": {"covered_lines": 38, "num_statements": 199, "percent_covered": 19.09547738693467, "percent_covered_display": "19", "missing_lines": 161, "excluded_lines": 0}, "missing_lines": [32, 34, 35, 37, 39, 40, 41, 45, 46, 47, 48, 49, 50, 54, 55, 57, 59, 61, 62, 63, 65, 66, 67, 70, 71, 72, 73, 76, 77, 79, 80, 81, 83, 90, 91, 92, 105, 106, 108, 109, 112, 121, 122, 123, 126, 129, 130, 131, 132, 133, 135, 136, 138, 139, 140, 144, 145, 146, 147, 150, 153, 154, 155, 156, 159, 161, 163, 164, 168, 170, 171, 172, 173, 174, 175, 176, 177, 178, 179, 181, 187, 189, 190, 191, 192, 193, 194, 195, 196, 198, 202, 203, 204, 206, 214, 217, 218, 220, 221, 225, 227, 228, 231, 232, 234, 235, 239, 241, 242, 243, 244, 245, 246, 249, 257, 258, 259, 261, 269, 270, 272, 273, 278, 279, 280, 282, 284, 286, 287, 288, 291, 294, 297, 298, 299, 300, 303, 304, 306, 307, 309, 310, 314, 319, 321, 322, 324, 325, 326, 329, 330, 332, 333, 338, 339, 341, 343, 346, 357, 359, 360], "excluded_lines": [], "functions": {"WebSocketJWTAuth.__init__": {"executed_lines": [26, 27, 28], "summary": {"covered_lines": 3, "num_statements": 3, "percent_covered": 100.0, "percent_covered_display": "100", "missing_lines": 0, "excluded_lines": 0}, "missing_lines": [], "excluded_lines": []}, "WebSocketJWTAuth.create_access_token": {"executed_lines": [], "summary": {"covered_lines": 0, "num_statements": 7, "percent_covered": 0.0, "percent_covered_display": "0", "missing_lines": 7, "excluded_lines": 0}, "missing_lines": [32, 34, 35, 37, 39, 40, 41], "excluded_lines": []}, "WebSocketJWTAuth.verify_token": {"executed_lines": [], "summary": {"covered_lines": 0, "num_statements": 6, "percent_covered": 0.0, "percent_covered_display": "0", "missing_lines": 6, "excluded_lines": 0}, "missing_lines": [45, 46, 47, 48, 49, 50], "excluded_lines": []}, "WebSocketJWTAuth.authenticate_websocket": {"executed_lines": [], "summary": {"covered_lines": 0, "num_statements": 23, "percent_covered": 0.0, "percent_covered_display": "0", "missing_lines": 23, "excluded_lines": 0}, "missing_lines": [54, 55, 57, 59, 61, 62, 63, 65, 66, 67, 70, 71, 72, 73, 76, 77, 79, 80, 81, 83, 90, 91, 92], "excluded_lines": []}, "AuthenticatedWebSocketManager.__init__": {"executed_lines": [98, 99, 100, 101], "summary": {"covered_lines": 4, "num_statements": 4, "percent_covered": 100.0, "percent_covered_display": "100", "missing_lines": 0, "excluded_lines": 0}, "missing_lines": [], "excluded_lines": []}, "AuthenticatedWebSocketManager.connect": {"executed_lines": [], "summary": {"covered_lines": 0, "num_statements": 19, "percent_covered": 0.0, "percent_covered_display": "0", "missing_lines": 19, "excluded_lines": 0}, "missing_lines": [105, 106, 108, 109, 112, 121, 122, 123, 126, 129, 130, 131, 132, 133, 135, 136, 138, 139, 140], "excluded_lines": []}, "AuthenticatedWebSocketManager.disconnect": {"executed_lines": [], "summary": {"covered_lines": 0, "num_statements": 13, "percent_covered": 0.0, "percent_covered_display": "0", "missing_lines": 13, "excluded_lines": 0}, "missing_lines": [144, 145, 146, 147, 150, 153, 154, 155, 156, 159, 161, 163, 164], "excluded_lines": []}, "AuthenticatedWebSocketManager.send_personal_message": {"executed_lines": [], "summary": {"covered_lines": 0, "num_statements": 12, "percent_covered": 0.0, "percent_covered_display": "0", "missing_lines": 12, "excluded_lines": 0}, "missing_lines": [168, 170, 171, 172, 173, 174, 175, 176, 177, 178, 179, 181], "excluded_lines": []}, "AuthenticatedWebSocketManager.broadcast_to_room": {"executed_lines": [], "summary": {"covered_lines": 0, "num_statements": 10, "percent_covered": 0.0, "percent_covered_display": "0", "missing_lines": 10, "excluded_lines": 0}, "missing_lines": [187, 189, 190, 191, 192, 193, 194, 195, 196, 198], "excluded_lines": []}, "AuthenticatedWebSocketManager._store_connection_in_redis": {"executed_lines": [], "summary": {"covered_lines": 0, "num_statements": 9, "percent_covered": 0.0, "percent_covered_display": "0", "missing_lines": 9, "excluded_lines": 0}, "missing_lines": [202, 203, 204, 206, 214, 217, 218, 220, 221], "excluded_lines": []}, "AuthenticatedWebSocketManager._remove_connection_from_redis": {"executed_lines": [], "summary": {"covered_lines": 0, "num_statements": 7, "percent_covered": 0.0, "percent_covered_display": "0", "missing_lines": 7, "excluded_lines": 0}, "missing_lines": [225, 227, 228, 231, 232, 234, 235], "excluded_lines": []}, "AuthenticatedWebSocketManager.get_user_presence": {"executed_lines": [], "summary": {"covered_lines": 0, "num_statements": 8, "percent_covered": 0.0, "percent_covered_display": "0", "missing_lines": 8, "excluded_lines": 0}, "missing_lines": [239, 241, 242, 243, 244, 245, 246, 249], "excluded_lines": []}, "AuthenticatedWebSocketManager.update_user_presence": {"executed_lines": [], "summary": {"covered_lines": 0, "num_statements": 8, "percent_covered": 0.0, "percent_covered_display": "0", "missing_lines": 8, "excluded_lines": 0}, "missing_lines": [257, 258, 259, 261, 269, 270, 272, 273], "excluded_lines": []}, "websocket_endpoint_with_auth": {"executed_lines": [], "summary": {"covered_lines": 0, "num_statements": 31, "percent_covered": 0.0, "percent_covered_display": "0", "missing_lines": 31, "excluded_lines": 0}, "missing_lines": [278, 279, 280, 282, 284, 286, 287, 288, 291, 294, 297, 298, 299, 300, 303, 304, 306, 307, 309, 310, 314, 319, 321, 322, 324, 325, 326, 329, 330, 332, 333], "excluded_lines": []}, "handle_typing_indicator": {"executed_lines": [], "summary": {"covered_lines": 0, "num_statements": 8, "percent_covered": 0.0, "percent_covered_display": "0", "missing_lines": 8, "excluded_lines": 0}, "missing_lines": [338, 339, 341, 343, 346, 357, 359, 360], "excluded_lines": []}, "": {"executed_lines": [1, 6, 7, 8, 9, 11, 12, 15, 16, 17, 18, 20, 22, 23, 25, 30, 43, 52, 94, 95, 97, 103, 142, 166, 183, 200, 223, 237, 255, 276, 336, 363, 364, 367], "summary": {"covered_lines": 31, "num_statements": 31, "percent_covered": 100.0, "percent_covered_display": "100", "missing_lines": 0, "excluded_lines": 0}, "missing_lines": [], "excluded_lines": []}}, "classes": {"WebSocketJWTAuth": {"executed_lines": [26, 27, 28], "summary": {"covered_lines": 3, "num_statements": 39, "percent_covered": 7.6923076923076925, "percent_covered_display": "8", "missing_lines": 36, "excluded_lines": 0}, "missing_lines": [32, 34, 35, 37, 39, 40, 41, 45, 46, 47, 48, 49, 50, 54, 55, 57, 59, 61, 62, 63, 65, 66, 67, 70, 71, 72, 73, 76, 77, 79, 80, 81, 83, 90, 91, 92], "excluded_lines": []}, "AuthenticatedWebSocketManager": {"executed_lines": [98, 99, 100, 101], "summary": {"covered_lines": 4, "num_statements": 90, "percent_covered": 4.444444444444445, "percent_covered_display": "4", "missing_lines": 86, "excluded_lines": 0}, "missing_lines": [105, 106, 108, 109, 112, 121, 122, 123, 126, 129, 130, 131, 132, 133, 135, 136, 138, 139, 140, 144, 145, 146, 147, 150, 153, 154, 155, 156, 159, 161, 163, 164, 168, 170, 171, 172, 173, 174, 175, 176, 177, 178, 179, 181, 187, 189, 190, 191, 192, 193, 194, 195, 196, 198, 202, 203, 204, 206, 214, 217, 218, 220, 221, 225, 227, 228, 231, 232, 234, 235, 239, 241, 242, 243, 244, 245, 246, 249, 257, 258, 259, 261, 269, 270, 272, 273], "excluded_lines": []}, "": {"executed_lines": [1, 6, 7, 8, 9, 11, 12, 15, 16, 17, 18, 20, 22, 23, 25, 30, 43, 52, 94, 95, 97, 103, 142, 166, 183, 200, 223, 237, 255, 276, 336, 363, 364, 367], "summary": {"covered_lines": 31, "num_statements": 70, "percent_covered": 44.285714285714285, "percent_covered_display": "44", "missing_lines": 39, "excluded_lines": 0}, "missing_lines": [278, 279, 280, 282, 284, 286, 287, 288, 291, 294, 297, 298, 299, 300, 303, 304, 306, 307, 309, 310, 314, 319, 321, 322, 324, 325, 326, 329, 330, 332, 333, 338, 339, 341, 343, 346, 357, 359, 360], "excluded_lines": []}}}, "app\\websockets\\notifications.py": {"executed_lines": [2, 3, 4, 5, 7, 8, 10, 13, 14, 16, 18, 19, 26, 28, 31, 34, 42, 44, 46, 51, 56, 61, 122, 157, 198, 216, 225, 255, 301, 318, 338, 354, 357, 360, 378], "summary": {"covered_lines": 34, "num_statements": 134, "percent_covered": 25.37313432835821, "percent_covered_display": "25", "missing_lines": 100, "excluded_lines": 0}, "missing_lines": [72, 73, 76, 77, 78, 80, 83, 91, 92, 95, 105, 106, 115, 116, 118, 119, 120, 130, 132, 133, 136, 137, 140, 141, 142, 144, 148, 152, 154, 155, 168, 169, 171, 172, 173, 175, 176, 177, 178, 181, 182, 184, 185, 186, 187, 190, 191, 193, 194, 196, 208, 210, 211, 212, 214, 218, 219, 220, 221, 222, 223, 227, 229, 234, 237, 238, 247, 249, 250, 252, 253, 257, 258, 260, 261, 269, 271, 272, 281, 283, 286, 287, 296, 298, 299, 303, 304, 313, 315, 316, 320, 340, 341, 343, 344, 345, 347, 348, 349, 351], "excluded_lines": [], "functions": {"NotificationWebSocketManager.__init__": {"executed_lines": [28, 31, 34, 42], "summary": {"covered_lines": 4, "num_statements": 4, "percent_covered": 100.0, "percent_covered_display": "100", "missing_lines": 0, "excluded_lines": 0}, "missing_lines": [], "excluded_lines": []}, "NotificationWebSocketManager._setup_notification_handlers": {"executed_lines": [46, 51, 56], "summary": {"covered_lines": 3, "num_statements": 3, "percent_covered": 100.0, "percent_covered_display": "100", "missing_lines": 0, "excluded_lines": 0}, "missing_lines": [], "excluded_lines": []}, "NotificationWebSocketManager.connect": {"executed_lines": [], "summary": {"covered_lines": 0, "num_statements": 17, "percent_covered": 0.0, "percent_covered_display": "0", "missing_lines": 17, "excluded_lines": 0}, "missing_lines": [72, 73, 76, 77, 78, 80, 83, 91, 92, 95, 105, 106, 115, 116, 118, 119, 120], "excluded_lines": []}, "NotificationWebSocketManager.disconnect": {"executed_lines": [], "summary": {"covered_lines": 0, "num_statements": 13, "percent_covered": 0.0, "percent_covered_display": "0", "missing_lines": 13, "excluded_lines": 0}, "missing_lines": [130, 132, 133, 136, 137, 140, 141, 142, 144, 148, 152, 154, 155], "excluded_lines": []}, "NotificationWebSocketManager.send_to_user": {"executed_lines": [], "summary": {"covered_lines": 0, "num_statements": 20, "percent_covered": 0.0, "percent_covered_display": "0", "missing_lines": 20, "excluded_lines": 0}, "missing_lines": [168, 169, 171, 172, 173, 175, 176, 177, 178, 181, 182, 184, 185, 186, 187, 190, 191, 193, 194, 196], "excluded_lines": []}, "NotificationWebSocketManager.broadcast_to_all": {"executed_lines": [], "summary": {"covered_lines": 0, "num_statements": 5, "percent_covered": 0.0, "percent_covered_display": "0", "missing_lines": 5, "excluded_lines": 0}, "missing_lines": [208, 210, 211, 212, 214], "excluded_lines": []}, "NotificationWebSocketManager._send_to_websocket": {"executed_lines": [], "summary": {"covered_lines": 0, "num_statements": 6, "percent_covered": 0.0, "percent_covered_display": "0", "missing_lines": 6, "excluded_lines": 0}, "missing_lines": [218, 219, 220, 221, 222, 223], "excluded_lines": []}, "NotificationWebSocketManager._handle_notification_created": {"executed_lines": [], "summary": {"covered_lines": 0, "num_statements": 10, "percent_covered": 0.0, "percent_covered_display": "0", "missing_lines": 10, "excluded_lines": 0}, "missing_lines": [227, 229, 234, 237, 238, 247, 249, 250, 252, 253], "excluded_lines": []}, "NotificationWebSocketManager._handle_notification_read": {"executed_lines": [], "summary": {"covered_lines": 0, "num_statements": 14, "percent_covered": 0.0, "percent_covered_display": "0", "missing_lines": 14, "excluded_lines": 0}, "missing_lines": [257, 258, 260, 261, 269, 271, 272, 281, 283, 286, 287, 296, 298, 299], "excluded_lines": []}, "NotificationWebSocketManager._handle_notification_dismissed": {"executed_lines": [], "summary": {"covered_lines": 0, "num_statements": 5, "percent_covered": 0.0, "percent_covered_display": "0", "missing_lines": 5, "excluded_lines": 0}, "missing_lines": [303, 304, 313, 315, 316], "excluded_lines": []}, "NotificationWebSocketManager.get_connection_stats": {"executed_lines": [], "summary": {"covered_lines": 0, "num_statements": 1, "percent_covered": 0.0, "percent_covered_display": "0", "missing_lines": 1, "excluded_lines": 0}, "missing_lines": [320], "excluded_lines": []}, "NotificationWebSocketManager.cleanup_stale_connections": {"executed_lines": [], "summary": {"covered_lines": 0, "num_statements": 9, "percent_covered": 0.0, "percent_covered_display": "0", "missing_lines": 9, "excluded_lines": 0}, "missing_lines": [340, 341, 343, 344, 345, 347, 348, 349, 351], "excluded_lines": []}, "": {"executed_lines": [2, 3, 4, 5, 7, 8, 10, 13, 14, 16, 18, 19, 26, 44, 61, 122, 157, 198, 216, 225, 255, 301, 318, 338, 354, 357, 360, 378], "summary": {"covered_lines": 27, "num_statements": 27, "percent_covered": 100.0, "percent_covered_display": "100", "missing_lines": 0, "excluded_lines": 0}, "missing_lines": [], "excluded_lines": []}}, "classes": {"NotificationWebSocketManager": {"executed_lines": [28, 31, 34, 42, 46, 51, 56], "summary": {"covered_lines": 7, "num_statements": 107, "percent_covered": 6.542056074766355, "percent_covered_display": "7", "missing_lines": 100, "excluded_lines": 0}, "missing_lines": [72, 73, 76, 77, 78, 80, 83, 91, 92, 95, 105, 106, 115, 116, 118, 119, 120, 130, 132, 133, 136, 137, 140, 141, 142, 144, 148, 152, 154, 155, 168, 169, 171, 172, 173, 175, 176, 177, 178, 181, 182, 184, 185, 186, 187, 190, 191, 193, 194, 196, 208, 210, 211, 212, 214, 218, 219, 220, 221, 222, 223, 227, 229, 234, 237, 238, 247, 249, 250, 252, 253, 257, 258, 260, 261, 269, 271, 272, 281, 283, 286, 287, 296, 298, 299, 303, 304, 313, 315, 316, 320, 340, 341, 343, 344, 345, 347, 348, 349, 351], "excluded_lines": []}, "": {"executed_lines": [2, 3, 4, 5, 7, 8, 10, 13, 14, 16, 18, 19, 26, 44, 61, 122, 157, 198, 216, 225, 255, 301, 318, 338, 354, 357, 360, 378], "summary": {"covered_lines": 27, "num_statements": 27, "percent_covered": 100.0, "percent_covered_display": "100", "missing_lines": 0, "excluded_lines": 0}, "missing_lines": [], "excluded_lines": []}}}}, "totals": {"covered_lines": 4726, "num_statements": 14702, "percent_covered": 32.145286355597875, "percent_covered_display": "32", "missing_lines": 9976, "excluded_lines": 0}}